{"$message_type":"diagnostic","message":"found crate `tracing_core` compiled by an incompatible version of rustc","code":{"code":"E0514","explanation":"Dependency compiled with different version of `rustc`.\n\nExample of erroneous code:\n\n`a.rs`\n```ignore (cannot-link-with-other-tests)\n// compiled with stable `rustc`\n\n#[crate_type = \"lib\"]\n```\n\n`b.rs`\n```ignore (cannot-link-with-other-tests)\n// compiled with nightly `rustc`\n\n#[crate_type = \"lib\"]\n\nextern crate a; // error: found crate `a` compiled by an incompatible version\n                //        of rustc\n```\n\nThis error is caused when the version of `rustc` used to compile a crate, as\nstored in the binary's metadata, differs from the version of one of its\ndependencies. Many parts of Rust binaries are considered unstable. For\ninstance, the Rust ABI is not stable between compiler versions. This means that\nthe compiler cannot be sure about *how* to call a function between compiler\nversions, and therefore this error occurs.\n\nThis error can be fixed by:\n * Using [Cargo](../cargo/index.html), the Rust package manager and\n   [Rustup](https://rust-lang.github.io/rustup/), the Rust toolchain installer,\n   automatically fixing this issue.\n * Recompiling the crates with a uniform `rustc` version.\n"},"level":"error","spans":[{"file_name":"/Users/nicklopacki/.cargo/registry/src/index.crates.io-6f17d22bba15001f/tracing-0.1.40/src/lib.rs","byte_start":39931,"byte_end":39943,"line_start":948,"line_end":948,"column_start":5,"column_end":17,"is_primary":true,"text":[{"text":"use tracing_core::*;","highlight_start":5,"highlight_end":17}],"label":null,"suggested_replacement":null,"suggestion_applicability":null,"expansion":null}],"children":[{"message":"the following crate versions were found:\ncrate `tracing_core` compiled by rustc 1.77.0-nightly (595bc6f00 2024-01-05): /Users/nicklopacki/Music/github-projects/xrp-dashboard/ui/target/debug/deps/libtracing_core-005a3c327570d919.rmeta","code":null,"level":"note","spans":[],"children":[],"rendered":null},{"message":"please recompile that crate using this compiler (rustc 1.77.0-nightly (ca663b06c 2024-01-08)) (consider running `cargo clean` first)","code":null,"level":"help","spans":[],"children":[],"rendered":null}],"rendered":"\u001b[0m\u001b[1m\u001b[38;5;9merror[E0514]\u001b[0m\u001b[0m\u001b[1m: found crate `tracing_core` compiled by an incompatible version of rustc\u001b[0m\n\u001b[0m   \u001b[0m\u001b[0m\u001b[1m\u001b[38;5;12m--> \u001b[0m\u001b[0m/Users/nicklopacki/.cargo/registry/src/index.crates.io-6f17d22bba15001f/tracing-0.1.40/src/lib.rs:948:5\u001b[0m\n\u001b[0m    \u001b[0m\u001b[0m\u001b[1m\u001b[38;5;12m|\u001b[0m\n\u001b[0m\u001b[1m\u001b[38;5;12m948\u001b[0m\u001b[0m \u001b[0m\u001b[0m\u001b[1m\u001b[38;5;12m|\u001b[0m\u001b[0m \u001b[0m\u001b[0muse tracing_core::*;\u001b[0m\n\u001b[0m    \u001b[0m\u001b[0m\u001b[1m\u001b[38;5;12m| \u001b[0m\u001b[0m    \u001b[0m\u001b[0m\u001b[1m\u001b[38;5;9m^^^^^^^^^^^^\u001b[0m\n\u001b[0m    \u001b[0m\u001b[0m\u001b[1m\u001b[38;5;12m|\u001b[0m\n\u001b[0m    \u001b[0m\u001b[0m\u001b[1m\u001b[38;5;12m= \u001b[0m\u001b[0m\u001b[1mnote\u001b[0m\u001b[0m: the following crate versions were found:\u001b[0m\n\u001b[0m            crate `tracing_core` compiled by rustc 1.77.0-nightly (595bc6f00 2024-01-05): /Users/nicklopacki/Music/github-projects/xrp-dashboard/ui/target/debug/deps/libtracing_core-005a3c327570d919.rmeta\u001b[0m\n\u001b[0m    \u001b[0m\u001b[0m\u001b[1m\u001b[38;5;12m= \u001b[0m\u001b[0m\u001b[1mhelp\u001b[0m\u001b[0m: please recompile that crate using this compiler (rustc 1.77.0-nightly (ca663b06c 2024-01-08)) (consider running `cargo clean` first)\u001b[0m\n\n"}
{"$message_type":"diagnostic","message":"found crate `tracing_core` compiled by an incompatible version of rustc","code":{"code":"E0514","explanation":"Dependency compiled with different version of `rustc`.\n\nExample of erroneous code:\n\n`a.rs`\n```ignore (cannot-link-with-other-tests)\n// compiled with stable `rustc`\n\n#[crate_type = \"lib\"]\n```\n\n`b.rs`\n```ignore (cannot-link-with-other-tests)\n// compiled with nightly `rustc`\n\n#[crate_type = \"lib\"]\n\nextern crate a; // error: found crate `a` compiled by an incompatible version\n                //        of rustc\n```\n\nThis error is caused when the version of `rustc` used to compile a crate, as\nstored in the binary's metadata, differs from the version of one of its\ndependencies. Many parts of Rust binaries are considered unstable. For\ninstance, the Rust ABI is not stable between compiler versions. This means that\nthe compiler cannot be sure about *how* to call a function between compiler\nversions, and therefore this error occurs.\n\nThis error can be fixed by:\n * Using [Cargo](../cargo/index.html), the Rust package manager and\n   [Rustup](https://rust-lang.github.io/rustup/), the Rust toolchain installer,\n   automatically fixing this issue.\n * Recompiling the crates with a uniform `rustc` version.\n"},"level":"error","spans":[{"file_name":"/Users/nicklopacki/.cargo/registry/src/index.crates.io-6f17d22bba15001f/tracing-0.1.40/src/dispatcher.rs","byte_start":5174,"byte_end":5186,"line_start":128,"line_end":128,"column_start":9,"column_end":21,"is_primary":true,"text":[{"text":"pub use tracing_core::dispatcher::set_default;","highlight_start":9,"highlight_end":21}],"label":null,"suggested_replacement":null,"suggestion_applicability":null,"expansion":null}],"children":[{"message":"the following crate versions were found:\ncrate `tracing_core` compiled by rustc 1.77.0-nightly (595bc6f00 2024-01-05): /Users/nicklopacki/Music/github-projects/xrp-dashboard/ui/target/debug/deps/libtracing_core-005a3c327570d919.rmeta","code":null,"level":"note","spans":[],"children":[],"rendered":null},{"message":"please recompile that crate using this compiler (rustc 1.77.0-nightly (ca663b06c 2024-01-08)) (consider running `cargo clean` first)","code":null,"level":"help","spans":[],"children":[],"rendered":null}],"rendered":"\u001b[0m\u001b[1m\u001b[38;5;9merror[E0514]\u001b[0m\u001b[0m\u001b[1m: found crate `tracing_core` compiled by an incompatible version of rustc\u001b[0m\n\u001b[0m   \u001b[0m\u001b[0m\u001b[1m\u001b[38;5;12m--> \u001b[0m\u001b[0m/Users/nicklopacki/.cargo/registry/src/index.crates.io-6f17d22bba15001f/tracing-0.1.40/src/dispatcher.rs:128:9\u001b[0m\n\u001b[0m    \u001b[0m\u001b[0m\u001b[1m\u001b[38;5;12m|\u001b[0m\n\u001b[0m\u001b[1m\u001b[38;5;12m128\u001b[0m\u001b[0m \u001b[0m\u001b[0m\u001b[1m\u001b[38;5;12m|\u001b[0m\u001b[0m \u001b[0m\u001b[0mpub use tracing_core::dispatcher::set_default;\u001b[0m\n\u001b[0m    \u001b[0m\u001b[0m\u001b[1m\u001b[38;5;12m| \u001b[0m\u001b[0m        \u001b[0m\u001b[0m\u001b[1m\u001b[38;5;9m^^^^^^^^^^^^\u001b[0m\n\u001b[0m    \u001b[0m\u001b[0m\u001b[1m\u001b[38;5;12m|\u001b[0m\n\u001b[0m    \u001b[0m\u001b[0m\u001b[1m\u001b[38;5;12m= \u001b[0m\u001b[0m\u001b[1mnote\u001b[0m\u001b[0m: the following crate versions were found:\u001b[0m\n\u001b[0m            crate `tracing_core` compiled by rustc 1.77.0-nightly (595bc6f00 2024-01-05): /Users/nicklopacki/Music/github-projects/xrp-dashboard/ui/target/debug/deps/libtracing_core-005a3c327570d919.rmeta\u001b[0m\n\u001b[0m    \u001b[0m\u001b[0m\u001b[1m\u001b[38;5;12m= \u001b[0m\u001b[0m\u001b[1mhelp\u001b[0m\u001b[0m: please recompile that crate using this compiler (rustc 1.77.0-nightly (ca663b06c 2024-01-08)) (consider running `cargo clean` first)\u001b[0m\n\n"}
{"$message_type":"diagnostic","message":"found crate `tracing_core` compiled by an incompatible version of rustc","code":{"code":"E0514","explanation":"Dependency compiled with different version of `rustc`.\n\nExample of erroneous code:\n\n`a.rs`\n```ignore (cannot-link-with-other-tests)\n// compiled with stable `rustc`\n\n#[crate_type = \"lib\"]\n```\n\n`b.rs`\n```ignore (cannot-link-with-other-tests)\n// compiled with nightly `rustc`\n\n#[crate_type = \"lib\"]\n\nextern crate a; // error: found crate `a` compiled by an incompatible version\n                //        of rustc\n```\n\nThis error is caused when the version of `rustc` used to compile a crate, as\nstored in the binary's metadata, differs from the version of one of its\ndependencies. Many parts of Rust binaries are considered unstable. For\ninstance, the Rust ABI is not stable between compiler versions. This means that\nthe compiler cannot be sure about *how* to call a function between compiler\nversions, and therefore this error occurs.\n\nThis error can be fixed by:\n * Using [Cargo](../cargo/index.html), the Rust package manager and\n   [Rustup](https://rust-lang.github.io/rustup/), the Rust toolchain installer,\n   automatically fixing this issue.\n * Recompiling the crates with a uniform `rustc` version.\n"},"level":"error","spans":[{"file_name":"/Users/nicklopacki/.cargo/registry/src/index.crates.io-6f17d22bba15001f/tracing-0.1.40/src/dispatcher.rs","byte_start":5292,"byte_end":5304,"line_start":131,"line_end":131,"column_start":9,"column_end":21,"is_primary":true,"text":[{"text":"pub use tracing_core::dispatcher::with_default;","highlight_start":9,"highlight_end":21}],"label":null,"suggested_replacement":null,"suggestion_applicability":null,"expansion":null}],"children":[{"message":"the following crate versions were found:\ncrate `tracing_core` compiled by rustc 1.77.0-nightly (595bc6f00 2024-01-05): /Users/nicklopacki/Music/github-projects/xrp-dashboard/ui/target/debug/deps/libtracing_core-005a3c327570d919.rmeta","code":null,"level":"note","spans":[],"children":[],"rendered":null},{"message":"please recompile that crate using this compiler (rustc 1.77.0-nightly (ca663b06c 2024-01-08)) (consider running `cargo clean` first)","code":null,"level":"help","spans":[],"children":[],"rendered":null}],"rendered":"\u001b[0m\u001b[1m\u001b[38;5;9merror[E0514]\u001b[0m\u001b[0m\u001b[1m: found crate `tracing_core` compiled by an incompatible version of rustc\u001b[0m\n\u001b[0m   \u001b[0m\u001b[0m\u001b[1m\u001b[38;5;12m--> \u001b[0m\u001b[0m/Users/nicklopacki/.cargo/registry/src/index.crates.io-6f17d22bba15001f/tracing-0.1.40/src/dispatcher.rs:131:9\u001b[0m\n\u001b[0m    \u001b[0m\u001b[0m\u001b[1m\u001b[38;5;12m|\u001b[0m\n\u001b[0m\u001b[1m\u001b[38;5;12m131\u001b[0m\u001b[0m \u001b[0m\u001b[0m\u001b[1m\u001b[38;5;12m|\u001b[0m\u001b[0m \u001b[0m\u001b[0mpub use tracing_core::dispatcher::with_default;\u001b[0m\n\u001b[0m    \u001b[0m\u001b[0m\u001b[1m\u001b[38;5;12m| \u001b[0m\u001b[0m        \u001b[0m\u001b[0m\u001b[1m\u001b[38;5;9m^^^^^^^^^^^^\u001b[0m\n\u001b[0m    \u001b[0m\u001b[0m\u001b[1m\u001b[38;5;12m|\u001b[0m\n\u001b[0m    \u001b[0m\u001b[0m\u001b[1m\u001b[38;5;12m= \u001b[0m\u001b[0m\u001b[1mnote\u001b[0m\u001b[0m: the following crate versions were found:\u001b[0m\n\u001b[0m            crate `tracing_core` compiled by rustc 1.77.0-nightly (595bc6f00 2024-01-05): /Users/nicklopacki/Music/github-projects/xrp-dashboard/ui/target/debug/deps/libtracing_core-005a3c327570d919.rmeta\u001b[0m\n\u001b[0m    \u001b[0m\u001b[0m\u001b[1m\u001b[38;5;12m= \u001b[0m\u001b[0m\u001b[1mhelp\u001b[0m\u001b[0m: please recompile that crate using this compiler (rustc 1.77.0-nightly (ca663b06c 2024-01-08)) (consider running `cargo clean` first)\u001b[0m\n\n"}
{"$message_type":"diagnostic","message":"found crate `tracing_core` compiled by an incompatible version of rustc","code":{"code":"E0514","explanation":"Dependency compiled with different version of `rustc`.\n\nExample of erroneous code:\n\n`a.rs`\n```ignore (cannot-link-with-other-tests)\n// compiled with stable `rustc`\n\n#[crate_type = \"lib\"]\n```\n\n`b.rs`\n```ignore (cannot-link-with-other-tests)\n// compiled with nightly `rustc`\n\n#[crate_type = \"lib\"]\n\nextern crate a; // error: found crate `a` compiled by an incompatible version\n                //        of rustc\n```\n\nThis error is caused when the version of `rustc` used to compile a crate, as\nstored in the binary's metadata, differs from the version of one of its\ndependencies. Many parts of Rust binaries are considered unstable. For\ninstance, the Rust ABI is not stable between compiler versions. This means that\nthe compiler cannot be sure about *how* to call a function between compiler\nversions, and therefore this error occurs.\n\nThis error can be fixed by:\n * Using [Cargo](../cargo/index.html), the Rust package manager and\n   [Rustup](https://rust-lang.github.io/rustup/), the Rust toolchain installer,\n   automatically fixing this issue.\n * Recompiling the crates with a uniform `rustc` version.\n"},"level":"error","spans":[{"file_name":"/Users/nicklopacki/.cargo/registry/src/index.crates.io-6f17d22bba15001f/tracing-0.1.40/src/dispatcher.rs","byte_start":5411,"byte_end":5423,"line_start":134,"line_end":134,"column_start":9,"column_end":21,"is_primary":true,"text":[{"text":"pub use tracing_core::dispatcher::DefaultGuard;","highlight_start":9,"highlight_end":21}],"label":null,"suggested_replacement":null,"suggestion_applicability":null,"expansion":null}],"children":[{"message":"the following crate versions were found:\ncrate `tracing_core` compiled by rustc 1.77.0-nightly (595bc6f00 2024-01-05): /Users/nicklopacki/Music/github-projects/xrp-dashboard/ui/target/debug/deps/libtracing_core-005a3c327570d919.rmeta","code":null,"level":"note","spans":[],"children":[],"rendered":null},{"message":"please recompile that crate using this compiler (rustc 1.77.0-nightly (ca663b06c 2024-01-08)) (consider running `cargo clean` first)","code":null,"level":"help","spans":[],"children":[],"rendered":null}],"rendered":"\u001b[0m\u001b[1m\u001b[38;5;9merror[E0514]\u001b[0m\u001b[0m\u001b[1m: found crate `tracing_core` compiled by an incompatible version of rustc\u001b[0m\n\u001b[0m   \u001b[0m\u001b[0m\u001b[1m\u001b[38;5;12m--> \u001b[0m\u001b[0m/Users/nicklopacki/.cargo/registry/src/index.crates.io-6f17d22bba15001f/tracing-0.1.40/src/dispatcher.rs:134:9\u001b[0m\n\u001b[0m    \u001b[0m\u001b[0m\u001b[1m\u001b[38;5;12m|\u001b[0m\n\u001b[0m\u001b[1m\u001b[38;5;12m134\u001b[0m\u001b[0m \u001b[0m\u001b[0m\u001b[1m\u001b[38;5;12m|\u001b[0m\u001b[0m \u001b[0m\u001b[0mpub use tracing_core::dispatcher::DefaultGuard;\u001b[0m\n\u001b[0m    \u001b[0m\u001b[0m\u001b[1m\u001b[38;5;12m| \u001b[0m\u001b[0m        \u001b[0m\u001b[0m\u001b[1m\u001b[38;5;9m^^^^^^^^^^^^\u001b[0m\n\u001b[0m    \u001b[0m\u001b[0m\u001b[1m\u001b[38;5;12m|\u001b[0m\n\u001b[0m    \u001b[0m\u001b[0m\u001b[1m\u001b[38;5;12m= \u001b[0m\u001b[0m\u001b[1mnote\u001b[0m\u001b[0m: the following crate versions were found:\u001b[0m\n\u001b[0m            crate `tracing_core` compiled by rustc 1.77.0-nightly (595bc6f00 2024-01-05): /Users/nicklopacki/Music/github-projects/xrp-dashboard/ui/target/debug/deps/libtracing_core-005a3c327570d919.rmeta\u001b[0m\n\u001b[0m    \u001b[0m\u001b[0m\u001b[1m\u001b[38;5;12m= \u001b[0m\u001b[0m\u001b[1mhelp\u001b[0m\u001b[0m: please recompile that crate using this compiler (rustc 1.77.0-nightly (ca663b06c 2024-01-08)) (consider running `cargo clean` first)\u001b[0m\n\n"}
{"$message_type":"diagnostic","message":"found crate `tracing_core` compiled by an incompatible version of rustc","code":{"code":"E0514","explanation":"Dependency compiled with different version of `rustc`.\n\nExample of erroneous code:\n\n`a.rs`\n```ignore (cannot-link-with-other-tests)\n// compiled with stable `rustc`\n\n#[crate_type = \"lib\"]\n```\n\n`b.rs`\n```ignore (cannot-link-with-other-tests)\n// compiled with nightly `rustc`\n\n#[crate_type = \"lib\"]\n\nextern crate a; // error: found crate `a` compiled by an incompatible version\n                //        of rustc\n```\n\nThis error is caused when the version of `rustc` used to compile a crate, as\nstored in the binary's metadata, differs from the version of one of its\ndependencies. Many parts of Rust binaries are considered unstable. For\ninstance, the Rust ABI is not stable between compiler versions. This means that\nthe compiler cannot be sure about *how* to call a function between compiler\nversions, and therefore this error occurs.\n\nThis error can be fixed by:\n * Using [Cargo](../cargo/index.html), the Rust package manager and\n   [Rustup](https://rust-lang.github.io/rustup/), the Rust toolchain installer,\n   automatically fixing this issue.\n * Recompiling the crates with a uniform `rustc` version.\n"},"level":"error","spans":[{"file_name":"/Users/nicklopacki/.cargo/registry/src/index.crates.io-6f17d22bba15001f/tracing-0.1.40/src/dispatcher.rs","byte_start":5459,"byte_end":5471,"line_start":135,"line_end":135,"column_start":9,"column_end":21,"is_primary":true,"text":[{"text":"pub use tracing_core::dispatcher::{","highlight_start":9,"highlight_end":21}],"label":null,"suggested_replacement":null,"suggestion_applicability":null,"expansion":null}],"children":[{"message":"the following crate versions were found:\ncrate `tracing_core` compiled by rustc 1.77.0-nightly (595bc6f00 2024-01-05): /Users/nicklopacki/Music/github-projects/xrp-dashboard/ui/target/debug/deps/libtracing_core-005a3c327570d919.rmeta","code":null,"level":"note","spans":[],"children":[],"rendered":null},{"message":"please recompile that crate using this compiler (rustc 1.77.0-nightly (ca663b06c 2024-01-08)) (consider running `cargo clean` first)","code":null,"level":"help","spans":[],"children":[],"rendered":null}],"rendered":"\u001b[0m\u001b[1m\u001b[38;5;9merror[E0514]\u001b[0m\u001b[0m\u001b[1m: found crate `tracing_core` compiled by an incompatible version of rustc\u001b[0m\n\u001b[0m   \u001b[0m\u001b[0m\u001b[1m\u001b[38;5;12m--> \u001b[0m\u001b[0m/Users/nicklopacki/.cargo/registry/src/index.crates.io-6f17d22bba15001f/tracing-0.1.40/src/dispatcher.rs:135:9\u001b[0m\n\u001b[0m    \u001b[0m\u001b[0m\u001b[1m\u001b[38;5;12m|\u001b[0m\n\u001b[0m\u001b[1m\u001b[38;5;12m135\u001b[0m\u001b[0m \u001b[0m\u001b[0m\u001b[1m\u001b[38;5;12m|\u001b[0m\u001b[0m \u001b[0m\u001b[0mpub use tracing_core::dispatcher::{\u001b[0m\n\u001b[0m    \u001b[0m\u001b[0m\u001b[1m\u001b[38;5;12m| \u001b[0m\u001b[0m        \u001b[0m\u001b[0m\u001b[1m\u001b[38;5;9m^^^^^^^^^^^^\u001b[0m\n\u001b[0m    \u001b[0m\u001b[0m\u001b[1m\u001b[38;5;12m|\u001b[0m\n\u001b[0m    \u001b[0m\u001b[0m\u001b[1m\u001b[38;5;12m= \u001b[0m\u001b[0m\u001b[1mnote\u001b[0m\u001b[0m: the following crate versions were found:\u001b[0m\n\u001b[0m            crate `tracing_core` compiled by rustc 1.77.0-nightly (595bc6f00 2024-01-05): /Users/nicklopacki/Music/github-projects/xrp-dashboard/ui/target/debug/deps/libtracing_core-005a3c327570d919.rmeta\u001b[0m\n\u001b[0m    \u001b[0m\u001b[0m\u001b[1m\u001b[38;5;12m= \u001b[0m\u001b[0m\u001b[1mhelp\u001b[0m\u001b[0m: please recompile that crate using this compiler (rustc 1.77.0-nightly (ca663b06c 2024-01-08)) (consider running `cargo clean` first)\u001b[0m\n\n"}
{"$message_type":"diagnostic","message":"found crate `tracing_core` compiled by an incompatible version of rustc","code":{"code":"E0514","explanation":"Dependency compiled with different version of `rustc`.\n\nExample of erroneous code:\n\n`a.rs`\n```ignore (cannot-link-with-other-tests)\n// compiled with stable `rustc`\n\n#[crate_type = \"lib\"]\n```\n\n`b.rs`\n```ignore (cannot-link-with-other-tests)\n// compiled with nightly `rustc`\n\n#[crate_type = \"lib\"]\n\nextern crate a; // error: found crate `a` compiled by an incompatible version\n                //        of rustc\n```\n\nThis error is caused when the version of `rustc` used to compile a crate, as\nstored in the binary's metadata, differs from the version of one of its\ndependencies. Many parts of Rust binaries are considered unstable. For\ninstance, the Rust ABI is not stable between compiler versions. This means that\nthe compiler cannot be sure about *how* to call a function between compiler\nversions, and therefore this error occurs.\n\nThis error can be fixed by:\n * Using [Cargo](../cargo/index.html), the Rust package manager and\n   [Rustup](https://rust-lang.github.io/rustup/), the Rust toolchain installer,\n   automatically fixing this issue.\n * Recompiling the crates with a uniform `rustc` version.\n"},"level":"error","spans":[{"file_name":"/Users/nicklopacki/.cargo/registry/src/index.crates.io-6f17d22bba15001f/tracing-0.1.40/src/dispatcher.rs","byte_start":5851,"byte_end":5863,"line_start":145,"line_end":145,"column_start":9,"column_end":21,"is_primary":true,"text":[{"text":"pub use tracing_core::dispatcher::has_been_set;","highlight_start":9,"highlight_end":21}],"label":null,"suggested_replacement":null,"suggestion_applicability":null,"expansion":null}],"children":[{"message":"the following crate versions were found:\ncrate `tracing_core` compiled by rustc 1.77.0-nightly (595bc6f00 2024-01-05): /Users/nicklopacki/Music/github-projects/xrp-dashboard/ui/target/debug/deps/libtracing_core-005a3c327570d919.rmeta","code":null,"level":"note","spans":[],"children":[],"rendered":null},{"message":"please recompile that crate using this compiler (rustc 1.77.0-nightly (ca663b06c 2024-01-08)) (consider running `cargo clean` first)","code":null,"level":"help","spans":[],"children":[],"rendered":null}],"rendered":"\u001b[0m\u001b[1m\u001b[38;5;9merror[E0514]\u001b[0m\u001b[0m\u001b[1m: found crate `tracing_core` compiled by an incompatible version of rustc\u001b[0m\n\u001b[0m   \u001b[0m\u001b[0m\u001b[1m\u001b[38;5;12m--> \u001b[0m\u001b[0m/Users/nicklopacki/.cargo/registry/src/index.crates.io-6f17d22bba15001f/tracing-0.1.40/src/dispatcher.rs:145:9\u001b[0m\n\u001b[0m    \u001b[0m\u001b[0m\u001b[1m\u001b[38;5;12m|\u001b[0m\n\u001b[0m\u001b[1m\u001b[38;5;12m145\u001b[0m\u001b[0m \u001b[0m\u001b[0m\u001b[1m\u001b[38;5;12m|\u001b[0m\u001b[0m \u001b[0m\u001b[0mpub use tracing_core::dispatcher::has_been_set;\u001b[0m\n\u001b[0m    \u001b[0m\u001b[0m\u001b[1m\u001b[38;5;12m| \u001b[0m\u001b[0m        \u001b[0m\u001b[0m\u001b[1m\u001b[38;5;9m^^^^^^^^^^^^\u001b[0m\n\u001b[0m    \u001b[0m\u001b[0m\u001b[1m\u001b[38;5;12m|\u001b[0m\n\u001b[0m    \u001b[0m\u001b[0m\u001b[1m\u001b[38;5;12m= \u001b[0m\u001b[0m\u001b[1mnote\u001b[0m\u001b[0m: the following crate versions were found:\u001b[0m\n\u001b[0m            crate `tracing_core` compiled by rustc 1.77.0-nightly (595bc6f00 2024-01-05): /Users/nicklopacki/Music/github-projects/xrp-dashboard/ui/target/debug/deps/libtracing_core-005a3c327570d919.rmeta\u001b[0m\n\u001b[0m    \u001b[0m\u001b[0m\u001b[1m\u001b[38;5;12m= \u001b[0m\u001b[0m\u001b[1mhelp\u001b[0m\u001b[0m: please recompile that crate using this compiler (rustc 1.77.0-nightly (ca663b06c 2024-01-08)) (consider running `cargo clean` first)\u001b[0m\n\n"}
{"$message_type":"diagnostic","message":"found crate `tracing_core` compiled by an incompatible version of rustc","code":{"code":"E0514","explanation":"Dependency compiled with different version of `rustc`.\n\nExample of erroneous code:\n\n`a.rs`\n```ignore (cannot-link-with-other-tests)\n// compiled with stable `rustc`\n\n#[crate_type = \"lib\"]\n```\n\n`b.rs`\n```ignore (cannot-link-with-other-tests)\n// compiled with nightly `rustc`\n\n#[crate_type = \"lib\"]\n\nextern crate a; // error: found crate `a` compiled by an incompatible version\n                //        of rustc\n```\n\nThis error is caused when the version of `rustc` used to compile a crate, as\nstored in the binary's metadata, differs from the version of one of its\ndependencies. Many parts of Rust binaries are considered unstable. For\ninstance, the Rust ABI is not stable between compiler versions. This means that\nthe compiler cannot be sure about *how* to call a function between compiler\nversions, and therefore this error occurs.\n\nThis error can be fixed by:\n * Using [Cargo](../cargo/index.html), the Rust package manager and\n   [Rustup](https://rust-lang.github.io/rustup/), the Rust toolchain installer,\n   automatically fixing this issue.\n * Recompiling the crates with a uniform `rustc` version.\n"},"level":"error","spans":[{"file_name":"/Users/nicklopacki/.cargo/registry/src/index.crates.io-6f17d22bba15001f/tracing-0.1.40/src/field.rs","byte_start":5138,"byte_end":5150,"line_start":114,"line_end":114,"column_start":9,"column_end":21,"is_primary":true,"text":[{"text":"pub use tracing_core::field::*;","highlight_start":9,"highlight_end":21}],"label":null,"suggested_replacement":null,"suggestion_applicability":null,"expansion":null}],"children":[{"message":"the following crate versions were found:\ncrate `tracing_core` compiled by rustc 1.77.0-nightly (595bc6f00 2024-01-05): /Users/nicklopacki/Music/github-projects/xrp-dashboard/ui/target/debug/deps/libtracing_core-005a3c327570d919.rmeta","code":null,"level":"note","spans":[],"children":[],"rendered":null},{"message":"please recompile that crate using this compiler (rustc 1.77.0-nightly (ca663b06c 2024-01-08)) (consider running `cargo clean` first)","code":null,"level":"help","spans":[],"children":[],"rendered":null}],"rendered":"\u001b[0m\u001b[1m\u001b[38;5;9merror[E0514]\u001b[0m\u001b[0m\u001b[1m: found crate `tracing_core` compiled by an incompatible version of rustc\u001b[0m\n\u001b[0m   \u001b[0m\u001b[0m\u001b[1m\u001b[38;5;12m--> \u001b[0m\u001b[0m/Users/nicklopacki/.cargo/registry/src/index.crates.io-6f17d22bba15001f/tracing-0.1.40/src/field.rs:114:9\u001b[0m\n\u001b[0m    \u001b[0m\u001b[0m\u001b[1m\u001b[38;5;12m|\u001b[0m\n\u001b[0m\u001b[1m\u001b[38;5;12m114\u001b[0m\u001b[0m \u001b[0m\u001b[0m\u001b[1m\u001b[38;5;12m|\u001b[0m\u001b[0m \u001b[0m\u001b[0mpub use tracing_core::field::*;\u001b[0m\n\u001b[0m    \u001b[0m\u001b[0m\u001b[1m\u001b[38;5;12m| \u001b[0m\u001b[0m        \u001b[0m\u001b[0m\u001b[1m\u001b[38;5;9m^^^^^^^^^^^^\u001b[0m\n\u001b[0m    \u001b[0m\u001b[0m\u001b[1m\u001b[38;5;12m|\u001b[0m\n\u001b[0m    \u001b[0m\u001b[0m\u001b[1m\u001b[38;5;12m= \u001b[0m\u001b[0m\u001b[1mnote\u001b[0m\u001b[0m: the following crate versions were found:\u001b[0m\n\u001b[0m            crate `tracing_core` compiled by rustc 1.77.0-nightly (595bc6f00 2024-01-05): /Users/nicklopacki/Music/github-projects/xrp-dashboard/ui/target/debug/deps/libtracing_core-005a3c327570d919.rmeta\u001b[0m\n\u001b[0m    \u001b[0m\u001b[0m\u001b[1m\u001b[38;5;12m= \u001b[0m\u001b[0m\u001b[1mhelp\u001b[0m\u001b[0m: please recompile that crate using this compiler (rustc 1.77.0-nightly (ca663b06c 2024-01-08)) (consider running `cargo clean` first)\u001b[0m\n\n"}
{"$message_type":"diagnostic","message":"found crate `tracing_core` compiled by an incompatible version of rustc","code":{"code":"E0514","explanation":"Dependency compiled with different version of `rustc`.\n\nExample of erroneous code:\n\n`a.rs`\n```ignore (cannot-link-with-other-tests)\n// compiled with stable `rustc`\n\n#[crate_type = \"lib\"]\n```\n\n`b.rs`\n```ignore (cannot-link-with-other-tests)\n// compiled with nightly `rustc`\n\n#[crate_type = \"lib\"]\n\nextern crate a; // error: found crate `a` compiled by an incompatible version\n                //        of rustc\n```\n\nThis error is caused when the version of `rustc` used to compile a crate, as\nstored in the binary's metadata, differs from the version of one of its\ndependencies. Many parts of Rust binaries are considered unstable. For\ninstance, the Rust ABI is not stable between compiler versions. This means that\nthe compiler cannot be sure about *how* to call a function between compiler\nversions, and therefore this error occurs.\n\nThis error can be fixed by:\n * Using [Cargo](../cargo/index.html), the Rust package manager and\n   [Rustup](https://rust-lang.github.io/rustup/), the Rust toolchain installer,\n   automatically fixing this issue.\n * Recompiling the crates with a uniform `rustc` version.\n"},"level":"error","spans":[{"file_name":"/Users/nicklopacki/.cargo/registry/src/index.crates.io-6f17d22bba15001f/tracing-0.1.40/src/level_filters.rs","byte_start":2287,"byte_end":2299,"line_start":53,"line_end":53,"column_start":9,"column_end":21,"is_primary":true,"text":[{"text":"pub use tracing_core::{metadata::ParseLevelFilterError, LevelFilter};","highlight_start":9,"highlight_end":21}],"label":null,"suggested_replacement":null,"suggestion_applicability":null,"expansion":null}],"children":[{"message":"the following crate versions were found:\ncrate `tracing_core` compiled by rustc 1.77.0-nightly (595bc6f00 2024-01-05): /Users/nicklopacki/Music/github-projects/xrp-dashboard/ui/target/debug/deps/libtracing_core-005a3c327570d919.rmeta","code":null,"level":"note","spans":[],"children":[],"rendered":null},{"message":"please recompile that crate using this compiler (rustc 1.77.0-nightly (ca663b06c 2024-01-08)) (consider running `cargo clean` first)","code":null,"level":"help","spans":[],"children":[],"rendered":null}],"rendered":"\u001b[0m\u001b[1m\u001b[38;5;9merror[E0514]\u001b[0m\u001b[0m\u001b[1m: found crate `tracing_core` compiled by an incompatible version of rustc\u001b[0m\n\u001b[0m  \u001b[0m\u001b[0m\u001b[1m\u001b[38;5;12m--> \u001b[0m\u001b[0m/Users/nicklopacki/.cargo/registry/src/index.crates.io-6f17d22bba15001f/tracing-0.1.40/src/level_filters.rs:53:9\u001b[0m\n\u001b[0m   \u001b[0m\u001b[0m\u001b[1m\u001b[38;5;12m|\u001b[0m\n\u001b[0m\u001b[1m\u001b[38;5;12m53\u001b[0m\u001b[0m \u001b[0m\u001b[0m\u001b[1m\u001b[38;5;12m|\u001b[0m\u001b[0m \u001b[0m\u001b[0mpub use tracing_core::{metadata::ParseLevelFilterError, LevelFilter};\u001b[0m\n\u001b[0m   \u001b[0m\u001b[0m\u001b[1m\u001b[38;5;12m| \u001b[0m\u001b[0m        \u001b[0m\u001b[0m\u001b[1m\u001b[38;5;9m^^^^^^^^^^^^\u001b[0m\n\u001b[0m   \u001b[0m\u001b[0m\u001b[1m\u001b[38;5;12m|\u001b[0m\n\u001b[0m   \u001b[0m\u001b[0m\u001b[1m\u001b[38;5;12m= \u001b[0m\u001b[0m\u001b[1mnote\u001b[0m\u001b[0m: the following crate versions were found:\u001b[0m\n\u001b[0m           crate `tracing_core` compiled by rustc 1.77.0-nightly (595bc6f00 2024-01-05): /Users/nicklopacki/Music/github-projects/xrp-dashboard/ui/target/debug/deps/libtracing_core-005a3c327570d919.rmeta\u001b[0m\n\u001b[0m   \u001b[0m\u001b[0m\u001b[1m\u001b[38;5;12m= \u001b[0m\u001b[0m\u001b[1mhelp\u001b[0m\u001b[0m: please recompile that crate using this compiler (rustc 1.77.0-nightly (ca663b06c 2024-01-08)) (consider running `cargo clean` first)\u001b[0m\n\n"}
{"$message_type":"diagnostic","message":"found crate `tracing_core` compiled by an incompatible version of rustc","code":{"code":"E0514","explanation":"Dependency compiled with different version of `rustc`.\n\nExample of erroneous code:\n\n`a.rs`\n```ignore (cannot-link-with-other-tests)\n// compiled with stable `rustc`\n\n#[crate_type = \"lib\"]\n```\n\n`b.rs`\n```ignore (cannot-link-with-other-tests)\n// compiled with nightly `rustc`\n\n#[crate_type = \"lib\"]\n\nextern crate a; // error: found crate `a` compiled by an incompatible version\n                //        of rustc\n```\n\nThis error is caused when the version of `rustc` used to compile a crate, as\nstored in the binary's metadata, differs from the version of one of its\ndependencies. Many parts of Rust binaries are considered unstable. For\ninstance, the Rust ABI is not stable between compiler versions. This means that\nthe compiler cannot be sure about *how* to call a function between compiler\nversions, and therefore this error occurs.\n\nThis error can be fixed by:\n * Using [Cargo](../cargo/index.html), the Rust package manager and\n   [Rustup](https://rust-lang.github.io/rustup/), the Rust toolchain installer,\n   automatically fixing this issue.\n * Recompiling the crates with a uniform `rustc` version.\n"},"level":"error","spans":[{"file_name":"/Users/nicklopacki/.cargo/registry/src/index.crates.io-6f17d22bba15001f/tracing-0.1.40/src/subscriber.rs","byte_start":45,"byte_end":57,"line_start":2,"line_end":2,"column_start":9,"column_end":21,"is_primary":true,"text":[{"text":"pub use tracing_core::subscriber::*;","highlight_start":9,"highlight_end":21}],"label":null,"suggested_replacement":null,"suggestion_applicability":null,"expansion":null}],"children":[{"message":"the following crate versions were found:\ncrate `tracing_core` compiled by rustc 1.77.0-nightly (595bc6f00 2024-01-05): /Users/nicklopacki/Music/github-projects/xrp-dashboard/ui/target/debug/deps/libtracing_core-005a3c327570d919.rmeta","code":null,"level":"note","spans":[],"children":[],"rendered":null},{"message":"please recompile that crate using this compiler (rustc 1.77.0-nightly (ca663b06c 2024-01-08)) (consider running `cargo clean` first)","code":null,"level":"help","spans":[],"children":[],"rendered":null}],"rendered":"\u001b[0m\u001b[1m\u001b[38;5;9merror[E0514]\u001b[0m\u001b[0m\u001b[1m: found crate `tracing_core` compiled by an incompatible version of rustc\u001b[0m\n\u001b[0m \u001b[0m\u001b[0m\u001b[1m\u001b[38;5;12m--> \u001b[0m\u001b[0m/Users/nicklopacki/.cargo/registry/src/index.crates.io-6f17d22bba15001f/tracing-0.1.40/src/subscriber.rs:2:9\u001b[0m\n\u001b[0m  \u001b[0m\u001b[0m\u001b[1m\u001b[38;5;12m|\u001b[0m\n\u001b[0m\u001b[1m\u001b[38;5;12m2\u001b[0m\u001b[0m \u001b[0m\u001b[0m\u001b[1m\u001b[38;5;12m|\u001b[0m\u001b[0m \u001b[0m\u001b[0mpub use tracing_core::subscriber::*;\u001b[0m\n\u001b[0m  \u001b[0m\u001b[0m\u001b[1m\u001b[38;5;12m| \u001b[0m\u001b[0m        \u001b[0m\u001b[0m\u001b[1m\u001b[38;5;9m^^^^^^^^^^^^\u001b[0m\n\u001b[0m  \u001b[0m\u001b[0m\u001b[1m\u001b[38;5;12m|\u001b[0m\n\u001b[0m  \u001b[0m\u001b[0m\u001b[1m\u001b[38;5;12m= \u001b[0m\u001b[0m\u001b[1mnote\u001b[0m\u001b[0m: the following crate versions were found:\u001b[0m\n\u001b[0m          crate `tracing_core` compiled by rustc 1.77.0-nightly (595bc6f00 2024-01-05): /Users/nicklopacki/Music/github-projects/xrp-dashboard/ui/target/debug/deps/libtracing_core-005a3c327570d919.rmeta\u001b[0m\n\u001b[0m  \u001b[0m\u001b[0m\u001b[1m\u001b[38;5;12m= \u001b[0m\u001b[0m\u001b[1mhelp\u001b[0m\u001b[0m: please recompile that crate using this compiler (rustc 1.77.0-nightly (ca663b06c 2024-01-08)) (consider running `cargo clean` first)\u001b[0m\n\n"}
{"$message_type":"diagnostic","message":"found crate `tracing_core` compiled by an incompatible version of rustc","code":{"code":"E0514","explanation":"Dependency compiled with different version of `rustc`.\n\nExample of erroneous code:\n\n`a.rs`\n```ignore (cannot-link-with-other-tests)\n// compiled with stable `rustc`\n\n#[crate_type = \"lib\"]\n```\n\n`b.rs`\n```ignore (cannot-link-with-other-tests)\n// compiled with nightly `rustc`\n\n#[crate_type = \"lib\"]\n\nextern crate a; // error: found crate `a` compiled by an incompatible version\n                //        of rustc\n```\n\nThis error is caused when the version of `rustc` used to compile a crate, as\nstored in the binary's metadata, differs from the version of one of its\ndependencies. Many parts of Rust binaries are considered unstable. For\ninstance, the Rust ABI is not stable between compiler versions. This means that\nthe compiler cannot be sure about *how* to call a function between compiler\nversions, and therefore this error occurs.\n\nThis error can be fixed by:\n * Using [Cargo](../cargo/index.html), the Rust package manager and\n   [Rustup](https://rust-lang.github.io/rustup/), the Rust toolchain installer,\n   automatically fixing this issue.\n * Recompiling the crates with a uniform `rustc` version.\n"},"level":"error","spans":[{"file_name":"/Users/nicklopacki/.cargo/registry/src/index.crates.io-6f17d22bba15001f/tracing-0.1.40/src/lib.rs","byte_start":41292,"byte_end":41304,"line_start":997,"line_end":997,"column_start":13,"column_end":25,"is_primary":true,"text":[{"text":"    pub use tracing_core::callsite::DefaultCallsite as MacroCallsite;","highlight_start":13,"highlight_end":25}],"label":null,"suggested_replacement":null,"suggestion_applicability":null,"expansion":null}],"children":[{"message":"the following crate versions were found:\ncrate `tracing_core` compiled by rustc 1.77.0-nightly (595bc6f00 2024-01-05): /Users/nicklopacki/Music/github-projects/xrp-dashboard/ui/target/debug/deps/libtracing_core-005a3c327570d919.rmeta","code":null,"level":"note","spans":[],"children":[],"rendered":null},{"message":"please recompile that crate using this compiler (rustc 1.77.0-nightly (ca663b06c 2024-01-08)) (consider running `cargo clean` first)","code":null,"level":"help","spans":[],"children":[],"rendered":null}],"rendered":"\u001b[0m\u001b[1m\u001b[38;5;9merror[E0514]\u001b[0m\u001b[0m\u001b[1m: found crate `tracing_core` compiled by an incompatible version of rustc\u001b[0m\n\u001b[0m   \u001b[0m\u001b[0m\u001b[1m\u001b[38;5;12m--> \u001b[0m\u001b[0m/Users/nicklopacki/.cargo/registry/src/index.crates.io-6f17d22bba15001f/tracing-0.1.40/src/lib.rs:997:13\u001b[0m\n\u001b[0m    \u001b[0m\u001b[0m\u001b[1m\u001b[38;5;12m|\u001b[0m\n\u001b[0m\u001b[1m\u001b[38;5;12m997\u001b[0m\u001b[0m \u001b[0m\u001b[0m\u001b[1m\u001b[38;5;12m|\u001b[0m\u001b[0m \u001b[0m\u001b[0m    pub use tracing_core::callsite::DefaultCallsite as MacroCallsite;\u001b[0m\n\u001b[0m    \u001b[0m\u001b[0m\u001b[1m\u001b[38;5;12m| \u001b[0m\u001b[0m            \u001b[0m\u001b[0m\u001b[1m\u001b[38;5;9m^^^^^^^^^^^^\u001b[0m\n\u001b[0m    \u001b[0m\u001b[0m\u001b[1m\u001b[38;5;12m|\u001b[0m\n\u001b[0m    \u001b[0m\u001b[0m\u001b[1m\u001b[38;5;12m= \u001b[0m\u001b[0m\u001b[1mnote\u001b[0m\u001b[0m: the following crate versions were found:\u001b[0m\n\u001b[0m            crate `tracing_core` compiled by rustc 1.77.0-nightly (595bc6f00 2024-01-05): /Users/nicklopacki/Music/github-projects/xrp-dashboard/ui/target/debug/deps/libtracing_core-005a3c327570d919.rmeta\u001b[0m\n\u001b[0m    \u001b[0m\u001b[0m\u001b[1m\u001b[38;5;12m= \u001b[0m\u001b[0m\u001b[1mhelp\u001b[0m\u001b[0m: please recompile that crate using this compiler (rustc 1.77.0-nightly (ca663b06c 2024-01-08)) (consider running `cargo clean` first)\u001b[0m\n\n"}
{"$message_type":"diagnostic","message":"found crate `tracing_core` compiled by an incompatible version of rustc","code":{"code":"E0514","explanation":"Dependency compiled with different version of `rustc`.\n\nExample of erroneous code:\n\n`a.rs`\n```ignore (cannot-link-with-other-tests)\n// compiled with stable `rustc`\n\n#[crate_type = \"lib\"]\n```\n\n`b.rs`\n```ignore (cannot-link-with-other-tests)\n// compiled with nightly `rustc`\n\n#[crate_type = \"lib\"]\n\nextern crate a; // error: found crate `a` compiled by an incompatible version\n                //        of rustc\n```\n\nThis error is caused when the version of `rustc` used to compile a crate, as\nstored in the binary's metadata, differs from the version of one of its\ndependencies. Many parts of Rust binaries are considered unstable. For\ninstance, the Rust ABI is not stable between compiler versions. This means that\nthe compiler cannot be sure about *how* to call a function between compiler\nversions, and therefore this error occurs.\n\nThis error can be fixed by:\n * Using [Cargo](../cargo/index.html), the Rust package manager and\n   [Rustup](https://rust-lang.github.io/rustup/), the Rust toolchain installer,\n   automatically fixing this issue.\n * Recompiling the crates with a uniform `rustc` version.\n"},"level":"error","spans":[{"file_name":"/Users/nicklopacki/.cargo/registry/src/index.crates.io-6f17d22bba15001f/tracing-0.1.40/src/span.rs","byte_start":13209,"byte_end":13221,"line_start":320,"line_end":320,"column_start":9,"column_end":21,"is_primary":true,"text":[{"text":"pub use tracing_core::span::{Attributes, Id, Record};","highlight_start":9,"highlight_end":21}],"label":null,"suggested_replacement":null,"suggestion_applicability":null,"expansion":null}],"children":[{"message":"the following crate versions were found:\ncrate `tracing_core` compiled by rustc 1.77.0-nightly (595bc6f00 2024-01-05): /Users/nicklopacki/Music/github-projects/xrp-dashboard/ui/target/debug/deps/libtracing_core-005a3c327570d919.rmeta","code":null,"level":"note","spans":[],"children":[],"rendered":null},{"message":"please recompile that crate using this compiler (rustc 1.77.0-nightly (ca663b06c 2024-01-08)) (consider running `cargo clean` first)","code":null,"level":"help","spans":[],"children":[],"rendered":null}],"rendered":"\u001b[0m\u001b[1m\u001b[38;5;9merror[E0514]\u001b[0m\u001b[0m\u001b[1m: found crate `tracing_core` compiled by an incompatible version of rustc\u001b[0m\n\u001b[0m   \u001b[0m\u001b[0m\u001b[1m\u001b[38;5;12m--> \u001b[0m\u001b[0m/Users/nicklopacki/.cargo/registry/src/index.crates.io-6f17d22bba15001f/tracing-0.1.40/src/span.rs:320:9\u001b[0m\n\u001b[0m    \u001b[0m\u001b[0m\u001b[1m\u001b[38;5;12m|\u001b[0m\n\u001b[0m\u001b[1m\u001b[38;5;12m320\u001b[0m\u001b[0m \u001b[0m\u001b[0m\u001b[1m\u001b[38;5;12m|\u001b[0m\u001b[0m \u001b[0m\u001b[0mpub use tracing_core::span::{Attributes, Id, Record};\u001b[0m\n\u001b[0m    \u001b[0m\u001b[0m\u001b[1m\u001b[38;5;12m| \u001b[0m\u001b[0m        \u001b[0m\u001b[0m\u001b[1m\u001b[38;5;9m^^^^^^^^^^^^\u001b[0m\n\u001b[0m    \u001b[0m\u001b[0m\u001b[1m\u001b[38;5;12m|\u001b[0m\n\u001b[0m    \u001b[0m\u001b[0m\u001b[1m\u001b[38;5;12m= \u001b[0m\u001b[0m\u001b[1mnote\u001b[0m\u001b[0m: the following crate versions were found:\u001b[0m\n\u001b[0m            crate `tracing_core` compiled by rustc 1.77.0-nightly (595bc6f00 2024-01-05): /Users/nicklopacki/Music/github-projects/xrp-dashboard/ui/target/debug/deps/libtracing_core-005a3c327570d919.rmeta\u001b[0m\n\u001b[0m    \u001b[0m\u001b[0m\u001b[1m\u001b[38;5;12m= \u001b[0m\u001b[0m\u001b[1mhelp\u001b[0m\u001b[0m: please recompile that crate using this compiler (rustc 1.77.0-nightly (ca663b06c 2024-01-08)) (consider running `cargo clean` first)\u001b[0m\n\n"}
{"$message_type":"diagnostic","message":"found crate `pin_project_lite` compiled by an incompatible version of rustc","code":{"code":"E0514","explanation":"Dependency compiled with different version of `rustc`.\n\nExample of erroneous code:\n\n`a.rs`\n```ignore (cannot-link-with-other-tests)\n// compiled with stable `rustc`\n\n#[crate_type = \"lib\"]\n```\n\n`b.rs`\n```ignore (cannot-link-with-other-tests)\n// compiled with nightly `rustc`\n\n#[crate_type = \"lib\"]\n\nextern crate a; // error: found crate `a` compiled by an incompatible version\n                //        of rustc\n```\n\nThis error is caused when the version of `rustc` used to compile a crate, as\nstored in the binary's metadata, differs from the version of one of its\ndependencies. Many parts of Rust binaries are considered unstable. For\ninstance, the Rust ABI is not stable between compiler versions. This means that\nthe compiler cannot be sure about *how* to call a function between compiler\nversions, and therefore this error occurs.\n\nThis error can be fixed by:\n * Using [Cargo](../cargo/index.html), the Rust package manager and\n   [Rustup](https://rust-lang.github.io/rustup/), the Rust toolchain installer,\n   automatically fixing this issue.\n * Recompiling the crates with a uniform `rustc` version.\n"},"level":"error","spans":[{"file_name":"/Users/nicklopacki/.cargo/registry/src/index.crates.io-6f17d22bba15001f/tracing-0.1.40/src/instrument.rs","byte_start":188,"byte_end":204,"line_start":12,"line_end":12,"column_start":5,"column_end":21,"is_primary":true,"text":[{"text":"use pin_project_lite::pin_project;","highlight_start":5,"highlight_end":21}],"label":null,"suggested_replacement":null,"suggestion_applicability":null,"expansion":null}],"children":[{"message":"the following crate versions were found:\ncrate `pin_project_lite` compiled by rustc 1.77.0-nightly (595bc6f00 2024-01-05): /Users/nicklopacki/Music/github-projects/xrp-dashboard/ui/target/debug/deps/libpin_project_lite-34bb249cc78be3cf.rmeta","code":null,"level":"note","spans":[],"children":[],"rendered":null},{"message":"please recompile that crate using this compiler (rustc 1.77.0-nightly (ca663b06c 2024-01-08)) (consider running `cargo clean` first)","code":null,"level":"help","spans":[],"children":[],"rendered":null}],"rendered":"\u001b[0m\u001b[1m\u001b[38;5;9merror[E0514]\u001b[0m\u001b[0m\u001b[1m: found crate `pin_project_lite` compiled by an incompatible version of rustc\u001b[0m\n\u001b[0m  \u001b[0m\u001b[0m\u001b[1m\u001b[38;5;12m--> \u001b[0m\u001b[0m/Users/nicklopacki/.cargo/registry/src/index.crates.io-6f17d22bba15001f/tracing-0.1.40/src/instrument.rs:12:5\u001b[0m\n\u001b[0m   \u001b[0m\u001b[0m\u001b[1m\u001b[38;5;12m|\u001b[0m\n\u001b[0m\u001b[1m\u001b[38;5;12m12\u001b[0m\u001b[0m \u001b[0m\u001b[0m\u001b[1m\u001b[38;5;12m|\u001b[0m\u001b[0m \u001b[0m\u001b[0muse pin_project_lite::pin_project;\u001b[0m\n\u001b[0m   \u001b[0m\u001b[0m\u001b[1m\u001b[38;5;12m| \u001b[0m\u001b[0m    \u001b[0m\u001b[0m\u001b[1m\u001b[38;5;9m^^^^^^^^^^^^^^^^\u001b[0m\n\u001b[0m   \u001b[0m\u001b[0m\u001b[1m\u001b[38;5;12m|\u001b[0m\n\u001b[0m   \u001b[0m\u001b[0m\u001b[1m\u001b[38;5;12m= \u001b[0m\u001b[0m\u001b[1mnote\u001b[0m\u001b[0m: the following crate versions were found:\u001b[0m\n\u001b[0m           crate `pin_project_lite` compiled by rustc 1.77.0-nightly (595bc6f00 2024-01-05): /Users/nicklopacki/Music/github-projects/xrp-dashboard/ui/target/debug/deps/libpin_project_lite-34bb249cc78be3cf.rmeta\u001b[0m\n\u001b[0m   \u001b[0m\u001b[0m\u001b[1m\u001b[38;5;12m= \u001b[0m\u001b[0m\u001b[1mhelp\u001b[0m\u001b[0m: please recompile that crate using this compiler (rustc 1.77.0-nightly (ca663b06c 2024-01-08)) (consider running `cargo clean` first)\u001b[0m\n\n"}
{"$message_type":"diagnostic","message":"found crate `tracing_core` compiled by an incompatible version of rustc","code":{"code":"E0514","explanation":"Dependency compiled with different version of `rustc`.\n\nExample of erroneous code:\n\n`a.rs`\n```ignore (cannot-link-with-other-tests)\n// compiled with stable `rustc`\n\n#[crate_type = \"lib\"]\n```\n\n`b.rs`\n```ignore (cannot-link-with-other-tests)\n// compiled with nightly `rustc`\n\n#[crate_type = \"lib\"]\n\nextern crate a; // error: found crate `a` compiled by an incompatible version\n                //        of rustc\n```\n\nThis error is caused when the version of `rustc` used to compile a crate, as\nstored in the binary's metadata, differs from the version of one of its\ndependencies. Many parts of Rust binaries are considered unstable. For\ninstance, the Rust ABI is not stable between compiler versions. This means that\nthe compiler cannot be sure about *how* to call a function between compiler\nversions, and therefore this error occurs.\n\nThis error can be fixed by:\n * Using [Cargo](../cargo/index.html), the Rust package manager and\n   [Rustup](https://rust-lang.github.io/rustup/), the Rust toolchain installer,\n   automatically fixing this issue.\n * Recompiling the crates with a uniform `rustc` version.\n"},"level":"error","spans":[{"file_name":"/Users/nicklopacki/.cargo/registry/src/index.crates.io-6f17d22bba15001f/tracing-0.1.40/src/lib.rs","byte_start":40156,"byte_end":40168,"line_start":958,"line_end":958,"column_start":9,"column_end":21,"is_primary":true,"text":[{"text":"pub use tracing_core::{","highlight_start":9,"highlight_end":21}],"label":null,"suggested_replacement":null,"suggestion_applicability":null,"expansion":null}],"children":[{"message":"the following crate versions were found:\ncrate `tracing_core` compiled by rustc 1.77.0-nightly (595bc6f00 2024-01-05): /Users/nicklopacki/Music/github-projects/xrp-dashboard/ui/target/debug/deps/libtracing_core-005a3c327570d919.rmeta","code":null,"level":"note","spans":[],"children":[],"rendered":null},{"message":"please recompile that crate using this compiler (rustc 1.77.0-nightly (ca663b06c 2024-01-08)) (consider running `cargo clean` first)","code":null,"level":"help","spans":[],"children":[],"rendered":null}],"rendered":"\u001b[0m\u001b[1m\u001b[38;5;9merror[E0514]\u001b[0m\u001b[0m\u001b[1m: found crate `tracing_core` compiled by an incompatible version of rustc\u001b[0m\n\u001b[0m   \u001b[0m\u001b[0m\u001b[1m\u001b[38;5;12m--> \u001b[0m\u001b[0m/Users/nicklopacki/.cargo/registry/src/index.crates.io-6f17d22bba15001f/tracing-0.1.40/src/lib.rs:958:9\u001b[0m\n\u001b[0m    \u001b[0m\u001b[0m\u001b[1m\u001b[38;5;12m|\u001b[0m\n\u001b[0m\u001b[1m\u001b[38;5;12m958\u001b[0m\u001b[0m \u001b[0m\u001b[0m\u001b[1m\u001b[38;5;12m|\u001b[0m\u001b[0m \u001b[0m\u001b[0mpub use tracing_core::{\u001b[0m\n\u001b[0m    \u001b[0m\u001b[0m\u001b[1m\u001b[38;5;12m| \u001b[0m\u001b[0m        \u001b[0m\u001b[0m\u001b[1m\u001b[38;5;9m^^^^^^^^^^^^\u001b[0m\n\u001b[0m    \u001b[0m\u001b[0m\u001b[1m\u001b[38;5;12m|\u001b[0m\n\u001b[0m    \u001b[0m\u001b[0m\u001b[1m\u001b[38;5;12m= \u001b[0m\u001b[0m\u001b[1mnote\u001b[0m\u001b[0m: the following crate versions were found:\u001b[0m\n\u001b[0m            crate `tracing_core` compiled by rustc 1.77.0-nightly (595bc6f00 2024-01-05): /Users/nicklopacki/Music/github-projects/xrp-dashboard/ui/target/debug/deps/libtracing_core-005a3c327570d919.rmeta\u001b[0m\n\u001b[0m    \u001b[0m\u001b[0m\u001b[1m\u001b[38;5;12m= \u001b[0m\u001b[0m\u001b[1mhelp\u001b[0m\u001b[0m: please recompile that crate using this compiler (rustc 1.77.0-nightly (ca663b06c 2024-01-08)) (consider running `cargo clean` first)\u001b[0m\n\n"}
{"$message_type":"diagnostic","message":"found crate `tracing_core` compiled by an incompatible version of rustc","code":{"code":"E0514","explanation":"Dependency compiled with different version of `rustc`.\n\nExample of erroneous code:\n\n`a.rs`\n```ignore (cannot-link-with-other-tests)\n// compiled with stable `rustc`\n\n#[crate_type = \"lib\"]\n```\n\n`b.rs`\n```ignore (cannot-link-with-other-tests)\n// compiled with nightly `rustc`\n\n#[crate_type = \"lib\"]\n\nextern crate a; // error: found crate `a` compiled by an incompatible version\n                //        of rustc\n```\n\nThis error is caused when the version of `rustc` used to compile a crate, as\nstored in the binary's metadata, differs from the version of one of its\ndependencies. Many parts of Rust binaries are considered unstable. For\ninstance, the Rust ABI is not stable between compiler versions. This means that\nthe compiler cannot be sure about *how* to call a function between compiler\nversions, and therefore this error occurs.\n\nThis error can be fixed by:\n * Using [Cargo](../cargo/index.html), the Rust package manager and\n   [Rustup](https://rust-lang.github.io/rustup/), the Rust toolchain installer,\n   automatically fixing this issue.\n * Recompiling the crates with a uniform `rustc` version.\n"},"level":"error","spans":[{"file_name":"/Users/nicklopacki/.cargo/registry/src/index.crates.io-6f17d22bba15001f/tracing-0.1.40/src/lib.rs","byte_start":40229,"byte_end":40241,"line_start":962,"line_end":962,"column_start":9,"column_end":21,"is_primary":true,"text":[{"text":"pub use tracing_core::{event, Level, Metadata};","highlight_start":9,"highlight_end":21}],"label":null,"suggested_replacement":null,"suggestion_applicability":null,"expansion":null}],"children":[{"message":"the following crate versions were found:\ncrate `tracing_core` compiled by rustc 1.77.0-nightly (595bc6f00 2024-01-05): /Users/nicklopacki/Music/github-projects/xrp-dashboard/ui/target/debug/deps/libtracing_core-005a3c327570d919.rmeta","code":null,"level":"note","spans":[],"children":[],"rendered":null},{"message":"please recompile that crate using this compiler (rustc 1.77.0-nightly (ca663b06c 2024-01-08)) (consider running `cargo clean` first)","code":null,"level":"help","spans":[],"children":[],"rendered":null}],"rendered":"\u001b[0m\u001b[1m\u001b[38;5;9merror[E0514]\u001b[0m\u001b[0m\u001b[1m: found crate `tracing_core` compiled by an incompatible version of rustc\u001b[0m\n\u001b[0m   \u001b[0m\u001b[0m\u001b[1m\u001b[38;5;12m--> \u001b[0m\u001b[0m/Users/nicklopacki/.cargo/registry/src/index.crates.io-6f17d22bba15001f/tracing-0.1.40/src/lib.rs:962:9\u001b[0m\n\u001b[0m    \u001b[0m\u001b[0m\u001b[1m\u001b[38;5;12m|\u001b[0m\n\u001b[0m\u001b[1m\u001b[38;5;12m962\u001b[0m\u001b[0m \u001b[0m\u001b[0m\u001b[1m\u001b[38;5;12m|\u001b[0m\u001b[0m \u001b[0m\u001b[0mpub use tracing_core::{event, Level, Metadata};\u001b[0m\n\u001b[0m    \u001b[0m\u001b[0m\u001b[1m\u001b[38;5;12m| \u001b[0m\u001b[0m        \u001b[0m\u001b[0m\u001b[1m\u001b[38;5;9m^^^^^^^^^^^^\u001b[0m\n\u001b[0m    \u001b[0m\u001b[0m\u001b[1m\u001b[38;5;12m|\u001b[0m\n\u001b[0m    \u001b[0m\u001b[0m\u001b[1m\u001b[38;5;12m= \u001b[0m\u001b[0m\u001b[1mnote\u001b[0m\u001b[0m: the following crate versions were found:\u001b[0m\n\u001b[0m            crate `tracing_core` compiled by rustc 1.77.0-nightly (595bc6f00 2024-01-05): /Users/nicklopacki/Music/github-projects/xrp-dashboard/ui/target/debug/deps/libtracing_core-005a3c327570d919.rmeta\u001b[0m\n\u001b[0m    \u001b[0m\u001b[0m\u001b[1m\u001b[38;5;12m= \u001b[0m\u001b[0m\u001b[1mhelp\u001b[0m\u001b[0m: please recompile that crate using this compiler (rustc 1.77.0-nightly (ca663b06c 2024-01-08)) (consider running `cargo clean` first)\u001b[0m\n\n"}
{"$message_type":"diagnostic","message":"found crate `tracing_core` compiled by an incompatible version of rustc","code":{"code":"E0514","explanation":"Dependency compiled with different version of `rustc`.\n\nExample of erroneous code:\n\n`a.rs`\n```ignore (cannot-link-with-other-tests)\n// compiled with stable `rustc`\n\n#[crate_type = \"lib\"]\n```\n\n`b.rs`\n```ignore (cannot-link-with-other-tests)\n// compiled with nightly `rustc`\n\n#[crate_type = \"lib\"]\n\nextern crate a; // error: found crate `a` compiled by an incompatible version\n                //        of rustc\n```\n\nThis error is caused when the version of `rustc` used to compile a crate, as\nstored in the binary's metadata, differs from the version of one of its\ndependencies. Many parts of Rust binaries are considered unstable. For\ninstance, the Rust ABI is not stable between compiler versions. This means that\nthe compiler cannot be sure about *how* to call a function between compiler\nversions, and therefore this error occurs.\n\nThis error can be fixed by:\n * Using [Cargo](../cargo/index.html), the Rust package manager and\n   [Rustup](https://rust-lang.github.io/rustup/), the Rust toolchain installer,\n   automatically fixing this issue.\n * Recompiling the crates with a uniform `rustc` version.\n"},"level":"error","spans":[{"file_name":"/Users/nicklopacki/.cargo/registry/src/index.crates.io-6f17d22bba15001f/tracing-0.1.40/src/subscriber.rs","byte_start":154,"byte_end":166,"line_start":6,"line_end":6,"column_start":9,"column_end":21,"is_primary":true,"text":[{"text":"pub use tracing_core::dispatcher::DefaultGuard;","highlight_start":9,"highlight_end":21}],"label":null,"suggested_replacement":null,"suggestion_applicability":null,"expansion":null}],"children":[{"message":"the following crate versions were found:\ncrate `tracing_core` compiled by rustc 1.77.0-nightly (595bc6f00 2024-01-05): /Users/nicklopacki/Music/github-projects/xrp-dashboard/ui/target/debug/deps/libtracing_core-005a3c327570d919.rmeta","code":null,"level":"note","spans":[],"children":[],"rendered":null},{"message":"please recompile that crate using this compiler (rustc 1.77.0-nightly (ca663b06c 2024-01-08)) (consider running `cargo clean` first)","code":null,"level":"help","spans":[],"children":[],"rendered":null}],"rendered":"\u001b[0m\u001b[1m\u001b[38;5;9merror[E0514]\u001b[0m\u001b[0m\u001b[1m: found crate `tracing_core` compiled by an incompatible version of rustc\u001b[0m\n\u001b[0m \u001b[0m\u001b[0m\u001b[1m\u001b[38;5;12m--> \u001b[0m\u001b[0m/Users/nicklopacki/.cargo/registry/src/index.crates.io-6f17d22bba15001f/tracing-0.1.40/src/subscriber.rs:6:9\u001b[0m\n\u001b[0m  \u001b[0m\u001b[0m\u001b[1m\u001b[38;5;12m|\u001b[0m\n\u001b[0m\u001b[1m\u001b[38;5;12m6\u001b[0m\u001b[0m \u001b[0m\u001b[0m\u001b[1m\u001b[38;5;12m|\u001b[0m\u001b[0m \u001b[0m\u001b[0mpub use tracing_core::dispatcher::DefaultGuard;\u001b[0m\n\u001b[0m  \u001b[0m\u001b[0m\u001b[1m\u001b[38;5;12m| \u001b[0m\u001b[0m        \u001b[0m\u001b[0m\u001b[1m\u001b[38;5;9m^^^^^^^^^^^^\u001b[0m\n\u001b[0m  \u001b[0m\u001b[0m\u001b[1m\u001b[38;5;12m|\u001b[0m\n\u001b[0m  \u001b[0m\u001b[0m\u001b[1m\u001b[38;5;12m= \u001b[0m\u001b[0m\u001b[1mnote\u001b[0m\u001b[0m: the following crate versions were found:\u001b[0m\n\u001b[0m          crate `tracing_core` compiled by rustc 1.77.0-nightly (595bc6f00 2024-01-05): /Users/nicklopacki/Music/github-projects/xrp-dashboard/ui/target/debug/deps/libtracing_core-005a3c327570d919.rmeta\u001b[0m\n\u001b[0m  \u001b[0m\u001b[0m\u001b[1m\u001b[38;5;12m= \u001b[0m\u001b[0m\u001b[1mhelp\u001b[0m\u001b[0m: please recompile that crate using this compiler (rustc 1.77.0-nightly (ca663b06c 2024-01-08)) (consider running `cargo clean` first)\u001b[0m\n\n"}
{"$message_type":"diagnostic","message":"found crate `tracing_core` compiled by an incompatible version of rustc","code":{"code":"E0514","explanation":"Dependency compiled with different version of `rustc`.\n\nExample of erroneous code:\n\n`a.rs`\n```ignore (cannot-link-with-other-tests)\n// compiled with stable `rustc`\n\n#[crate_type = \"lib\"]\n```\n\n`b.rs`\n```ignore (cannot-link-with-other-tests)\n// compiled with nightly `rustc`\n\n#[crate_type = \"lib\"]\n\nextern crate a; // error: found crate `a` compiled by an incompatible version\n                //        of rustc\n```\n\nThis error is caused when the version of `rustc` used to compile a crate, as\nstored in the binary's metadata, differs from the version of one of its\ndependencies. Many parts of Rust binaries are considered unstable. For\ninstance, the Rust ABI is not stable between compiler versions. This means that\nthe compiler cannot be sure about *how* to call a function between compiler\nversions, and therefore this error occurs.\n\nThis error can be fixed by:\n * Using [Cargo](../cargo/index.html), the Rust package manager and\n   [Rustup](https://rust-lang.github.io/rustup/), the Rust toolchain installer,\n   automatically fixing this issue.\n * Recompiling the crates with a uniform `rustc` version.\n"},"level":"error","spans":[{"file_name":"/Users/nicklopacki/.cargo/registry/src/index.crates.io-6f17d22bba15001f/tracing-0.1.40/src/subscriber.rs","byte_start":2288,"byte_end":2300,"line_start":65,"line_end":65,"column_start":9,"column_end":21,"is_primary":true,"text":[{"text":"pub use tracing_core::dispatcher::SetGlobalDefaultError;","highlight_start":9,"highlight_end":21}],"label":null,"suggested_replacement":null,"suggestion_applicability":null,"expansion":null}],"children":[{"message":"the following crate versions were found:\ncrate `tracing_core` compiled by rustc 1.77.0-nightly (595bc6f00 2024-01-05): /Users/nicklopacki/Music/github-projects/xrp-dashboard/ui/target/debug/deps/libtracing_core-005a3c327570d919.rmeta","code":null,"level":"note","spans":[],"children":[],"rendered":null},{"message":"please recompile that crate using this compiler (rustc 1.77.0-nightly (ca663b06c 2024-01-08)) (consider running `cargo clean` first)","code":null,"level":"help","spans":[],"children":[],"rendered":null}],"rendered":"\u001b[0m\u001b[1m\u001b[38;5;9merror[E0514]\u001b[0m\u001b[0m\u001b[1m: found crate `tracing_core` compiled by an incompatible version of rustc\u001b[0m\n\u001b[0m  \u001b[0m\u001b[0m\u001b[1m\u001b[38;5;12m--> \u001b[0m\u001b[0m/Users/nicklopacki/.cargo/registry/src/index.crates.io-6f17d22bba15001f/tracing-0.1.40/src/subscriber.rs:65:9\u001b[0m\n\u001b[0m   \u001b[0m\u001b[0m\u001b[1m\u001b[38;5;12m|\u001b[0m\n\u001b[0m\u001b[1m\u001b[38;5;12m65\u001b[0m\u001b[0m \u001b[0m\u001b[0m\u001b[1m\u001b[38;5;12m|\u001b[0m\u001b[0m \u001b[0m\u001b[0mpub use tracing_core::dispatcher::SetGlobalDefaultError;\u001b[0m\n\u001b[0m   \u001b[0m\u001b[0m\u001b[1m\u001b[38;5;12m| \u001b[0m\u001b[0m        \u001b[0m\u001b[0m\u001b[1m\u001b[38;5;9m^^^^^^^^^^^^\u001b[0m\n\u001b[0m   \u001b[0m\u001b[0m\u001b[1m\u001b[38;5;12m|\u001b[0m\n\u001b[0m   \u001b[0m\u001b[0m\u001b[1m\u001b[38;5;12m= \u001b[0m\u001b[0m\u001b[1mnote\u001b[0m\u001b[0m: the following crate versions were found:\u001b[0m\n\u001b[0m           crate `tracing_core` compiled by rustc 1.77.0-nightly (595bc6f00 2024-01-05): /Users/nicklopacki/Music/github-projects/xrp-dashboard/ui/target/debug/deps/libtracing_core-005a3c327570d919.rmeta\u001b[0m\n\u001b[0m   \u001b[0m\u001b[0m\u001b[1m\u001b[38;5;12m= \u001b[0m\u001b[0m\u001b[1mhelp\u001b[0m\u001b[0m: please recompile that crate using this compiler (rustc 1.77.0-nightly (ca663b06c 2024-01-08)) (consider running `cargo clean` first)\u001b[0m\n\n"}
{"$message_type":"diagnostic","message":"unresolved imports `self::event`, `self::field::Value`, `self::subscriber::Subscriber`","code":{"code":"E0432","explanation":"An import was unresolved.\n\nErroneous code example:\n\n```compile_fail,E0432\nuse something::Foo; // error: unresolved import `something::Foo`.\n```\n\nIn Rust 2015, paths in `use` statements are relative to the crate root. To\nimport items relative to the current and parent modules, use the `self::` and\n`super::` prefixes, respectively.\n\nIn Rust 2018 or later, paths in `use` statements are relative to the current\nmodule unless they begin with the name of a crate or a literal `crate::`, in\nwhich case they start from the crate root. As in Rust 2015 code, the `self::`\nand `super::` prefixes refer to the current and parent modules respectively.\n\nAlso verify that you didn't misspell the import name and that the import exists\nin the module from where you tried to import it. Example:\n\n```\nuse self::something::Foo; // Ok.\n\nmod something {\n    pub struct Foo;\n}\n# fn main() {}\n```\n\nIf you tried to use a module from an external crate and are using Rust 2015,\nyou may have missed the `extern crate` declaration (which is usually placed in\nthe crate root):\n\n```edition2015\nextern crate core; // Required to use the `core` crate in Rust 2015.\n\nuse core::any;\n# fn main() {}\n```\n\nSince Rust 2018 the `extern crate` declaration is not required and\nyou can instead just `use` it:\n\n```edition2018\nuse core::any; // No extern crate required in Rust 2018.\n# fn main() {}\n```\n"},"level":"error","spans":[{"file_name":"/Users/nicklopacki/.cargo/registry/src/index.crates.io-6f17d22bba15001f/tracing-0.1.40/src/lib.rs","byte_start":40039,"byte_end":40044,"line_start":952,"line_end":952,"column_start":38,"column_end":43,"is_primary":true,"text":[{"text":"pub use self::{dispatcher::Dispatch, event::Event, field::Value, subscriber::Subscriber};","highlight_start":38,"highlight_end":43}],"label":"could not find `event` in the crate root","suggested_replacement":null,"suggestion_applicability":null,"expansion":null},{"file_name":"/Users/nicklopacki/.cargo/registry/src/index.crates.io-6f17d22bba15001f/tracing-0.1.40/src/lib.rs","byte_start":40053,"byte_end":40065,"line_start":952,"line_end":952,"column_start":52,"column_end":64,"is_primary":true,"text":[{"text":"pub use self::{dispatcher::Dispatch, event::Event, field::Value, subscriber::Subscriber};","highlight_start":52,"highlight_end":64}],"label":"no `Value` in `field`","suggested_replacement":null,"suggestion_applicability":null,"expansion":null},{"file_name":"/Users/nicklopacki/.cargo/registry/src/index.crates.io-6f17d22bba15001f/tracing-0.1.40/src/lib.rs","byte_start":40067,"byte_end":40089,"line_start":952,"line_end":952,"column_start":66,"column_end":88,"is_primary":true,"text":[{"text":"pub use self::{dispatcher::Dispatch, event::Event, field::Value, subscriber::Subscriber};","highlight_start":66,"highlight_end":88}],"label":"no `Subscriber` in `subscriber`","suggested_replacement":null,"suggestion_applicability":null,"expansion":null}],"children":[],"rendered":"\u001b[0m\u001b[1m\u001b[38;5;9merror[E0432]\u001b[0m\u001b[0m\u001b[1m: unresolved imports `self::event`, `self::field::Value`, `self::subscriber::Subscriber`\u001b[0m\n\u001b[0m   \u001b[0m\u001b[0m\u001b[1m\u001b[38;5;12m--> \u001b[0m\u001b[0m/Users/nicklopacki/.cargo/registry/src/index.crates.io-6f17d22bba15001f/tracing-0.1.40/src/lib.rs:952:38\u001b[0m\n\u001b[0m    \u001b[0m\u001b[0m\u001b[1m\u001b[38;5;12m|\u001b[0m\n\u001b[0m\u001b[1m\u001b[38;5;12m952\u001b[0m\u001b[0m \u001b[0m\u001b[0m\u001b[1m\u001b[38;5;12m|\u001b[0m\u001b[0m \u001b[0m\u001b[0mpub use self::{dispatcher::Dispatch, event::Event, field::Value, subscriber::Subscriber};\u001b[0m\n\u001b[0m    \u001b[0m\u001b[0m\u001b[1m\u001b[38;5;12m| \u001b[0m\u001b[0m                                     \u001b[0m\u001b[0m\u001b[1m\u001b[38;5;9m^^^^^\u001b[0m\u001b[0m         \u001b[0m\u001b[0m\u001b[1m\u001b[38;5;9m^^^^^^^^^^^^\u001b[0m\u001b[0m  \u001b[0m\u001b[0m\u001b[1m\u001b[38;5;9m^^^^^^^^^^^^^^^^^^^^^^\u001b[0m\u001b[0m \u001b[0m\u001b[0m\u001b[1m\u001b[38;5;9mno `Subscriber` in `subscriber`\u001b[0m\n\u001b[0m    \u001b[0m\u001b[0m\u001b[1m\u001b[38;5;12m| \u001b[0m\u001b[0m                                     \u001b[0m\u001b[0m\u001b[1m\u001b[38;5;9m|\u001b[0m\u001b[0m             \u001b[0m\u001b[0m\u001b[1m\u001b[38;5;9m|\u001b[0m\n\u001b[0m    \u001b[0m\u001b[0m\u001b[1m\u001b[38;5;12m| \u001b[0m\u001b[0m                                     \u001b[0m\u001b[0m\u001b[1m\u001b[38;5;9m|\u001b[0m\u001b[0m             \u001b[0m\u001b[0m\u001b[1m\u001b[38;5;9mno `Value` in `field`\u001b[0m\n\u001b[0m    \u001b[0m\u001b[0m\u001b[1m\u001b[38;5;12m| \u001b[0m\u001b[0m                                     \u001b[0m\u001b[0m\u001b[1m\u001b[38;5;9mcould not find `event` in the crate root\u001b[0m\n\n"}
{"$message_type":"diagnostic","message":"unresolved import `crate::subscriber::Interest`","code":{"code":"E0432","explanation":"An import was unresolved.\n\nErroneous code example:\n\n```compile_fail,E0432\nuse something::Foo; // error: unresolved import `something::Foo`.\n```\n\nIn Rust 2015, paths in `use` statements are relative to the crate root. To\nimport items relative to the current and parent modules, use the `self::` and\n`super::` prefixes, respectively.\n\nIn Rust 2018 or later, paths in `use` statements are relative to the current\nmodule unless they begin with the name of a crate or a literal `crate::`, in\nwhich case they start from the crate root. As in Rust 2015 code, the `self::`\nand `super::` prefixes refer to the current and parent modules respectively.\n\nAlso verify that you didn't misspell the import name and that the import exists\nin the module from where you tried to import it. Example:\n\n```\nuse self::something::Foo; // Ok.\n\nmod something {\n    pub struct Foo;\n}\n# fn main() {}\n```\n\nIf you tried to use a module from an external crate and are using Rust 2015,\nyou may have missed the `extern crate` declaration (which is usually placed in\nthe crate root):\n\n```edition2015\nextern crate core; // Required to use the `core` crate in Rust 2015.\n\nuse core::any;\n# fn main() {}\n```\n\nSince Rust 2018 the `extern crate` declaration is not required and\nyou can instead just `use` it:\n\n```edition2018\nuse core::any; // No extern crate required in Rust 2018.\n# fn main() {}\n```\n"},"level":"error","spans":[{"file_name":"/Users/nicklopacki/.cargo/registry/src/index.crates.io-6f17d22bba15001f/tracing-0.1.40/src/lib.rs","byte_start":40756,"byte_end":40776,"line_start":986,"line_end":986,"column_start":17,"column_end":37,"is_primary":true,"text":[{"text":"    use crate::{subscriber::Interest, Metadata};","highlight_start":17,"highlight_end":37}],"label":"no `Interest` in `subscriber`","suggested_replacement":null,"suggestion_applicability":null,"expansion":null}],"children":[],"rendered":"\u001b[0m\u001b[1m\u001b[38;5;9merror[E0432]\u001b[0m\u001b[0m\u001b[1m: unresolved import `crate::subscriber::Interest`\u001b[0m\n\u001b[0m   \u001b[0m\u001b[0m\u001b[1m\u001b[38;5;12m--> \u001b[0m\u001b[0m/Users/nicklopacki/.cargo/registry/src/index.crates.io-6f17d22bba15001f/tracing-0.1.40/src/lib.rs:986:17\u001b[0m\n\u001b[0m    \u001b[0m\u001b[0m\u001b[1m\u001b[38;5;12m|\u001b[0m\n\u001b[0m\u001b[1m\u001b[38;5;12m986\u001b[0m\u001b[0m \u001b[0m\u001b[0m\u001b[1m\u001b[38;5;12m|\u001b[0m\u001b[0m \u001b[0m\u001b[0m    use crate::{subscriber::Interest, Metadata};\u001b[0m\n\u001b[0m    \u001b[0m\u001b[0m\u001b[1m\u001b[38;5;12m| \u001b[0m\u001b[0m                \u001b[0m\u001b[0m\u001b[1m\u001b[38;5;9m^^^^^^^^^^^^^^^^^^^^\u001b[0m\u001b[0m \u001b[0m\u001b[0m\u001b[1m\u001b[38;5;9mno `Interest` in `subscriber`\u001b[0m\n\n"}
{"$message_type":"diagnostic","message":"cannot determine resolution for the macro `pin_project`","code":null,"level":"error","spans":[{"file_name":"/Users/nicklopacki/.cargo/registry/src/index.crates.io-6f17d22bba15001f/tracing-0.1.40/src/instrument.rs","byte_start":7757,"byte_end":7768,"line_start":236,"line_end":236,"column_start":1,"column_end":12,"is_primary":true,"text":[{"text":"pin_project! {","highlight_start":1,"highlight_end":12}],"label":null,"suggested_replacement":null,"suggestion_applicability":null,"expansion":null}],"children":[{"message":"import resolution is stuck, try simplifying macro imports","code":null,"level":"note","spans":[],"children":[],"rendered":null}],"rendered":"\u001b[0m\u001b[1m\u001b[38;5;9merror\u001b[0m\u001b[0m\u001b[1m: cannot determine resolution for the macro `pin_project`\u001b[0m\n\u001b[0m   \u001b[0m\u001b[0m\u001b[1m\u001b[38;5;12m--> \u001b[0m\u001b[0m/Users/nicklopacki/.cargo/registry/src/index.crates.io-6f17d22bba15001f/tracing-0.1.40/src/instrument.rs:236:1\u001b[0m\n\u001b[0m    \u001b[0m\u001b[0m\u001b[1m\u001b[38;5;12m|\u001b[0m\n\u001b[0m\u001b[1m\u001b[38;5;12m236\u001b[0m\u001b[0m \u001b[0m\u001b[0m\u001b[1m\u001b[38;5;12m|\u001b[0m\u001b[0m \u001b[0m\u001b[0mpin_project! {\u001b[0m\n\u001b[0m    \u001b[0m\u001b[0m\u001b[1m\u001b[38;5;12m| \u001b[0m\u001b[0m\u001b[1m\u001b[38;5;9m^^^^^^^^^^^\u001b[0m\n\u001b[0m    \u001b[0m\u001b[0m\u001b[1m\u001b[38;5;12m|\u001b[0m\n\u001b[0m    \u001b[0m\u001b[0m\u001b[1m\u001b[38;5;12m= \u001b[0m\u001b[0m\u001b[1mnote\u001b[0m\u001b[0m: import resolution is stuck, try simplifying macro imports\u001b[0m\n\n"}
{"$message_type":"diagnostic","message":"cannot determine resolution for the macro `pin_project`","code":null,"level":"error","spans":[{"file_name":"/Users/nicklopacki/.cargo/registry/src/index.crates.io-6f17d22bba15001f/tracing-0.1.40/src/instrument.rs","byte_start":8332,"byte_end":8343,"line_start":254,"line_end":254,"column_start":1,"column_end":12,"is_primary":true,"text":[{"text":"pin_project! {","highlight_start":1,"highlight_end":12}],"label":null,"suggested_replacement":null,"suggestion_applicability":null,"expansion":null}],"children":[{"message":"import resolution is stuck, try simplifying macro imports","code":null,"level":"note","spans":[],"children":[],"rendered":null}],"rendered":"\u001b[0m\u001b[1m\u001b[38;5;9merror\u001b[0m\u001b[0m\u001b[1m: cannot determine resolution for the macro `pin_project`\u001b[0m\n\u001b[0m   \u001b[0m\u001b[0m\u001b[1m\u001b[38;5;12m--> \u001b[0m\u001b[0m/Users/nicklopacki/.cargo/registry/src/index.crates.io-6f17d22bba15001f/tracing-0.1.40/src/instrument.rs:254:1\u001b[0m\n\u001b[0m    \u001b[0m\u001b[0m\u001b[1m\u001b[38;5;12m|\u001b[0m\n\u001b[0m\u001b[1m\u001b[38;5;12m254\u001b[0m\u001b[0m \u001b[0m\u001b[0m\u001b[1m\u001b[38;5;12m|\u001b[0m\u001b[0m \u001b[0m\u001b[0mpin_project! {\u001b[0m\n\u001b[0m    \u001b[0m\u001b[0m\u001b[1m\u001b[38;5;12m| \u001b[0m\u001b[0m\u001b[1m\u001b[38;5;9m^^^^^^^^^^^\u001b[0m\n\u001b[0m    \u001b[0m\u001b[0m\u001b[1m\u001b[38;5;12m|\u001b[0m\n\u001b[0m    \u001b[0m\u001b[0m\u001b[1m\u001b[38;5;12m= \u001b[0m\u001b[0m\u001b[1mnote\u001b[0m\u001b[0m: import resolution is stuck, try simplifying macro imports\u001b[0m\n\n"}
{"$message_type":"diagnostic","message":"cannot find type `Field` in this scope","code":{"code":"E0412","explanation":"A used type name is not in scope.\n\nErroneous code examples:\n\n```compile_fail,E0412\nimpl Something {} // error: type name `Something` is not in scope\n\n// or:\n\ntrait Foo {\n    fn bar(N); // error: type name `N` is not in scope\n}\n\n// or:\n\nfn foo(x: T) {} // type name `T` is not in scope\n```\n\nTo fix this error, please verify you didn't misspell the type name, you did\ndeclare it or imported it into the scope. Examples:\n\n```\nstruct Something;\n\nimpl Something {} // ok!\n\n// or:\n\ntrait Foo {\n    type N;\n\n    fn bar(_: Self::N); // ok!\n}\n\n// or:\n\nfn foo<T>(x: T) {} // ok!\n```\n\nAnother case that causes this error is when a type is imported into a parent\nmodule. To fix this, you can follow the suggestion and use File directly or\n`use super::File;` which will import the types from the parent namespace. An\nexample that causes this error is below:\n\n```compile_fail,E0412\nuse std::fs::File;\n\nmod foo {\n    fn some_function(f: File) {}\n}\n```\n\n```\nuse std::fs::File;\n\nmod foo {\n    // either\n    use super::File;\n    // or\n    // use std::fs::File;\n    fn foo(f: File) {}\n}\n# fn main() {} // don't insert it for us; that'll break imports\n```\n"},"level":"error","spans":[{"file_name":"/Users/nicklopacki/.cargo/registry/src/index.crates.io-6f17d22bba15001f/tracing-0.1.40/src/field.rs","byte_start":6091,"byte_end":6096,"line_start":134,"line_end":134,"column_start":59,"column_end":64,"is_primary":true,"text":[{"text":"    fn as_field(&self, metadata: &Metadata<'_>) -> Option<Field>;","highlight_start":59,"highlight_end":64}],"label":"not found in this scope","suggested_replacement":null,"suggestion_applicability":null,"expansion":null}],"children":[{"message":"you might be missing a type parameter","code":null,"level":"help","spans":[{"file_name":"/Users/nicklopacki/.cargo/registry/src/index.crates.io-6f17d22bba15001f/tracing-0.1.40/src/field.rs","byte_start":5807,"byte_end":5807,"line_start":129,"line_end":129,"column_start":18,"column_end":18,"is_primary":true,"text":[{"text":"pub trait AsField: crate::sealed::Sealed {","highlight_start":18,"highlight_end":18}],"label":null,"suggested_replacement":"<Field>","suggestion_applicability":"MaybeIncorrect","expansion":null}],"children":[],"rendered":null}],"rendered":"\u001b[0m\u001b[1m\u001b[38;5;9merror[E0412]\u001b[0m\u001b[0m\u001b[1m: cannot find type `Field` in this scope\u001b[0m\n\u001b[0m   \u001b[0m\u001b[0m\u001b[1m\u001b[38;5;12m--> \u001b[0m\u001b[0m/Users/nicklopacki/.cargo/registry/src/index.crates.io-6f17d22bba15001f/tracing-0.1.40/src/field.rs:134:59\u001b[0m\n\u001b[0m    \u001b[0m\u001b[0m\u001b[1m\u001b[38;5;12m|\u001b[0m\n\u001b[0m\u001b[1m\u001b[38;5;12m134\u001b[0m\u001b[0m \u001b[0m\u001b[0m\u001b[1m\u001b[38;5;12m|\u001b[0m\u001b[0m \u001b[0m\u001b[0m    fn as_field(&self, metadata: &Metadata<'_>) -> Option<Field>;\u001b[0m\n\u001b[0m    \u001b[0m\u001b[0m\u001b[1m\u001b[38;5;12m| \u001b[0m\u001b[0m                                                          \u001b[0m\u001b[0m\u001b[1m\u001b[38;5;9m^^^^^\u001b[0m\u001b[0m \u001b[0m\u001b[0m\u001b[1m\u001b[38;5;9mnot found in this scope\u001b[0m\n\u001b[0m    \u001b[0m\u001b[0m\u001b[1m\u001b[38;5;12m|\u001b[0m\n\u001b[0m\u001b[1m\u001b[38;5;14mhelp\u001b[0m\u001b[0m: you might be missing a type parameter\u001b[0m\n\u001b[0m    \u001b[0m\u001b[0m\u001b[1m\u001b[38;5;12m|\u001b[0m\n\u001b[0m\u001b[1m\u001b[38;5;12m129\u001b[0m\u001b[0m \u001b[0m\u001b[0m\u001b[1m\u001b[38;5;12m| \u001b[0m\u001b[0mpub trait AsField\u001b[0m\u001b[0m\u001b[38;5;10m<Field>\u001b[0m\u001b[0m: crate::sealed::Sealed {\u001b[0m\n\u001b[0m    \u001b[0m\u001b[0m\u001b[1m\u001b[38;5;12m|\u001b[0m\u001b[0m                  \u001b[0m\u001b[0m\u001b[38;5;10m+++++++\u001b[0m\n\n"}
{"$message_type":"diagnostic","message":"cannot find type `Field` in this scope","code":{"code":"E0412","explanation":"A used type name is not in scope.\n\nErroneous code examples:\n\n```compile_fail,E0412\nimpl Something {} // error: type name `Something` is not in scope\n\n// or:\n\ntrait Foo {\n    fn bar(N); // error: type name `N` is not in scope\n}\n\n// or:\n\nfn foo(x: T) {} // type name `T` is not in scope\n```\n\nTo fix this error, please verify you didn't misspell the type name, you did\ndeclare it or imported it into the scope. Examples:\n\n```\nstruct Something;\n\nimpl Something {} // ok!\n\n// or:\n\ntrait Foo {\n    type N;\n\n    fn bar(_: Self::N); // ok!\n}\n\n// or:\n\nfn foo<T>(x: T) {} // ok!\n```\n\nAnother case that causes this error is when a type is imported into a parent\nmodule. To fix this, you can follow the suggestion and use File directly or\n`use super::File;` which will import the types from the parent namespace. An\nexample that causes this error is below:\n\n```compile_fail,E0412\nuse std::fs::File;\n\nmod foo {\n    fn some_function(f: File) {}\n}\n```\n\n```\nuse std::fs::File;\n\nmod foo {\n    // either\n    use super::File;\n    // or\n    // use std::fs::File;\n    fn foo(f: File) {}\n}\n# fn main() {} // don't insert it for us; that'll break imports\n```\n"},"level":"error","spans":[{"file_name":"/Users/nicklopacki/.cargo/registry/src/index.crates.io-6f17d22bba15001f/tracing-0.1.40/src/field.rs","byte_start":6148,"byte_end":6153,"line_start":139,"line_end":139,"column_start":18,"column_end":23,"is_primary":true,"text":[{"text":"impl AsField for Field {","highlight_start":18,"highlight_end":23}],"label":"not found in this scope","suggested_replacement":null,"suggestion_applicability":null,"expansion":null}],"children":[],"rendered":"\u001b[0m\u001b[1m\u001b[38;5;9merror[E0412]\u001b[0m\u001b[0m\u001b[1m: cannot find type `Field` in this scope\u001b[0m\n\u001b[0m   \u001b[0m\u001b[0m\u001b[1m\u001b[38;5;12m--> \u001b[0m\u001b[0m/Users/nicklopacki/.cargo/registry/src/index.crates.io-6f17d22bba15001f/tracing-0.1.40/src/field.rs:139:18\u001b[0m\n\u001b[0m    \u001b[0m\u001b[0m\u001b[1m\u001b[38;5;12m|\u001b[0m\n\u001b[0m\u001b[1m\u001b[38;5;12m139\u001b[0m\u001b[0m \u001b[0m\u001b[0m\u001b[1m\u001b[38;5;12m|\u001b[0m\u001b[0m \u001b[0m\u001b[0mimpl AsField for Field {\u001b[0m\n\u001b[0m    \u001b[0m\u001b[0m\u001b[1m\u001b[38;5;12m| \u001b[0m\u001b[0m                 \u001b[0m\u001b[0m\u001b[1m\u001b[38;5;9m^^^^^\u001b[0m\u001b[0m \u001b[0m\u001b[0m\u001b[1m\u001b[38;5;9mnot found in this scope\u001b[0m\n\n"}
{"$message_type":"diagnostic","message":"cannot find type `Field` in this scope","code":{"code":"E0412","explanation":"A used type name is not in scope.\n\nErroneous code examples:\n\n```compile_fail,E0412\nimpl Something {} // error: type name `Something` is not in scope\n\n// or:\n\ntrait Foo {\n    fn bar(N); // error: type name `N` is not in scope\n}\n\n// or:\n\nfn foo(x: T) {} // type name `T` is not in scope\n```\n\nTo fix this error, please verify you didn't misspell the type name, you did\ndeclare it or imported it into the scope. Examples:\n\n```\nstruct Something;\n\nimpl Something {} // ok!\n\n// or:\n\ntrait Foo {\n    type N;\n\n    fn bar(_: Self::N); // ok!\n}\n\n// or:\n\nfn foo<T>(x: T) {} // ok!\n```\n\nAnother case that causes this error is when a type is imported into a parent\nmodule. To fix this, you can follow the suggestion and use File directly or\n`use super::File;` which will import the types from the parent namespace. An\nexample that causes this error is below:\n\n```compile_fail,E0412\nuse std::fs::File;\n\nmod foo {\n    fn some_function(f: File) {}\n}\n```\n\n```\nuse std::fs::File;\n\nmod foo {\n    // either\n    use super::File;\n    // or\n    // use std::fs::File;\n    fn foo(f: File) {}\n}\n# fn main() {} // don't insert it for us; that'll break imports\n```\n"},"level":"error","spans":[{"file_name":"/Users/nicklopacki/.cargo/registry/src/index.crates.io-6f17d22bba15001f/tracing-0.1.40/src/field.rs","byte_start":6228,"byte_end":6233,"line_start":141,"line_end":141,"column_start":59,"column_end":64,"is_primary":true,"text":[{"text":"    fn as_field(&self, metadata: &Metadata<'_>) -> Option<Field> {","highlight_start":59,"highlight_end":64}],"label":"not found in this scope","suggested_replacement":null,"suggestion_applicability":null,"expansion":null}],"children":[{"message":"you might be missing a type parameter","code":null,"level":"help","spans":[{"file_name":"/Users/nicklopacki/.cargo/registry/src/index.crates.io-6f17d22bba15001f/tracing-0.1.40/src/field.rs","byte_start":6135,"byte_end":6135,"line_start":139,"line_end":139,"column_start":5,"column_end":5,"is_primary":true,"text":[{"text":"impl AsField for Field {","highlight_start":5,"highlight_end":5}],"label":null,"suggested_replacement":"<Field>","suggestion_applicability":"MaybeIncorrect","expansion":null}],"children":[],"rendered":null}],"rendered":"\u001b[0m\u001b[1m\u001b[38;5;9merror[E0412]\u001b[0m\u001b[0m\u001b[1m: cannot find type `Field` in this scope\u001b[0m\n\u001b[0m   \u001b[0m\u001b[0m\u001b[1m\u001b[38;5;12m--> \u001b[0m\u001b[0m/Users/nicklopacki/.cargo/registry/src/index.crates.io-6f17d22bba15001f/tracing-0.1.40/src/field.rs:141:59\u001b[0m\n\u001b[0m    \u001b[0m\u001b[0m\u001b[1m\u001b[38;5;12m|\u001b[0m\n\u001b[0m\u001b[1m\u001b[38;5;12m141\u001b[0m\u001b[0m \u001b[0m\u001b[0m\u001b[1m\u001b[38;5;12m|\u001b[0m\u001b[0m \u001b[0m\u001b[0m    fn as_field(&self, metadata: &Metadata<'_>) -> Option<Field> {\u001b[0m\n\u001b[0m    \u001b[0m\u001b[0m\u001b[1m\u001b[38;5;12m| \u001b[0m\u001b[0m                                                          \u001b[0m\u001b[0m\u001b[1m\u001b[38;5;9m^^^^^\u001b[0m\u001b[0m \u001b[0m\u001b[0m\u001b[1m\u001b[38;5;9mnot found in this scope\u001b[0m\n\u001b[0m    \u001b[0m\u001b[0m\u001b[1m\u001b[38;5;12m|\u001b[0m\n\u001b[0m\u001b[1m\u001b[38;5;14mhelp\u001b[0m\u001b[0m: you might be missing a type parameter\u001b[0m\n\u001b[0m    \u001b[0m\u001b[0m\u001b[1m\u001b[38;5;12m|\u001b[0m\n\u001b[0m\u001b[1m\u001b[38;5;12m139\u001b[0m\u001b[0m \u001b[0m\u001b[0m\u001b[1m\u001b[38;5;12m| \u001b[0m\u001b[0mimpl\u001b[0m\u001b[0m\u001b[38;5;10m<Field>\u001b[0m\u001b[0m AsField for Field {\u001b[0m\n\u001b[0m    \u001b[0m\u001b[0m\u001b[1m\u001b[38;5;12m|\u001b[0m\u001b[0m     \u001b[0m\u001b[0m\u001b[38;5;10m+++++++\u001b[0m\n\n"}
{"$message_type":"diagnostic","message":"cannot find type `Field` in this scope","code":{"code":"E0412","explanation":"A used type name is not in scope.\n\nErroneous code examples:\n\n```compile_fail,E0412\nimpl Something {} // error: type name `Something` is not in scope\n\n// or:\n\ntrait Foo {\n    fn bar(N); // error: type name `N` is not in scope\n}\n\n// or:\n\nfn foo(x: T) {} // type name `T` is not in scope\n```\n\nTo fix this error, please verify you didn't misspell the type name, you did\ndeclare it or imported it into the scope. Examples:\n\n```\nstruct Something;\n\nimpl Something {} // ok!\n\n// or:\n\ntrait Foo {\n    type N;\n\n    fn bar(_: Self::N); // ok!\n}\n\n// or:\n\nfn foo<T>(x: T) {} // ok!\n```\n\nAnother case that causes this error is when a type is imported into a parent\nmodule. To fix this, you can follow the suggestion and use File directly or\n`use super::File;` which will import the types from the parent namespace. An\nexample that causes this error is below:\n\n```compile_fail,E0412\nuse std::fs::File;\n\nmod foo {\n    fn some_function(f: File) {}\n}\n```\n\n```\nuse std::fs::File;\n\nmod foo {\n    // either\n    use super::File;\n    // or\n    // use std::fs::File;\n    fn foo(f: File) {}\n}\n# fn main() {} // don't insert it for us; that'll break imports\n```\n"},"level":"error","spans":[{"file_name":"/Users/nicklopacki/.cargo/registry/src/index.crates.io-6f17d22bba15001f/tracing-0.1.40/src/field.rs","byte_start":6398,"byte_end":6403,"line_start":150,"line_end":150,"column_start":26,"column_end":31,"is_primary":true,"text":[{"text":"impl<'a> AsField for &'a Field {","highlight_start":26,"highlight_end":31}],"label":"not found in this scope","suggested_replacement":null,"suggestion_applicability":null,"expansion":null}],"children":[],"rendered":"\u001b[0m\u001b[1m\u001b[38;5;9merror[E0412]\u001b[0m\u001b[0m\u001b[1m: cannot find type `Field` in this scope\u001b[0m\n\u001b[0m   \u001b[0m\u001b[0m\u001b[1m\u001b[38;5;12m--> \u001b[0m\u001b[0m/Users/nicklopacki/.cargo/registry/src/index.crates.io-6f17d22bba15001f/tracing-0.1.40/src/field.rs:150:26\u001b[0m\n\u001b[0m    \u001b[0m\u001b[0m\u001b[1m\u001b[38;5;12m|\u001b[0m\n\u001b[0m\u001b[1m\u001b[38;5;12m150\u001b[0m\u001b[0m \u001b[0m\u001b[0m\u001b[1m\u001b[38;5;12m|\u001b[0m\u001b[0m \u001b[0m\u001b[0mimpl<'a> AsField for &'a Field {\u001b[0m\n\u001b[0m    \u001b[0m\u001b[0m\u001b[1m\u001b[38;5;12m| \u001b[0m\u001b[0m                         \u001b[0m\u001b[0m\u001b[1m\u001b[38;5;9m^^^^^\u001b[0m\u001b[0m \u001b[0m\u001b[0m\u001b[1m\u001b[38;5;9mnot found in this scope\u001b[0m\n\n"}
{"$message_type":"diagnostic","message":"cannot find type `Field` in this scope","code":{"code":"E0412","explanation":"A used type name is not in scope.\n\nErroneous code examples:\n\n```compile_fail,E0412\nimpl Something {} // error: type name `Something` is not in scope\n\n// or:\n\ntrait Foo {\n    fn bar(N); // error: type name `N` is not in scope\n}\n\n// or:\n\nfn foo(x: T) {} // type name `T` is not in scope\n```\n\nTo fix this error, please verify you didn't misspell the type name, you did\ndeclare it or imported it into the scope. Examples:\n\n```\nstruct Something;\n\nimpl Something {} // ok!\n\n// or:\n\ntrait Foo {\n    type N;\n\n    fn bar(_: Self::N); // ok!\n}\n\n// or:\n\nfn foo<T>(x: T) {} // ok!\n```\n\nAnother case that causes this error is when a type is imported into a parent\nmodule. To fix this, you can follow the suggestion and use File directly or\n`use super::File;` which will import the types from the parent namespace. An\nexample that causes this error is below:\n\n```compile_fail,E0412\nuse std::fs::File;\n\nmod foo {\n    fn some_function(f: File) {}\n}\n```\n\n```\nuse std::fs::File;\n\nmod foo {\n    // either\n    use super::File;\n    // or\n    // use std::fs::File;\n    fn foo(f: File) {}\n}\n# fn main() {} // don't insert it for us; that'll break imports\n```\n"},"level":"error","spans":[{"file_name":"/Users/nicklopacki/.cargo/registry/src/index.crates.io-6f17d22bba15001f/tracing-0.1.40/src/field.rs","byte_start":6478,"byte_end":6483,"line_start":152,"line_end":152,"column_start":59,"column_end":64,"is_primary":true,"text":[{"text":"    fn as_field(&self, metadata: &Metadata<'_>) -> Option<Field> {","highlight_start":59,"highlight_end":64}],"label":"not found in this scope","suggested_replacement":null,"suggestion_applicability":null,"expansion":null}],"children":[{"message":"you might be missing a type parameter","code":null,"level":"help","spans":[{"file_name":"/Users/nicklopacki/.cargo/registry/src/index.crates.io-6f17d22bba15001f/tracing-0.1.40/src/field.rs","byte_start":6380,"byte_end":6380,"line_start":150,"line_end":150,"column_start":8,"column_end":8,"is_primary":true,"text":[{"text":"impl<'a> AsField for &'a Field {","highlight_start":8,"highlight_end":8}],"label":null,"suggested_replacement":", Field","suggestion_applicability":"MaybeIncorrect","expansion":null}],"children":[],"rendered":null}],"rendered":"\u001b[0m\u001b[1m\u001b[38;5;9merror[E0412]\u001b[0m\u001b[0m\u001b[1m: cannot find type `Field` in this scope\u001b[0m\n\u001b[0m   \u001b[0m\u001b[0m\u001b[1m\u001b[38;5;12m--> \u001b[0m\u001b[0m/Users/nicklopacki/.cargo/registry/src/index.crates.io-6f17d22bba15001f/tracing-0.1.40/src/field.rs:152:59\u001b[0m\n\u001b[0m    \u001b[0m\u001b[0m\u001b[1m\u001b[38;5;12m|\u001b[0m\n\u001b[0m\u001b[1m\u001b[38;5;12m152\u001b[0m\u001b[0m \u001b[0m\u001b[0m\u001b[1m\u001b[38;5;12m|\u001b[0m\u001b[0m \u001b[0m\u001b[0m    fn as_field(&self, metadata: &Metadata<'_>) -> Option<Field> {\u001b[0m\n\u001b[0m    \u001b[0m\u001b[0m\u001b[1m\u001b[38;5;12m| \u001b[0m\u001b[0m                                                          \u001b[0m\u001b[0m\u001b[1m\u001b[38;5;9m^^^^^\u001b[0m\u001b[0m \u001b[0m\u001b[0m\u001b[1m\u001b[38;5;9mnot found in this scope\u001b[0m\n\u001b[0m    \u001b[0m\u001b[0m\u001b[1m\u001b[38;5;12m|\u001b[0m\n\u001b[0m\u001b[1m\u001b[38;5;14mhelp\u001b[0m\u001b[0m: you might be missing a type parameter\u001b[0m\n\u001b[0m    \u001b[0m\u001b[0m\u001b[1m\u001b[38;5;12m|\u001b[0m\n\u001b[0m\u001b[1m\u001b[38;5;12m150\u001b[0m\u001b[0m \u001b[0m\u001b[0m\u001b[1m\u001b[38;5;12m| \u001b[0m\u001b[0mimpl<'a\u001b[0m\u001b[0m\u001b[38;5;10m, Field\u001b[0m\u001b[0m> AsField for &'a Field {\u001b[0m\n\u001b[0m    \u001b[0m\u001b[0m\u001b[1m\u001b[38;5;12m|\u001b[0m\u001b[0m        \u001b[0m\u001b[0m\u001b[38;5;10m+++++++\u001b[0m\n\n"}
{"$message_type":"diagnostic","message":"cannot find type `Field` in this scope","code":{"code":"E0412","explanation":"A used type name is not in scope.\n\nErroneous code examples:\n\n```compile_fail,E0412\nimpl Something {} // error: type name `Something` is not in scope\n\n// or:\n\ntrait Foo {\n    fn bar(N); // error: type name `N` is not in scope\n}\n\n// or:\n\nfn foo(x: T) {} // type name `T` is not in scope\n```\n\nTo fix this error, please verify you didn't misspell the type name, you did\ndeclare it or imported it into the scope. Examples:\n\n```\nstruct Something;\n\nimpl Something {} // ok!\n\n// or:\n\ntrait Foo {\n    type N;\n\n    fn bar(_: Self::N); // ok!\n}\n\n// or:\n\nfn foo<T>(x: T) {} // ok!\n```\n\nAnother case that causes this error is when a type is imported into a parent\nmodule. To fix this, you can follow the suggestion and use File directly or\n`use super::File;` which will import the types from the parent namespace. An\nexample that causes this error is below:\n\n```compile_fail,E0412\nuse std::fs::File;\n\nmod foo {\n    fn some_function(f: File) {}\n}\n```\n\n```\nuse std::fs::File;\n\nmod foo {\n    // either\n    use super::File;\n    // or\n    // use std::fs::File;\n    fn foo(f: File) {}\n}\n# fn main() {} // don't insert it for us; that'll break imports\n```\n"},"level":"error","spans":[{"file_name":"/Users/nicklopacki/.cargo/registry/src/index.crates.io-6f17d22bba15001f/tracing-0.1.40/src/field.rs","byte_start":6721,"byte_end":6726,"line_start":163,"line_end":163,"column_start":59,"column_end":64,"is_primary":true,"text":[{"text":"    fn as_field(&self, metadata: &Metadata<'_>) -> Option<Field> {","highlight_start":59,"highlight_end":64}],"label":"not found in this scope","suggested_replacement":null,"suggestion_applicability":null,"expansion":null}],"children":[{"message":"you might be missing a type parameter","code":null,"level":"help","spans":[{"file_name":"/Users/nicklopacki/.cargo/registry/src/index.crates.io-6f17d22bba15001f/tracing-0.1.40/src/field.rs","byte_start":6630,"byte_end":6630,"line_start":161,"line_end":161,"column_start":5,"column_end":5,"is_primary":true,"text":[{"text":"impl AsField for str {","highlight_start":5,"highlight_end":5}],"label":null,"suggested_replacement":"<Field>","suggestion_applicability":"MaybeIncorrect","expansion":null}],"children":[],"rendered":null}],"rendered":"\u001b[0m\u001b[1m\u001b[38;5;9merror[E0412]\u001b[0m\u001b[0m\u001b[1m: cannot find type `Field` in this scope\u001b[0m\n\u001b[0m   \u001b[0m\u001b[0m\u001b[1m\u001b[38;5;12m--> \u001b[0m\u001b[0m/Users/nicklopacki/.cargo/registry/src/index.crates.io-6f17d22bba15001f/tracing-0.1.40/src/field.rs:163:59\u001b[0m\n\u001b[0m    \u001b[0m\u001b[0m\u001b[1m\u001b[38;5;12m|\u001b[0m\n\u001b[0m\u001b[1m\u001b[38;5;12m163\u001b[0m\u001b[0m \u001b[0m\u001b[0m\u001b[1m\u001b[38;5;12m|\u001b[0m\u001b[0m \u001b[0m\u001b[0m    fn as_field(&self, metadata: &Metadata<'_>) -> Option<Field> {\u001b[0m\n\u001b[0m    \u001b[0m\u001b[0m\u001b[1m\u001b[38;5;12m| \u001b[0m\u001b[0m                                                          \u001b[0m\u001b[0m\u001b[1m\u001b[38;5;9m^^^^^\u001b[0m\u001b[0m \u001b[0m\u001b[0m\u001b[1m\u001b[38;5;9mnot found in this scope\u001b[0m\n\u001b[0m    \u001b[0m\u001b[0m\u001b[1m\u001b[38;5;12m|\u001b[0m\n\u001b[0m\u001b[1m\u001b[38;5;14mhelp\u001b[0m\u001b[0m: you might be missing a type parameter\u001b[0m\n\u001b[0m    \u001b[0m\u001b[0m\u001b[1m\u001b[38;5;12m|\u001b[0m\n\u001b[0m\u001b[1m\u001b[38;5;12m161\u001b[0m\u001b[0m \u001b[0m\u001b[0m\u001b[1m\u001b[38;5;12m| \u001b[0m\u001b[0mimpl\u001b[0m\u001b[0m\u001b[38;5;10m<Field>\u001b[0m\u001b[0m AsField for str {\u001b[0m\n\u001b[0m    \u001b[0m\u001b[0m\u001b[1m\u001b[38;5;12m|\u001b[0m\u001b[0m     \u001b[0m\u001b[0m\u001b[38;5;10m+++++++\u001b[0m\n\n"}
{"$message_type":"diagnostic","message":"cannot find type `Field` in this scope","code":{"code":"E0412","explanation":"A used type name is not in scope.\n\nErroneous code examples:\n\n```compile_fail,E0412\nimpl Something {} // error: type name `Something` is not in scope\n\n// or:\n\ntrait Foo {\n    fn bar(N); // error: type name `N` is not in scope\n}\n\n// or:\n\nfn foo(x: T) {} // type name `T` is not in scope\n```\n\nTo fix this error, please verify you didn't misspell the type name, you did\ndeclare it or imported it into the scope. Examples:\n\n```\nstruct Something;\n\nimpl Something {} // ok!\n\n// or:\n\ntrait Foo {\n    type N;\n\n    fn bar(_: Self::N); // ok!\n}\n\n// or:\n\nfn foo<T>(x: T) {} // ok!\n```\n\nAnother case that causes this error is when a type is imported into a parent\nmodule. To fix this, you can follow the suggestion and use File directly or\n`use super::File;` which will import the types from the parent namespace. An\nexample that causes this error is below:\n\n```compile_fail,E0412\nuse std::fs::File;\n\nmod foo {\n    fn some_function(f: File) {}\n}\n```\n\n```\nuse std::fs::File;\n\nmod foo {\n    // either\n    use super::File;\n    // or\n    // use std::fs::File;\n    fn foo(f: File) {}\n}\n# fn main() {} // don't insert it for us; that'll break imports\n```\n"},"level":"error","spans":[{"file_name":"/Users/nicklopacki/.cargo/registry/src/index.crates.io-6f17d22bba15001f/tracing-0.1.40/src/field.rs","byte_start":6809,"byte_end":6814,"line_start":168,"line_end":168,"column_start":32,"column_end":37,"is_primary":true,"text":[{"text":"impl crate::sealed::Sealed for Field {}","highlight_start":32,"highlight_end":37}],"label":"not found in this scope","suggested_replacement":null,"suggestion_applicability":null,"expansion":null}],"children":[],"rendered":"\u001b[0m\u001b[1m\u001b[38;5;9merror[E0412]\u001b[0m\u001b[0m\u001b[1m: cannot find type `Field` in this scope\u001b[0m\n\u001b[0m   \u001b[0m\u001b[0m\u001b[1m\u001b[38;5;12m--> \u001b[0m\u001b[0m/Users/nicklopacki/.cargo/registry/src/index.crates.io-6f17d22bba15001f/tracing-0.1.40/src/field.rs:168:32\u001b[0m\n\u001b[0m    \u001b[0m\u001b[0m\u001b[1m\u001b[38;5;12m|\u001b[0m\n\u001b[0m\u001b[1m\u001b[38;5;12m168\u001b[0m\u001b[0m \u001b[0m\u001b[0m\u001b[1m\u001b[38;5;12m|\u001b[0m\u001b[0m \u001b[0m\u001b[0mimpl crate::sealed::Sealed for Field {}\u001b[0m\n\u001b[0m    \u001b[0m\u001b[0m\u001b[1m\u001b[38;5;12m| \u001b[0m\u001b[0m                               \u001b[0m\u001b[0m\u001b[1m\u001b[38;5;9m^^^^^\u001b[0m\u001b[0m \u001b[0m\u001b[0m\u001b[1m\u001b[38;5;9mnot found in this scope\u001b[0m\n\n"}
{"$message_type":"diagnostic","message":"cannot find type `Field` in this scope","code":{"code":"E0412","explanation":"A used type name is not in scope.\n\nErroneous code examples:\n\n```compile_fail,E0412\nimpl Something {} // error: type name `Something` is not in scope\n\n// or:\n\ntrait Foo {\n    fn bar(N); // error: type name `N` is not in scope\n}\n\n// or:\n\nfn foo(x: T) {} // type name `T` is not in scope\n```\n\nTo fix this error, please verify you didn't misspell the type name, you did\ndeclare it or imported it into the scope. Examples:\n\n```\nstruct Something;\n\nimpl Something {} // ok!\n\n// or:\n\ntrait Foo {\n    type N;\n\n    fn bar(_: Self::N); // ok!\n}\n\n// or:\n\nfn foo<T>(x: T) {} // ok!\n```\n\nAnother case that causes this error is when a type is imported into a parent\nmodule. To fix this, you can follow the suggestion and use File directly or\n`use super::File;` which will import the types from the parent namespace. An\nexample that causes this error is below:\n\n```compile_fail,E0412\nuse std::fs::File;\n\nmod foo {\n    fn some_function(f: File) {}\n}\n```\n\n```\nuse std::fs::File;\n\nmod foo {\n    // either\n    use super::File;\n    // or\n    // use std::fs::File;\n    fn foo(f: File) {}\n}\n# fn main() {} // don't insert it for us; that'll break imports\n```\n"},"level":"error","spans":[{"file_name":"/Users/nicklopacki/.cargo/registry/src/index.crates.io-6f17d22bba15001f/tracing-0.1.40/src/field.rs","byte_start":6857,"byte_end":6862,"line_start":169,"line_end":169,"column_start":40,"column_end":45,"is_primary":true,"text":[{"text":"impl<'a> crate::sealed::Sealed for &'a Field {}","highlight_start":40,"highlight_end":45}],"label":"not found in this scope","suggested_replacement":null,"suggestion_applicability":null,"expansion":null}],"children":[],"rendered":"\u001b[0m\u001b[1m\u001b[38;5;9merror[E0412]\u001b[0m\u001b[0m\u001b[1m: cannot find type `Field` in this scope\u001b[0m\n\u001b[0m   \u001b[0m\u001b[0m\u001b[1m\u001b[38;5;12m--> \u001b[0m\u001b[0m/Users/nicklopacki/.cargo/registry/src/index.crates.io-6f17d22bba15001f/tracing-0.1.40/src/field.rs:169:40\u001b[0m\n\u001b[0m    \u001b[0m\u001b[0m\u001b[1m\u001b[38;5;12m|\u001b[0m\n\u001b[0m\u001b[1m\u001b[38;5;12m169\u001b[0m\u001b[0m \u001b[0m\u001b[0m\u001b[1m\u001b[38;5;12m|\u001b[0m\u001b[0m \u001b[0m\u001b[0mimpl<'a> crate::sealed::Sealed for &'a Field {}\u001b[0m\n\u001b[0m    \u001b[0m\u001b[0m\u001b[1m\u001b[38;5;12m| \u001b[0m\u001b[0m                                       \u001b[0m\u001b[0m\u001b[1m\u001b[38;5;9m^^^^^\u001b[0m\u001b[0m \u001b[0m\u001b[0m\u001b[1m\u001b[38;5;9mnot found in this scope\u001b[0m\n\n"}
{"$message_type":"diagnostic","message":"cannot find type `Instrumented` in this scope","code":{"code":"E0412","explanation":"A used type name is not in scope.\n\nErroneous code examples:\n\n```compile_fail,E0412\nimpl Something {} // error: type name `Something` is not in scope\n\n// or:\n\ntrait Foo {\n    fn bar(N); // error: type name `N` is not in scope\n}\n\n// or:\n\nfn foo(x: T) {} // type name `T` is not in scope\n```\n\nTo fix this error, please verify you didn't misspell the type name, you did\ndeclare it or imported it into the scope. Examples:\n\n```\nstruct Something;\n\nimpl Something {} // ok!\n\n// or:\n\ntrait Foo {\n    type N;\n\n    fn bar(_: Self::N); // ok!\n}\n\n// or:\n\nfn foo<T>(x: T) {} // ok!\n```\n\nAnother case that causes this error is when a type is imported into a parent\nmodule. To fix this, you can follow the suggestion and use File directly or\n`use super::File;` which will import the types from the parent namespace. An\nexample that causes this error is below:\n\n```compile_fail,E0412\nuse std::fs::File;\n\nmod foo {\n    fn some_function(f: File) {}\n}\n```\n\n```\nuse std::fs::File;\n\nmod foo {\n    // either\n    use super::File;\n    // or\n    // use std::fs::File;\n    fn foo(f: File) {}\n}\n# fn main() {} // don't insert it for us; that'll break imports\n```\n"},"level":"error","spans":[{"file_name":"/Users/nicklopacki/.cargo/registry/src/index.crates.io-6f17d22bba15001f/tracing-0.1.40/src/instrument.rs","byte_start":2682,"byte_end":2694,"line_start":86,"line_end":86,"column_start":40,"column_end":52,"is_primary":true,"text":[{"text":"    fn instrument(self, span: Span) -> Instrumented<Self> {","highlight_start":40,"highlight_end":52}],"label":"not found in this scope","suggested_replacement":null,"suggestion_applicability":null,"expansion":null}],"children":[],"rendered":"\u001b[0m\u001b[1m\u001b[38;5;9merror[E0412]\u001b[0m\u001b[0m\u001b[1m: cannot find type `Instrumented` in this scope\u001b[0m\n\u001b[0m  \u001b[0m\u001b[0m\u001b[1m\u001b[38;5;12m--> \u001b[0m\u001b[0m/Users/nicklopacki/.cargo/registry/src/index.crates.io-6f17d22bba15001f/tracing-0.1.40/src/instrument.rs:86:40\u001b[0m\n\u001b[0m   \u001b[0m\u001b[0m\u001b[1m\u001b[38;5;12m|\u001b[0m\n\u001b[0m\u001b[1m\u001b[38;5;12m86\u001b[0m\u001b[0m \u001b[0m\u001b[0m\u001b[1m\u001b[38;5;12m|\u001b[0m\u001b[0m \u001b[0m\u001b[0m    fn instrument(self, span: Span) -> Instrumented<Self> {\u001b[0m\n\u001b[0m   \u001b[0m\u001b[0m\u001b[1m\u001b[38;5;12m| \u001b[0m\u001b[0m                                       \u001b[0m\u001b[0m\u001b[1m\u001b[38;5;9m^^^^^^^^^^^^\u001b[0m\u001b[0m \u001b[0m\u001b[0m\u001b[1m\u001b[38;5;9mnot found in this scope\u001b[0m\n\n"}
{"$message_type":"diagnostic","message":"cannot find struct, variant or union type `Instrumented` in this scope","code":{"code":"E0422","explanation":"An identifier that is neither defined nor a struct was used.\n\nErroneous code example:\n\n```compile_fail,E0422\nfn main () {\n    let x = Foo { x: 1, y: 2 };\n}\n```\n\nIn this case, `Foo` is undefined, so it inherently isn't anything, and\ndefinitely not a struct.\n\n```compile_fail\nfn main () {\n    let foo = 1;\n    let x = foo { x: 1, y: 2 };\n}\n```\n\nIn this case, `foo` is defined, but is not a struct, so Rust can't use it as\none.\n"},"level":"error","spans":[{"file_name":"/Users/nicklopacki/.cargo/registry/src/index.crates.io-6f17d22bba15001f/tracing-0.1.40/src/instrument.rs","byte_start":2711,"byte_end":2723,"line_start":87,"line_end":87,"column_start":9,"column_end":21,"is_primary":true,"text":[{"text":"        Instrumented {","highlight_start":9,"highlight_end":21}],"label":"not found in this scope","suggested_replacement":null,"suggestion_applicability":null,"expansion":null}],"children":[],"rendered":"\u001b[0m\u001b[1m\u001b[38;5;9merror[E0422]\u001b[0m\u001b[0m\u001b[1m: cannot find struct, variant or union type `Instrumented` in this scope\u001b[0m\n\u001b[0m  \u001b[0m\u001b[0m\u001b[1m\u001b[38;5;12m--> \u001b[0m\u001b[0m/Users/nicklopacki/.cargo/registry/src/index.crates.io-6f17d22bba15001f/tracing-0.1.40/src/instrument.rs:87:9\u001b[0m\n\u001b[0m   \u001b[0m\u001b[0m\u001b[1m\u001b[38;5;12m|\u001b[0m\n\u001b[0m\u001b[1m\u001b[38;5;12m87\u001b[0m\u001b[0m \u001b[0m\u001b[0m\u001b[1m\u001b[38;5;12m|\u001b[0m\u001b[0m \u001b[0m\u001b[0m        Instrumented {\u001b[0m\n\u001b[0m   \u001b[0m\u001b[0m\u001b[1m\u001b[38;5;12m| \u001b[0m\u001b[0m        \u001b[0m\u001b[0m\u001b[1m\u001b[38;5;9m^^^^^^^^^^^^\u001b[0m\u001b[0m \u001b[0m\u001b[0m\u001b[1m\u001b[38;5;9mnot found in this scope\u001b[0m\n\n"}
{"$message_type":"diagnostic","message":"cannot find type `Instrumented` in this scope","code":{"code":"E0412","explanation":"A used type name is not in scope.\n\nErroneous code examples:\n\n```compile_fail,E0412\nimpl Something {} // error: type name `Something` is not in scope\n\n// or:\n\ntrait Foo {\n    fn bar(N); // error: type name `N` is not in scope\n}\n\n// or:\n\nfn foo(x: T) {} // type name `T` is not in scope\n```\n\nTo fix this error, please verify you didn't misspell the type name, you did\ndeclare it or imported it into the scope. Examples:\n\n```\nstruct Something;\n\nimpl Something {} // ok!\n\n// or:\n\ntrait Foo {\n    type N;\n\n    fn bar(_: Self::N); // ok!\n}\n\n// or:\n\nfn foo<T>(x: T) {} // ok!\n```\n\nAnother case that causes this error is when a type is imported into a parent\nmodule. To fix this, you can follow the suggestion and use File directly or\n`use super::File;` which will import the types from the parent namespace. An\nexample that causes this error is below:\n\n```compile_fail,E0412\nuse std::fs::File;\n\nmod foo {\n    fn some_function(f: File) {}\n}\n```\n\n```\nuse std::fs::File;\n\nmod foo {\n    // either\n    use super::File;\n    // or\n    // use std::fs::File;\n    fn foo(f: File) {}\n}\n# fn main() {} // don't insert it for us; that'll break imports\n```\n"},"level":"error","spans":[{"file_name":"/Users/nicklopacki/.cargo/registry/src/index.crates.io-6f17d22bba15001f/tracing-0.1.40/src/instrument.rs","byte_start":3873,"byte_end":3885,"line_start":128,"line_end":128,"column_start":33,"column_end":45,"is_primary":true,"text":[{"text":"    fn in_current_span(self) -> Instrumented<Self> {","highlight_start":33,"highlight_end":45}],"label":"not found in this scope","suggested_replacement":null,"suggestion_applicability":null,"expansion":null}],"children":[],"rendered":"\u001b[0m\u001b[1m\u001b[38;5;9merror[E0412]\u001b[0m\u001b[0m\u001b[1m: cannot find type `Instrumented` in this scope\u001b[0m\n\u001b[0m   \u001b[0m\u001b[0m\u001b[1m\u001b[38;5;12m--> \u001b[0m\u001b[0m/Users/nicklopacki/.cargo/registry/src/index.crates.io-6f17d22bba15001f/tracing-0.1.40/src/instrument.rs:128:33\u001b[0m\n\u001b[0m    \u001b[0m\u001b[0m\u001b[1m\u001b[38;5;12m|\u001b[0m\n\u001b[0m\u001b[1m\u001b[38;5;12m128\u001b[0m\u001b[0m \u001b[0m\u001b[0m\u001b[1m\u001b[38;5;12m|\u001b[0m\u001b[0m \u001b[0m\u001b[0m    fn in_current_span(self) -> Instrumented<Self> {\u001b[0m\n\u001b[0m    \u001b[0m\u001b[0m\u001b[1m\u001b[38;5;12m| \u001b[0m\u001b[0m                                \u001b[0m\u001b[0m\u001b[1m\u001b[38;5;9m^^^^^^^^^^^^\u001b[0m\u001b[0m \u001b[0m\u001b[0m\u001b[1m\u001b[38;5;9mnot found in this scope\u001b[0m\n\n"}
{"$message_type":"diagnostic","message":"cannot find type `WithDispatch` in this scope","code":{"code":"E0412","explanation":"A used type name is not in scope.\n\nErroneous code examples:\n\n```compile_fail,E0412\nimpl Something {} // error: type name `Something` is not in scope\n\n// or:\n\ntrait Foo {\n    fn bar(N); // error: type name `N` is not in scope\n}\n\n// or:\n\nfn foo(x: T) {} // type name `T` is not in scope\n```\n\nTo fix this error, please verify you didn't misspell the type name, you did\ndeclare it or imported it into the scope. Examples:\n\n```\nstruct Something;\n\nimpl Something {} // ok!\n\n// or:\n\ntrait Foo {\n    type N;\n\n    fn bar(_: Self::N); // ok!\n}\n\n// or:\n\nfn foo<T>(x: T) {} // ok!\n```\n\nAnother case that causes this error is when a type is imported into a parent\nmodule. To fix this, you can follow the suggestion and use File directly or\n`use super::File;` which will import the types from the parent namespace. An\nexample that causes this error is below:\n\n```compile_fail,E0412\nuse std::fs::File;\n\nmod foo {\n    fn some_function(f: File) {}\n}\n```\n\n```\nuse std::fs::File;\n\nmod foo {\n    // either\n    use super::File;\n    // or\n    // use std::fs::File;\n    fn foo(f: File) {}\n}\n# fn main() {} // don't insert it for us; that'll break imports\n```\n"},"level":"error","spans":[{"file_name":"/Users/nicklopacki/.cargo/registry/src/index.crates.io-6f17d22bba15001f/tracing-0.1.40/src/instrument.rs","byte_start":5698,"byte_end":5710,"line_start":176,"line_end":176,"column_start":51,"column_end":63,"is_primary":true,"text":[{"text":"    fn with_subscriber<S>(self, subscriber: S) -> WithDispatch<Self>","highlight_start":51,"highlight_end":63}],"label":"not found in this scope","suggested_replacement":null,"suggestion_applicability":null,"expansion":null}],"children":[],"rendered":"\u001b[0m\u001b[1m\u001b[38;5;9merror[E0412]\u001b[0m\u001b[0m\u001b[1m: cannot find type `WithDispatch` in this scope\u001b[0m\n\u001b[0m   \u001b[0m\u001b[0m\u001b[1m\u001b[38;5;12m--> \u001b[0m\u001b[0m/Users/nicklopacki/.cargo/registry/src/index.crates.io-6f17d22bba15001f/tracing-0.1.40/src/instrument.rs:176:51\u001b[0m\n\u001b[0m    \u001b[0m\u001b[0m\u001b[1m\u001b[38;5;12m|\u001b[0m\n\u001b[0m\u001b[1m\u001b[38;5;12m176\u001b[0m\u001b[0m \u001b[0m\u001b[0m\u001b[1m\u001b[38;5;12m|\u001b[0m\u001b[0m \u001b[0m\u001b[0m    fn with_subscriber<S>(self, subscriber: S) -> WithDispatch<Self>\u001b[0m\n\u001b[0m    \u001b[0m\u001b[0m\u001b[1m\u001b[38;5;12m| \u001b[0m\u001b[0m                                                  \u001b[0m\u001b[0m\u001b[1m\u001b[38;5;9m^^^^^^^^^^^^\u001b[0m\u001b[0m \u001b[0m\u001b[0m\u001b[1m\u001b[38;5;9mnot found in this scope\u001b[0m\n\n"}
{"$message_type":"diagnostic","message":"cannot find struct, variant or union type `WithDispatch` in this scope","code":{"code":"E0422","explanation":"An identifier that is neither defined nor a struct was used.\n\nErroneous code example:\n\n```compile_fail,E0422\nfn main () {\n    let x = Foo { x: 1, y: 2 };\n}\n```\n\nIn this case, `Foo` is undefined, so it inherently isn't anything, and\ndefinitely not a struct.\n\n```compile_fail\nfn main () {\n    let foo = 1;\n    let x = foo { x: 1, y: 2 };\n}\n```\n\nIn this case, `foo` is defined, but is not a struct, so Rust can't use it as\none.\n"},"level":"error","spans":[{"file_name":"/Users/nicklopacki/.cargo/registry/src/index.crates.io-6f17d22bba15001f/tracing-0.1.40/src/instrument.rs","byte_start":5768,"byte_end":5780,"line_start":180,"line_end":180,"column_start":9,"column_end":21,"is_primary":true,"text":[{"text":"        WithDispatch {","highlight_start":9,"highlight_end":21}],"label":"not found in this scope","suggested_replacement":null,"suggestion_applicability":null,"expansion":null}],"children":[],"rendered":"\u001b[0m\u001b[1m\u001b[38;5;9merror[E0422]\u001b[0m\u001b[0m\u001b[1m: cannot find struct, variant or union type `WithDispatch` in this scope\u001b[0m\n\u001b[0m   \u001b[0m\u001b[0m\u001b[1m\u001b[38;5;12m--> \u001b[0m\u001b[0m/Users/nicklopacki/.cargo/registry/src/index.crates.io-6f17d22bba15001f/tracing-0.1.40/src/instrument.rs:180:9\u001b[0m\n\u001b[0m    \u001b[0m\u001b[0m\u001b[1m\u001b[38;5;12m|\u001b[0m\n\u001b[0m\u001b[1m\u001b[38;5;12m180\u001b[0m\u001b[0m \u001b[0m\u001b[0m\u001b[1m\u001b[38;5;12m|\u001b[0m\u001b[0m \u001b[0m\u001b[0m        WithDispatch {\u001b[0m\n\u001b[0m    \u001b[0m\u001b[0m\u001b[1m\u001b[38;5;12m| \u001b[0m\u001b[0m        \u001b[0m\u001b[0m\u001b[1m\u001b[38;5;9m^^^^^^^^^^^^\u001b[0m\u001b[0m \u001b[0m\u001b[0m\u001b[1m\u001b[38;5;9mnot found in this scope\u001b[0m\n\n"}
{"$message_type":"diagnostic","message":"cannot find type `WithDispatch` in this scope","code":{"code":"E0412","explanation":"A used type name is not in scope.\n\nErroneous code examples:\n\n```compile_fail,E0412\nimpl Something {} // error: type name `Something` is not in scope\n\n// or:\n\ntrait Foo {\n    fn bar(N); // error: type name `N` is not in scope\n}\n\n// or:\n\nfn foo(x: T) {} // type name `T` is not in scope\n```\n\nTo fix this error, please verify you didn't misspell the type name, you did\ndeclare it or imported it into the scope. Examples:\n\n```\nstruct Something;\n\nimpl Something {} // ok!\n\n// or:\n\ntrait Foo {\n    type N;\n\n    fn bar(_: Self::N); // ok!\n}\n\n// or:\n\nfn foo<T>(x: T) {} // ok!\n```\n\nAnother case that causes this error is when a type is imported into a parent\nmodule. To fix this, you can follow the suggestion and use File directly or\n`use super::File;` which will import the types from the parent namespace. An\nexample that causes this error is below:\n\n```compile_fail,E0412\nuse std::fs::File;\n\nmod foo {\n    fn some_function(f: File) {}\n}\n```\n\n```\nuse std::fs::File;\n\nmod foo {\n    // either\n    use super::File;\n    // or\n    // use std::fs::File;\n    fn foo(f: File) {}\n}\n# fn main() {} // don't insert it for us; that'll break imports\n```\n"},"level":"error","spans":[{"file_name":"/Users/nicklopacki/.cargo/registry/src/index.crates.io-6f17d22bba15001f/tracing-0.1.40/src/instrument.rs","byte_start":7586,"byte_end":7598,"line_start":228,"line_end":228,"column_start":41,"column_end":53,"is_primary":true,"text":[{"text":"    fn with_current_subscriber(self) -> WithDispatch<Self> {","highlight_start":41,"highlight_end":53}],"label":"not found in this scope","suggested_replacement":null,"suggestion_applicability":null,"expansion":null}],"children":[],"rendered":"\u001b[0m\u001b[1m\u001b[38;5;9merror[E0412]\u001b[0m\u001b[0m\u001b[1m: cannot find type `WithDispatch` in this scope\u001b[0m\n\u001b[0m   \u001b[0m\u001b[0m\u001b[1m\u001b[38;5;12m--> \u001b[0m\u001b[0m/Users/nicklopacki/.cargo/registry/src/index.crates.io-6f17d22bba15001f/tracing-0.1.40/src/instrument.rs:228:41\u001b[0m\n\u001b[0m    \u001b[0m\u001b[0m\u001b[1m\u001b[38;5;12m|\u001b[0m\n\u001b[0m\u001b[1m\u001b[38;5;12m228\u001b[0m\u001b[0m \u001b[0m\u001b[0m\u001b[1m\u001b[38;5;12m|\u001b[0m\u001b[0m \u001b[0m\u001b[0m    fn with_current_subscriber(self) -> WithDispatch<Self> {\u001b[0m\n\u001b[0m    \u001b[0m\u001b[0m\u001b[1m\u001b[38;5;12m| \u001b[0m\u001b[0m                                        \u001b[0m\u001b[0m\u001b[1m\u001b[38;5;9m^^^^^^^^^^^^\u001b[0m\u001b[0m \u001b[0m\u001b[0m\u001b[1m\u001b[38;5;9mnot found in this scope\u001b[0m\n\n"}
{"$message_type":"diagnostic","message":"cannot find struct, variant or union type `WithDispatch` in this scope","code":{"code":"E0422","explanation":"An identifier that is neither defined nor a struct was used.\n\nErroneous code example:\n\n```compile_fail,E0422\nfn main () {\n    let x = Foo { x: 1, y: 2 };\n}\n```\n\nIn this case, `Foo` is undefined, so it inherently isn't anything, and\ndefinitely not a struct.\n\n```compile_fail\nfn main () {\n    let foo = 1;\n    let x = foo { x: 1, y: 2 };\n}\n```\n\nIn this case, `foo` is defined, but is not a struct, so Rust can't use it as\none.\n"},"level":"error","spans":[{"file_name":"/Users/nicklopacki/.cargo/registry/src/index.crates.io-6f17d22bba15001f/tracing-0.1.40/src/instrument.rs","byte_start":7615,"byte_end":7627,"line_start":229,"line_end":229,"column_start":9,"column_end":21,"is_primary":true,"text":[{"text":"        WithDispatch {","highlight_start":9,"highlight_end":21}],"label":"not found in this scope","suggested_replacement":null,"suggestion_applicability":null,"expansion":null}],"children":[],"rendered":"\u001b[0m\u001b[1m\u001b[38;5;9merror[E0422]\u001b[0m\u001b[0m\u001b[1m: cannot find struct, variant or union type `WithDispatch` in this scope\u001b[0m\n\u001b[0m   \u001b[0m\u001b[0m\u001b[1m\u001b[38;5;12m--> \u001b[0m\u001b[0m/Users/nicklopacki/.cargo/registry/src/index.crates.io-6f17d22bba15001f/tracing-0.1.40/src/instrument.rs:229:9\u001b[0m\n\u001b[0m    \u001b[0m\u001b[0m\u001b[1m\u001b[38;5;12m|\u001b[0m\n\u001b[0m\u001b[1m\u001b[38;5;12m229\u001b[0m\u001b[0m \u001b[0m\u001b[0m\u001b[1m\u001b[38;5;12m|\u001b[0m\u001b[0m \u001b[0m\u001b[0m        WithDispatch {\u001b[0m\n\u001b[0m    \u001b[0m\u001b[0m\u001b[1m\u001b[38;5;12m| \u001b[0m\u001b[0m        \u001b[0m\u001b[0m\u001b[1m\u001b[38;5;9m^^^^^^^^^^^^\u001b[0m\u001b[0m \u001b[0m\u001b[0m\u001b[1m\u001b[38;5;9mnot found in this scope\u001b[0m\n\n"}
{"$message_type":"diagnostic","message":"cannot find type `InstrumentedProj` in this scope","code":{"code":"E0412","explanation":"A used type name is not in scope.\n\nErroneous code examples:\n\n```compile_fail,E0412\nimpl Something {} // error: type name `Something` is not in scope\n\n// or:\n\ntrait Foo {\n    fn bar(N); // error: type name `N` is not in scope\n}\n\n// or:\n\nfn foo(x: T) {} // type name `T` is not in scope\n```\n\nTo fix this error, please verify you didn't misspell the type name, you did\ndeclare it or imported it into the scope. Examples:\n\n```\nstruct Something;\n\nimpl Something {} // ok!\n\n// or:\n\ntrait Foo {\n    type N;\n\n    fn bar(_: Self::N); // ok!\n}\n\n// or:\n\nfn foo<T>(x: T) {} // ok!\n```\n\nAnother case that causes this error is when a type is imported into a parent\nmodule. To fix this, you can follow the suggestion and use File directly or\n`use super::File;` which will import the types from the parent namespace. An\nexample that causes this error is below:\n\n```compile_fail,E0412\nuse std::fs::File;\n\nmod foo {\n    fn some_function(f: File) {}\n}\n```\n\n```\nuse std::fs::File;\n\nmod foo {\n    // either\n    use super::File;\n    // or\n    // use std::fs::File;\n    fn foo(f: File) {}\n}\n# fn main() {} // don't insert it for us; that'll break imports\n```\n"},"level":"error","spans":[{"file_name":"/Users/nicklopacki/.cargo/registry/src/index.crates.io-6f17d22bba15001f/tracing-0.1.40/src/instrument.rs","byte_start":9789,"byte_end":9805,"line_start":290,"line_end":290,"column_start":13,"column_end":29,"is_primary":true,"text":[{"text":"impl<'a, T> InstrumentedProj<'a, T> {","highlight_start":13,"highlight_end":29}],"label":"not found in this scope","suggested_replacement":null,"suggestion_applicability":null,"expansion":null}],"children":[],"rendered":"\u001b[0m\u001b[1m\u001b[38;5;9merror[E0412]\u001b[0m\u001b[0m\u001b[1m: cannot find type `InstrumentedProj` in this scope\u001b[0m\n\u001b[0m   \u001b[0m\u001b[0m\u001b[1m\u001b[38;5;12m--> \u001b[0m\u001b[0m/Users/nicklopacki/.cargo/registry/src/index.crates.io-6f17d22bba15001f/tracing-0.1.40/src/instrument.rs:290:13\u001b[0m\n\u001b[0m    \u001b[0m\u001b[0m\u001b[1m\u001b[38;5;12m|\u001b[0m\n\u001b[0m\u001b[1m\u001b[38;5;12m290\u001b[0m\u001b[0m \u001b[0m\u001b[0m\u001b[1m\u001b[38;5;12m|\u001b[0m\u001b[0m \u001b[0m\u001b[0mimpl<'a, T> InstrumentedProj<'a, T> {\u001b[0m\n\u001b[0m    \u001b[0m\u001b[0m\u001b[1m\u001b[38;5;12m| \u001b[0m\u001b[0m            \u001b[0m\u001b[0m\u001b[1m\u001b[38;5;9m^^^^^^^^^^^^^^^^\u001b[0m\u001b[0m \u001b[0m\u001b[0m\u001b[1m\u001b[38;5;9mnot found in this scope\u001b[0m\n\n"}
{"$message_type":"diagnostic","message":"cannot find type `InstrumentedProjRef` in this scope","code":{"code":"E0412","explanation":"A used type name is not in scope.\n\nErroneous code examples:\n\n```compile_fail,E0412\nimpl Something {} // error: type name `Something` is not in scope\n\n// or:\n\ntrait Foo {\n    fn bar(N); // error: type name `N` is not in scope\n}\n\n// or:\n\nfn foo(x: T) {} // type name `T` is not in scope\n```\n\nTo fix this error, please verify you didn't misspell the type name, you did\ndeclare it or imported it into the scope. Examples:\n\n```\nstruct Something;\n\nimpl Something {} // ok!\n\n// or:\n\ntrait Foo {\n    type N;\n\n    fn bar(_: Self::N); // ok!\n}\n\n// or:\n\nfn foo<T>(x: T) {} // ok!\n```\n\nAnother case that causes this error is when a type is imported into a parent\nmodule. To fix this, you can follow the suggestion and use File directly or\n`use super::File;` which will import the types from the parent namespace. An\nexample that causes this error is below:\n\n```compile_fail,E0412\nuse std::fs::File;\n\nmod foo {\n    fn some_function(f: File) {}\n}\n```\n\n```\nuse std::fs::File;\n\nmod foo {\n    // either\n    use super::File;\n    // or\n    // use std::fs::File;\n    fn foo(f: File) {}\n}\n# fn main() {} // don't insert it for us; that'll break imports\n```\n"},"level":"error","spans":[{"file_name":"/Users/nicklopacki/.cargo/registry/src/index.crates.io-6f17d22bba15001f/tracing-0.1.40/src/instrument.rs","byte_start":10333,"byte_end":10352,"line_start":302,"line_end":302,"column_start":13,"column_end":32,"is_primary":true,"text":[{"text":"impl<'a, T> InstrumentedProjRef<'a, T> {","highlight_start":13,"highlight_end":32}],"label":"not found in this scope","suggested_replacement":null,"suggestion_applicability":null,"expansion":null}],"children":[],"rendered":"\u001b[0m\u001b[1m\u001b[38;5;9merror[E0412]\u001b[0m\u001b[0m\u001b[1m: cannot find type `InstrumentedProjRef` in this scope\u001b[0m\n\u001b[0m   \u001b[0m\u001b[0m\u001b[1m\u001b[38;5;12m--> \u001b[0m\u001b[0m/Users/nicklopacki/.cargo/registry/src/index.crates.io-6f17d22bba15001f/tracing-0.1.40/src/instrument.rs:302:13\u001b[0m\n\u001b[0m    \u001b[0m\u001b[0m\u001b[1m\u001b[38;5;12m|\u001b[0m\n\u001b[0m\u001b[1m\u001b[38;5;12m302\u001b[0m\u001b[0m \u001b[0m\u001b[0m\u001b[1m\u001b[38;5;12m|\u001b[0m\u001b[0m \u001b[0m\u001b[0mimpl<'a, T> InstrumentedProjRef<'a, T> {\u001b[0m\n\u001b[0m    \u001b[0m\u001b[0m\u001b[1m\u001b[38;5;12m| \u001b[0m\u001b[0m            \u001b[0m\u001b[0m\u001b[1m\u001b[38;5;9m^^^^^^^^^^^^^^^^^^^\u001b[0m\u001b[0m \u001b[0m\u001b[0m\u001b[1m\u001b[38;5;9mnot found in this scope\u001b[0m\n\n"}
{"$message_type":"diagnostic","message":"cannot find type `Instrumented` in this scope","code":{"code":"E0412","explanation":"A used type name is not in scope.\n\nErroneous code examples:\n\n```compile_fail,E0412\nimpl Something {} // error: type name `Something` is not in scope\n\n// or:\n\ntrait Foo {\n    fn bar(N); // error: type name `N` is not in scope\n}\n\n// or:\n\nfn foo(x: T) {} // type name `T` is not in scope\n```\n\nTo fix this error, please verify you didn't misspell the type name, you did\ndeclare it or imported it into the scope. Examples:\n\n```\nstruct Something;\n\nimpl Something {} // ok!\n\n// or:\n\ntrait Foo {\n    type N;\n\n    fn bar(_: Self::N); // ok!\n}\n\n// or:\n\nfn foo<T>(x: T) {} // ok!\n```\n\nAnother case that causes this error is when a type is imported into a parent\nmodule. To fix this, you can follow the suggestion and use File directly or\n`use super::File;` which will import the types from the parent namespace. An\nexample that causes this error is below:\n\n```compile_fail,E0412\nuse std::fs::File;\n\nmod foo {\n    fn some_function(f: File) {}\n}\n```\n\n```\nuse std::fs::File;\n\nmod foo {\n    // either\n    use super::File;\n    // or\n    // use std::fs::File;\n    fn foo(f: File) {}\n}\n# fn main() {} // don't insert it for us; that'll break imports\n```\n"},"level":"error","spans":[{"file_name":"/Users/nicklopacki/.cargo/registry/src/index.crates.io-6f17d22bba15001f/tracing-0.1.40/src/instrument.rs","byte_start":386,"byte_end":413,"line_start":20,"line_end":20,"column_start":1,"column_end":28,"is_primary":false,"text":[{"text":"pub trait Instrument: Sized {","highlight_start":1,"highlight_end":28}],"label":"similarly named trait `Instrument` defined here","suggested_replacement":null,"suggestion_applicability":null,"expansion":null},{"file_name":"/Users/nicklopacki/.cargo/registry/src/index.crates.io-6f17d22bba15001f/tracing-0.1.40/src/instrument.rs","byte_start":10885,"byte_end":10897,"line_start":315,"line_end":315,"column_start":28,"column_end":40,"is_primary":true,"text":[{"text":"impl<T: Future> Future for Instrumented<T> {","highlight_start":28,"highlight_end":40}],"label":null,"suggested_replacement":null,"suggestion_applicability":null,"expansion":null}],"children":[{"message":"a trait with a similar name exists","code":null,"level":"help","spans":[{"file_name":"/Users/nicklopacki/.cargo/registry/src/index.crates.io-6f17d22bba15001f/tracing-0.1.40/src/instrument.rs","byte_start":10885,"byte_end":10897,"line_start":315,"line_end":315,"column_start":28,"column_end":40,"is_primary":true,"text":[{"text":"impl<T: Future> Future for Instrumented<T> {","highlight_start":28,"highlight_end":40}],"label":null,"suggested_replacement":"Instrument","suggestion_applicability":"MaybeIncorrect","expansion":null}],"children":[],"rendered":null}],"rendered":"\u001b[0m\u001b[1m\u001b[38;5;9merror[E0412]\u001b[0m\u001b[0m\u001b[1m: cannot find type `Instrumented` in this scope\u001b[0m\n\u001b[0m   \u001b[0m\u001b[0m\u001b[1m\u001b[38;5;12m--> \u001b[0m\u001b[0m/Users/nicklopacki/.cargo/registry/src/index.crates.io-6f17d22bba15001f/tracing-0.1.40/src/instrument.rs:315:28\u001b[0m\n\u001b[0m    \u001b[0m\u001b[0m\u001b[1m\u001b[38;5;12m|\u001b[0m\n\u001b[0m\u001b[1m\u001b[38;5;12m20\u001b[0m\u001b[0m  \u001b[0m\u001b[0m\u001b[1m\u001b[38;5;12m|\u001b[0m\u001b[0m \u001b[0m\u001b[0mpub trait Instrument: Sized {\u001b[0m\n\u001b[0m    \u001b[0m\u001b[0m\u001b[1m\u001b[38;5;12m| \u001b[0m\u001b[0m\u001b[1m\u001b[38;5;12m---------------------------\u001b[0m\u001b[0m \u001b[0m\u001b[0m\u001b[1m\u001b[38;5;12msimilarly named trait `Instrument` defined here\u001b[0m\n\u001b[0m\u001b[1m\u001b[38;5;12m...\u001b[0m\n\u001b[0m\u001b[1m\u001b[38;5;12m315\u001b[0m\u001b[0m \u001b[0m\u001b[0m\u001b[1m\u001b[38;5;12m|\u001b[0m\u001b[0m \u001b[0m\u001b[0mimpl<T: Future> Future for Instrumented<T> {\u001b[0m\n\u001b[0m    \u001b[0m\u001b[0m\u001b[1m\u001b[38;5;12m| \u001b[0m\u001b[0m                           \u001b[0m\u001b[0m\u001b[1m\u001b[38;5;9m^^^^^^^^^^^^\u001b[0m\u001b[0m \u001b[0m\u001b[0m\u001b[1m\u001b[38;5;9mhelp: a trait with a similar name exists: `Instrument`\u001b[0m\n\n"}
{"$message_type":"diagnostic","message":"cannot find type `Instrumented` in this scope","code":{"code":"E0412","explanation":"A used type name is not in scope.\n\nErroneous code examples:\n\n```compile_fail,E0412\nimpl Something {} // error: type name `Something` is not in scope\n\n// or:\n\ntrait Foo {\n    fn bar(N); // error: type name `N` is not in scope\n}\n\n// or:\n\nfn foo(x: T) {} // type name `T` is not in scope\n```\n\nTo fix this error, please verify you didn't misspell the type name, you did\ndeclare it or imported it into the scope. Examples:\n\n```\nstruct Something;\n\nimpl Something {} // ok!\n\n// or:\n\ntrait Foo {\n    type N;\n\n    fn bar(_: Self::N); // ok!\n}\n\n// or:\n\nfn foo<T>(x: T) {} // ok!\n```\n\nAnother case that causes this error is when a type is imported into a parent\nmodule. To fix this, you can follow the suggestion and use File directly or\n`use super::File;` which will import the types from the parent namespace. An\nexample that causes this error is below:\n\n```compile_fail,E0412\nuse std::fs::File;\n\nmod foo {\n    fn some_function(f: File) {}\n}\n```\n\n```\nuse std::fs::File;\n\nmod foo {\n    // either\n    use super::File;\n    // or\n    // use std::fs::File;\n    fn foo(f: File) {}\n}\n# fn main() {} // don't insert it for us; that'll break imports\n```\n"},"level":"error","spans":[{"file_name":"/Users/nicklopacki/.cargo/registry/src/index.crates.io-6f17d22bba15001f/tracing-0.1.40/src/instrument.rs","byte_start":386,"byte_end":413,"line_start":20,"line_end":20,"column_start":1,"column_end":28,"is_primary":false,"text":[{"text":"pub trait Instrument: Sized {","highlight_start":1,"highlight_end":28}],"label":"similarly named trait `Instrument` defined here","suggested_replacement":null,"suggestion_applicability":null,"expansion":null},{"file_name":"/Users/nicklopacki/.cargo/registry/src/index.crates.io-6f17d22bba15001f/tracing-0.1.40/src/instrument.rs","byte_start":11193,"byte_end":11205,"line_start":327,"line_end":327,"column_start":9,"column_end":21,"is_primary":true,"text":[{"text":"impl<T> Instrumented<T> {","highlight_start":9,"highlight_end":21}],"label":null,"suggested_replacement":null,"suggestion_applicability":null,"expansion":null}],"children":[{"message":"a trait with a similar name exists","code":null,"level":"help","spans":[{"file_name":"/Users/nicklopacki/.cargo/registry/src/index.crates.io-6f17d22bba15001f/tracing-0.1.40/src/instrument.rs","byte_start":11193,"byte_end":11205,"line_start":327,"line_end":327,"column_start":9,"column_end":21,"is_primary":true,"text":[{"text":"impl<T> Instrumented<T> {","highlight_start":9,"highlight_end":21}],"label":null,"suggested_replacement":"Instrument","suggestion_applicability":"MaybeIncorrect","expansion":null}],"children":[],"rendered":null}],"rendered":"\u001b[0m\u001b[1m\u001b[38;5;9merror[E0412]\u001b[0m\u001b[0m\u001b[1m: cannot find type `Instrumented` in this scope\u001b[0m\n\u001b[0m   \u001b[0m\u001b[0m\u001b[1m\u001b[38;5;12m--> \u001b[0m\u001b[0m/Users/nicklopacki/.cargo/registry/src/index.crates.io-6f17d22bba15001f/tracing-0.1.40/src/instrument.rs:327:9\u001b[0m\n\u001b[0m    \u001b[0m\u001b[0m\u001b[1m\u001b[38;5;12m|\u001b[0m\n\u001b[0m\u001b[1m\u001b[38;5;12m20\u001b[0m\u001b[0m  \u001b[0m\u001b[0m\u001b[1m\u001b[38;5;12m|\u001b[0m\u001b[0m \u001b[0m\u001b[0mpub trait Instrument: Sized {\u001b[0m\n\u001b[0m    \u001b[0m\u001b[0m\u001b[1m\u001b[38;5;12m| \u001b[0m\u001b[0m\u001b[1m\u001b[38;5;12m---------------------------\u001b[0m\u001b[0m \u001b[0m\u001b[0m\u001b[1m\u001b[38;5;12msimilarly named trait `Instrument` defined here\u001b[0m\n\u001b[0m\u001b[1m\u001b[38;5;12m...\u001b[0m\n\u001b[0m\u001b[1m\u001b[38;5;12m327\u001b[0m\u001b[0m \u001b[0m\u001b[0m\u001b[1m\u001b[38;5;12m|\u001b[0m\u001b[0m \u001b[0m\u001b[0mimpl<T> Instrumented<T> {\u001b[0m\n\u001b[0m    \u001b[0m\u001b[0m\u001b[1m\u001b[38;5;12m| \u001b[0m\u001b[0m        \u001b[0m\u001b[0m\u001b[1m\u001b[38;5;9m^^^^^^^^^^^^\u001b[0m\u001b[0m \u001b[0m\u001b[0m\u001b[1m\u001b[38;5;9mhelp: a trait with a similar name exists: `Instrument`\u001b[0m\n\n"}
{"$message_type":"diagnostic","message":"cannot find type `WithDispatch` in this scope","code":{"code":"E0412","explanation":"A used type name is not in scope.\n\nErroneous code examples:\n\n```compile_fail,E0412\nimpl Something {} // error: type name `Something` is not in scope\n\n// or:\n\ntrait Foo {\n    fn bar(N); // error: type name `N` is not in scope\n}\n\n// or:\n\nfn foo(x: T) {} // type name `T` is not in scope\n```\n\nTo fix this error, please verify you didn't misspell the type name, you did\ndeclare it or imported it into the scope. Examples:\n\n```\nstruct Something;\n\nimpl Something {} // ok!\n\n// or:\n\ntrait Foo {\n    type N;\n\n    fn bar(_: Self::N); // ok!\n}\n\n// or:\n\nfn foo<T>(x: T) {} // ok!\n```\n\nAnother case that causes this error is when a type is imported into a parent\nmodule. To fix this, you can follow the suggestion and use File directly or\n`use super::File;` which will import the types from the parent namespace. An\nexample that causes this error is below:\n\n```compile_fail,E0412\nuse std::fs::File;\n\nmod foo {\n    fn some_function(f: File) {}\n}\n```\n\n```\nuse std::fs::File;\n\nmod foo {\n    // either\n    use super::File;\n    // or\n    // use std::fs::File;\n    fn foo(f: File) {}\n}\n# fn main() {} // don't insert it for us; that'll break imports\n```\n"},"level":"error","spans":[{"file_name":"/Users/nicklopacki/.cargo/registry/src/index.crates.io-6f17d22bba15001f/tracing-0.1.40/src/instrument.rs","byte_start":12926,"byte_end":12938,"line_start":380,"line_end":380,"column_start":28,"column_end":40,"is_primary":true,"text":[{"text":"impl<T: Future> Future for WithDispatch<T> {","highlight_start":28,"highlight_end":40}],"label":"not found in this scope","suggested_replacement":null,"suggestion_applicability":null,"expansion":null}],"children":[],"rendered":"\u001b[0m\u001b[1m\u001b[38;5;9merror[E0412]\u001b[0m\u001b[0m\u001b[1m: cannot find type `WithDispatch` in this scope\u001b[0m\n\u001b[0m   \u001b[0m\u001b[0m\u001b[1m\u001b[38;5;12m--> \u001b[0m\u001b[0m/Users/nicklopacki/.cargo/registry/src/index.crates.io-6f17d22bba15001f/tracing-0.1.40/src/instrument.rs:380:28\u001b[0m\n\u001b[0m    \u001b[0m\u001b[0m\u001b[1m\u001b[38;5;12m|\u001b[0m\n\u001b[0m\u001b[1m\u001b[38;5;12m380\u001b[0m\u001b[0m \u001b[0m\u001b[0m\u001b[1m\u001b[38;5;12m|\u001b[0m\u001b[0m \u001b[0m\u001b[0mimpl<T: Future> Future for WithDispatch<T> {\u001b[0m\n\u001b[0m    \u001b[0m\u001b[0m\u001b[1m\u001b[38;5;12m| \u001b[0m\u001b[0m                           \u001b[0m\u001b[0m\u001b[1m\u001b[38;5;9m^^^^^^^^^^^^\u001b[0m\u001b[0m \u001b[0m\u001b[0m\u001b[1m\u001b[38;5;9mnot found in this scope\u001b[0m\n\n"}
{"$message_type":"diagnostic","message":"cannot find type `WithDispatch` in this scope","code":{"code":"E0412","explanation":"A used type name is not in scope.\n\nErroneous code examples:\n\n```compile_fail,E0412\nimpl Something {} // error: type name `Something` is not in scope\n\n// or:\n\ntrait Foo {\n    fn bar(N); // error: type name `N` is not in scope\n}\n\n// or:\n\nfn foo(x: T) {} // type name `T` is not in scope\n```\n\nTo fix this error, please verify you didn't misspell the type name, you did\ndeclare it or imported it into the scope. Examples:\n\n```\nstruct Something;\n\nimpl Something {} // ok!\n\n// or:\n\ntrait Foo {\n    type N;\n\n    fn bar(_: Self::N); // ok!\n}\n\n// or:\n\nfn foo<T>(x: T) {} // ok!\n```\n\nAnother case that causes this error is when a type is imported into a parent\nmodule. To fix this, you can follow the suggestion and use File directly or\n`use super::File;` which will import the types from the parent namespace. An\nexample that causes this error is below:\n\n```compile_fail,E0412\nuse std::fs::File;\n\nmod foo {\n    fn some_function(f: File) {}\n}\n```\n\n```\nuse std::fs::File;\n\nmod foo {\n    // either\n    use super::File;\n    // or\n    // use std::fs::File;\n    fn foo(f: File) {}\n}\n# fn main() {} // don't insert it for us; that'll break imports\n```\n"},"level":"error","spans":[{"file_name":"/Users/nicklopacki/.cargo/registry/src/index.crates.io-6f17d22bba15001f/tracing-0.1.40/src/instrument.rs","byte_start":13423,"byte_end":13435,"line_start":397,"line_end":397,"column_start":9,"column_end":21,"is_primary":true,"text":[{"text":"impl<T> WithDispatch<T> {","highlight_start":9,"highlight_end":21}],"label":"not found in this scope","suggested_replacement":null,"suggestion_applicability":null,"expansion":null}],"children":[],"rendered":"\u001b[0m\u001b[1m\u001b[38;5;9merror[E0412]\u001b[0m\u001b[0m\u001b[1m: cannot find type `WithDispatch` in this scope\u001b[0m\n\u001b[0m   \u001b[0m\u001b[0m\u001b[1m\u001b[38;5;12m--> \u001b[0m\u001b[0m/Users/nicklopacki/.cargo/registry/src/index.crates.io-6f17d22bba15001f/tracing-0.1.40/src/instrument.rs:397:9\u001b[0m\n\u001b[0m    \u001b[0m\u001b[0m\u001b[1m\u001b[38;5;12m|\u001b[0m\n\u001b[0m\u001b[1m\u001b[38;5;12m397\u001b[0m\u001b[0m \u001b[0m\u001b[0m\u001b[1m\u001b[38;5;12m|\u001b[0m\u001b[0m \u001b[0m\u001b[0mimpl<T> WithDispatch<T> {\u001b[0m\n\u001b[0m    \u001b[0m\u001b[0m\u001b[1m\u001b[38;5;12m| \u001b[0m\u001b[0m        \u001b[0m\u001b[0m\u001b[1m\u001b[38;5;9m^^^^^^^^^^^^\u001b[0m\u001b[0m \u001b[0m\u001b[0m\u001b[1m\u001b[38;5;9mnot found in this scope\u001b[0m\n\n"}
{"$message_type":"diagnostic","message":"cannot find type `ValueSet` in module `field`","code":{"code":"E0412","explanation":"A used type name is not in scope.\n\nErroneous code examples:\n\n```compile_fail,E0412\nimpl Something {} // error: type name `Something` is not in scope\n\n// or:\n\ntrait Foo {\n    fn bar(N); // error: type name `N` is not in scope\n}\n\n// or:\n\nfn foo(x: T) {} // type name `T` is not in scope\n```\n\nTo fix this error, please verify you didn't misspell the type name, you did\ndeclare it or imported it into the scope. Examples:\n\n```\nstruct Something;\n\nimpl Something {} // ok!\n\n// or:\n\ntrait Foo {\n    type N;\n\n    fn bar(_: Self::N); // ok!\n}\n\n// or:\n\nfn foo<T>(x: T) {} // ok!\n```\n\nAnother case that causes this error is when a type is imported into a parent\nmodule. To fix this, you can follow the suggestion and use File directly or\n`use super::File;` which will import the types from the parent namespace. An\nexample that causes this error is below:\n\n```compile_fail,E0412\nuse std::fs::File;\n\nmod foo {\n    fn some_function(f: File) {}\n}\n```\n\n```\nuse std::fs::File;\n\nmod foo {\n    // either\n    use super::File;\n    // or\n    // use std::fs::File;\n    fn foo(f: File) {}\n}\n# fn main() {} // don't insert it for us; that'll break imports\n```\n"},"level":"error","spans":[{"file_name":"/Users/nicklopacki/.cargo/registry/src/index.crates.io-6f17d22bba15001f/tracing-0.1.40/src/span.rs","byte_start":17058,"byte_end":17066,"line_start":436,"line_end":436,"column_start":66,"column_end":74,"is_primary":true,"text":[{"text":"    pub fn new(meta: &'static Metadata<'static>, values: &field::ValueSet<'_>) -> Span {","highlight_start":66,"highlight_end":74}],"label":"not found in `field`","suggested_replacement":null,"suggestion_applicability":null,"expansion":null}],"children":[],"rendered":"\u001b[0m\u001b[1m\u001b[38;5;9merror[E0412]\u001b[0m\u001b[0m\u001b[1m: cannot find type `ValueSet` in module `field`\u001b[0m\n\u001b[0m   \u001b[0m\u001b[0m\u001b[1m\u001b[38;5;12m--> \u001b[0m\u001b[0m/Users/nicklopacki/.cargo/registry/src/index.crates.io-6f17d22bba15001f/tracing-0.1.40/src/span.rs:436:66\u001b[0m\n\u001b[0m    \u001b[0m\u001b[0m\u001b[1m\u001b[38;5;12m|\u001b[0m\n\u001b[0m\u001b[1m\u001b[38;5;12m436\u001b[0m\u001b[0m \u001b[0m\u001b[0m\u001b[1m\u001b[38;5;12m|\u001b[0m\u001b[0m \u001b[0m\u001b[0m    pub fn new(meta: &'static Metadata<'static>, values: &field::ValueSet<'_>) -> Span {\u001b[0m\n\u001b[0m    \u001b[0m\u001b[0m\u001b[1m\u001b[38;5;12m| \u001b[0m\u001b[0m                                                                 \u001b[0m\u001b[0m\u001b[1m\u001b[38;5;9m^^^^^^^^\u001b[0m\u001b[0m \u001b[0m\u001b[0m\u001b[1m\u001b[38;5;9mnot found in `field`\u001b[0m\n\n"}
{"$message_type":"diagnostic","message":"cannot find type `ValueSet` in module `field`","code":{"code":"E0412","explanation":"A used type name is not in scope.\n\nErroneous code examples:\n\n```compile_fail,E0412\nimpl Something {} // error: type name `Something` is not in scope\n\n// or:\n\ntrait Foo {\n    fn bar(N); // error: type name `N` is not in scope\n}\n\n// or:\n\nfn foo(x: T) {} // type name `T` is not in scope\n```\n\nTo fix this error, please verify you didn't misspell the type name, you did\ndeclare it or imported it into the scope. Examples:\n\n```\nstruct Something;\n\nimpl Something {} // ok!\n\n// or:\n\ntrait Foo {\n    type N;\n\n    fn bar(_: Self::N); // ok!\n}\n\n// or:\n\nfn foo<T>(x: T) {} // ok!\n```\n\nAnother case that causes this error is when a type is imported into a parent\nmodule. To fix this, you can follow the suggestion and use File directly or\n`use super::File;` which will import the types from the parent namespace. An\nexample that causes this error is below:\n\n```compile_fail,E0412\nuse std::fs::File;\n\nmod foo {\n    fn some_function(f: File) {}\n}\n```\n\n```\nuse std::fs::File;\n\nmod foo {\n    // either\n    use super::File;\n    // or\n    // use std::fs::File;\n    fn foo(f: File) {}\n}\n# fn main() {} // don't insert it for us; that'll break imports\n```\n"},"level":"error","spans":[{"file_name":"/Users/nicklopacki/.cargo/registry/src/index.crates.io-6f17d22bba15001f/tracing-0.1.40/src/span.rs","byte_start":17292,"byte_end":17300,"line_start":444,"line_end":444,"column_start":25,"column_end":33,"is_primary":true,"text":[{"text":"        values: &field::ValueSet<'_>,","highlight_start":25,"highlight_end":33}],"label":"not found in `field`","suggested_replacement":null,"suggestion_applicability":null,"expansion":null}],"children":[],"rendered":"\u001b[0m\u001b[1m\u001b[38;5;9merror[E0412]\u001b[0m\u001b[0m\u001b[1m: cannot find type `ValueSet` in module `field`\u001b[0m\n\u001b[0m   \u001b[0m\u001b[0m\u001b[1m\u001b[38;5;12m--> \u001b[0m\u001b[0m/Users/nicklopacki/.cargo/registry/src/index.crates.io-6f17d22bba15001f/tracing-0.1.40/src/span.rs:444:25\u001b[0m\n\u001b[0m    \u001b[0m\u001b[0m\u001b[1m\u001b[38;5;12m|\u001b[0m\n\u001b[0m\u001b[1m\u001b[38;5;12m444\u001b[0m\u001b[0m \u001b[0m\u001b[0m\u001b[1m\u001b[38;5;12m|\u001b[0m\u001b[0m \u001b[0m\u001b[0m        values: &field::ValueSet<'_>,\u001b[0m\n\u001b[0m    \u001b[0m\u001b[0m\u001b[1m\u001b[38;5;12m| \u001b[0m\u001b[0m                        \u001b[0m\u001b[0m\u001b[1m\u001b[38;5;9m^^^^^^^^\u001b[0m\u001b[0m \u001b[0m\u001b[0m\u001b[1m\u001b[38;5;9mnot found in `field`\u001b[0m\n\n"}
{"$message_type":"diagnostic","message":"cannot find type `ValueSet` in module `field`","code":{"code":"E0412","explanation":"A used type name is not in scope.\n\nErroneous code examples:\n\n```compile_fail,E0412\nimpl Something {} // error: type name `Something` is not in scope\n\n// or:\n\ntrait Foo {\n    fn bar(N); // error: type name `N` is not in scope\n}\n\n// or:\n\nfn foo(x: T) {} // type name `T` is not in scope\n```\n\nTo fix this error, please verify you didn't misspell the type name, you did\ndeclare it or imported it into the scope. Examples:\n\n```\nstruct Something;\n\nimpl Something {} // ok!\n\n// or:\n\ntrait Foo {\n    type N;\n\n    fn bar(_: Self::N); // ok!\n}\n\n// or:\n\nfn foo<T>(x: T) {} // ok!\n```\n\nAnother case that causes this error is when a type is imported into a parent\nmodule. To fix this, you can follow the suggestion and use File directly or\n`use super::File;` which will import the types from the parent namespace. An\nexample that causes this error is below:\n\n```compile_fail,E0412\nuse std::fs::File;\n\nmod foo {\n    fn some_function(f: File) {}\n}\n```\n\n```\nuse std::fs::File;\n\nmod foo {\n    // either\n    use super::File;\n    // or\n    // use std::fs::File;\n    fn foo(f: File) {}\n}\n# fn main() {} // don't insert it for us; that'll break imports\n```\n"},"level":"error","spans":[{"file_name":"/Users/nicklopacki/.cargo/registry/src/index.crates.io-6f17d22bba15001f/tracing-0.1.40/src/span.rs","byte_start":17929,"byte_end":17937,"line_start":460,"line_end":460,"column_start":71,"column_end":79,"is_primary":true,"text":[{"text":"    pub fn new_root(meta: &'static Metadata<'static>, values: &field::ValueSet<'_>) -> Span {","highlight_start":71,"highlight_end":79}],"label":"not found in `field`","suggested_replacement":null,"suggestion_applicability":null,"expansion":null}],"children":[],"rendered":"\u001b[0m\u001b[1m\u001b[38;5;9merror[E0412]\u001b[0m\u001b[0m\u001b[1m: cannot find type `ValueSet` in module `field`\u001b[0m\n\u001b[0m   \u001b[0m\u001b[0m\u001b[1m\u001b[38;5;12m--> \u001b[0m\u001b[0m/Users/nicklopacki/.cargo/registry/src/index.crates.io-6f17d22bba15001f/tracing-0.1.40/src/span.rs:460:71\u001b[0m\n\u001b[0m    \u001b[0m\u001b[0m\u001b[1m\u001b[38;5;12m|\u001b[0m\n\u001b[0m\u001b[1m\u001b[38;5;12m460\u001b[0m\u001b[0m \u001b[0m\u001b[0m\u001b[1m\u001b[38;5;12m|\u001b[0m\u001b[0m \u001b[0m\u001b[0m    pub fn new_root(meta: &'static Metadata<'static>, values: &field::ValueSet<'_>) -> Span {\u001b[0m\n\u001b[0m    \u001b[0m\u001b[0m\u001b[1m\u001b[38;5;12m| \u001b[0m\u001b[0m                                                                      \u001b[0m\u001b[0m\u001b[1m\u001b[38;5;9m^^^^^^^^\u001b[0m\u001b[0m \u001b[0m\u001b[0m\u001b[1m\u001b[38;5;9mnot found in `field`\u001b[0m\n\n"}
{"$message_type":"diagnostic","message":"cannot find type `ValueSet` in module `field`","code":{"code":"E0412","explanation":"A used type name is not in scope.\n\nErroneous code examples:\n\n```compile_fail,E0412\nimpl Something {} // error: type name `Something` is not in scope\n\n// or:\n\ntrait Foo {\n    fn bar(N); // error: type name `N` is not in scope\n}\n\n// or:\n\nfn foo(x: T) {} // type name `T` is not in scope\n```\n\nTo fix this error, please verify you didn't misspell the type name, you did\ndeclare it or imported it into the scope. Examples:\n\n```\nstruct Something;\n\nimpl Something {} // ok!\n\n// or:\n\ntrait Foo {\n    type N;\n\n    fn bar(_: Self::N); // ok!\n}\n\n// or:\n\nfn foo<T>(x: T) {} // ok!\n```\n\nAnother case that causes this error is when a type is imported into a parent\nmodule. To fix this, you can follow the suggestion and use File directly or\n`use super::File;` which will import the types from the parent namespace. An\nexample that causes this error is below:\n\n```compile_fail,E0412\nuse std::fs::File;\n\nmod foo {\n    fn some_function(f: File) {}\n}\n```\n\n```\nuse std::fs::File;\n\nmod foo {\n    // either\n    use super::File;\n    // or\n    // use std::fs::File;\n    fn foo(f: File) {}\n}\n# fn main() {} // don't insert it for us; that'll break imports\n```\n"},"level":"error","spans":[{"file_name":"/Users/nicklopacki/.cargo/registry/src/index.crates.io-6f17d22bba15001f/tracing-0.1.40/src/span.rs","byte_start":18173,"byte_end":18181,"line_start":468,"line_end":468,"column_start":25,"column_end":33,"is_primary":true,"text":[{"text":"        values: &field::ValueSet<'_>,","highlight_start":25,"highlight_end":33}],"label":"not found in `field`","suggested_replacement":null,"suggestion_applicability":null,"expansion":null}],"children":[],"rendered":"\u001b[0m\u001b[1m\u001b[38;5;9merror[E0412]\u001b[0m\u001b[0m\u001b[1m: cannot find type `ValueSet` in module `field`\u001b[0m\n\u001b[0m   \u001b[0m\u001b[0m\u001b[1m\u001b[38;5;12m--> \u001b[0m\u001b[0m/Users/nicklopacki/.cargo/registry/src/index.crates.io-6f17d22bba15001f/tracing-0.1.40/src/span.rs:468:25\u001b[0m\n\u001b[0m    \u001b[0m\u001b[0m\u001b[1m\u001b[38;5;12m|\u001b[0m\n\u001b[0m\u001b[1m\u001b[38;5;12m468\u001b[0m\u001b[0m \u001b[0m\u001b[0m\u001b[1m\u001b[38;5;12m|\u001b[0m\u001b[0m \u001b[0m\u001b[0m        values: &field::ValueSet<'_>,\u001b[0m\n\u001b[0m    \u001b[0m\u001b[0m\u001b[1m\u001b[38;5;12m| \u001b[0m\u001b[0m                        \u001b[0m\u001b[0m\u001b[1m\u001b[38;5;9m^^^^^^^^\u001b[0m\u001b[0m \u001b[0m\u001b[0m\u001b[1m\u001b[38;5;9mnot found in `field`\u001b[0m\n\n"}
{"$message_type":"diagnostic","message":"cannot find type `ValueSet` in module `field`","code":{"code":"E0412","explanation":"A used type name is not in scope.\n\nErroneous code examples:\n\n```compile_fail,E0412\nimpl Something {} // error: type name `Something` is not in scope\n\n// or:\n\ntrait Foo {\n    fn bar(N); // error: type name `N` is not in scope\n}\n\n// or:\n\nfn foo(x: T) {} // type name `T` is not in scope\n```\n\nTo fix this error, please verify you didn't misspell the type name, you did\ndeclare it or imported it into the scope. Examples:\n\n```\nstruct Something;\n\nimpl Something {} // ok!\n\n// or:\n\ntrait Foo {\n    type N;\n\n    fn bar(_: Self::N); // ok!\n}\n\n// or:\n\nfn foo<T>(x: T) {} // ok!\n```\n\nAnother case that causes this error is when a type is imported into a parent\nmodule. To fix this, you can follow the suggestion and use File directly or\n`use super::File;` which will import the types from the parent namespace. An\nexample that causes this error is below:\n\n```compile_fail,E0412\nuse std::fs::File;\n\nmod foo {\n    fn some_function(f: File) {}\n}\n```\n\n```\nuse std::fs::File;\n\nmod foo {\n    // either\n    use super::File;\n    // or\n    // use std::fs::File;\n    fn foo(f: File) {}\n}\n# fn main() {} // don't insert it for us; that'll break imports\n```\n"},"level":"error","spans":[{"file_name":"/Users/nicklopacki/.cargo/registry/src/index.crates.io-6f17d22bba15001f/tracing-0.1.40/src/span.rs","byte_start":18871,"byte_end":18879,"line_start":487,"line_end":487,"column_start":25,"column_end":33,"is_primary":true,"text":[{"text":"        values: &field::ValueSet<'_>,","highlight_start":25,"highlight_end":33}],"label":"not found in `field`","suggested_replacement":null,"suggestion_applicability":null,"expansion":null}],"children":[],"rendered":"\u001b[0m\u001b[1m\u001b[38;5;9merror[E0412]\u001b[0m\u001b[0m\u001b[1m: cannot find type `ValueSet` in module `field`\u001b[0m\n\u001b[0m   \u001b[0m\u001b[0m\u001b[1m\u001b[38;5;12m--> \u001b[0m\u001b[0m/Users/nicklopacki/.cargo/registry/src/index.crates.io-6f17d22bba15001f/tracing-0.1.40/src/span.rs:487:25\u001b[0m\n\u001b[0m    \u001b[0m\u001b[0m\u001b[1m\u001b[38;5;12m|\u001b[0m\n\u001b[0m\u001b[1m\u001b[38;5;12m487\u001b[0m\u001b[0m \u001b[0m\u001b[0m\u001b[1m\u001b[38;5;12m|\u001b[0m\u001b[0m \u001b[0m\u001b[0m        values: &field::ValueSet<'_>,\u001b[0m\n\u001b[0m    \u001b[0m\u001b[0m\u001b[1m\u001b[38;5;12m| \u001b[0m\u001b[0m                        \u001b[0m\u001b[0m\u001b[1m\u001b[38;5;9m^^^^^^^^\u001b[0m\u001b[0m \u001b[0m\u001b[0m\u001b[1m\u001b[38;5;9mnot found in `field`\u001b[0m\n\n"}
{"$message_type":"diagnostic","message":"cannot find type `ValueSet` in module `field`","code":{"code":"E0412","explanation":"A used type name is not in scope.\n\nErroneous code examples:\n\n```compile_fail,E0412\nimpl Something {} // error: type name `Something` is not in scope\n\n// or:\n\ntrait Foo {\n    fn bar(N); // error: type name `N` is not in scope\n}\n\n// or:\n\nfn foo(x: T) {} // type name `T` is not in scope\n```\n\nTo fix this error, please verify you didn't misspell the type name, you did\ndeclare it or imported it into the scope. Examples:\n\n```\nstruct Something;\n\nimpl Something {} // ok!\n\n// or:\n\ntrait Foo {\n    type N;\n\n    fn bar(_: Self::N); // ok!\n}\n\n// or:\n\nfn foo<T>(x: T) {} // ok!\n```\n\nAnother case that causes this error is when a type is imported into a parent\nmodule. To fix this, you can follow the suggestion and use File directly or\n`use super::File;` which will import the types from the parent namespace. An\nexample that causes this error is below:\n\n```compile_fail,E0412\nuse std::fs::File;\n\nmod foo {\n    fn some_function(f: File) {}\n}\n```\n\n```\nuse std::fs::File;\n\nmod foo {\n    // either\n    use super::File;\n    // or\n    // use std::fs::File;\n    fn foo(f: File) {}\n}\n# fn main() {} // don't insert it for us; that'll break imports\n```\n"},"level":"error","spans":[{"file_name":"/Users/nicklopacki/.cargo/registry/src/index.crates.io-6f17d22bba15001f/tracing-0.1.40/src/span.rs","byte_start":19256,"byte_end":19264,"line_start":500,"line_end":500,"column_start":25,"column_end":33,"is_primary":true,"text":[{"text":"        values: &field::ValueSet<'_>,","highlight_start":25,"highlight_end":33}],"label":"not found in `field`","suggested_replacement":null,"suggestion_applicability":null,"expansion":null}],"children":[],"rendered":"\u001b[0m\u001b[1m\u001b[38;5;9merror[E0412]\u001b[0m\u001b[0m\u001b[1m: cannot find type `ValueSet` in module `field`\u001b[0m\n\u001b[0m   \u001b[0m\u001b[0m\u001b[1m\u001b[38;5;12m--> \u001b[0m\u001b[0m/Users/nicklopacki/.cargo/registry/src/index.crates.io-6f17d22bba15001f/tracing-0.1.40/src/span.rs:500:25\u001b[0m\n\u001b[0m    \u001b[0m\u001b[0m\u001b[1m\u001b[38;5;12m|\u001b[0m\n\u001b[0m\u001b[1m\u001b[38;5;12m500\u001b[0m\u001b[0m \u001b[0m\u001b[0m\u001b[1m\u001b[38;5;12m|\u001b[0m\u001b[0m \u001b[0m\u001b[0m        values: &field::ValueSet<'_>,\u001b[0m\n\u001b[0m    \u001b[0m\u001b[0m\u001b[1m\u001b[38;5;12m| \u001b[0m\u001b[0m                        \u001b[0m\u001b[0m\u001b[1m\u001b[38;5;9m^^^^^^^^\u001b[0m\u001b[0m \u001b[0m\u001b[0m\u001b[1m\u001b[38;5;9mnot found in `field`\u001b[0m\n\n"}
{"$message_type":"diagnostic","message":"cannot find type `Field` in module `field`","code":{"code":"E0412","explanation":"A used type name is not in scope.\n\nErroneous code examples:\n\n```compile_fail,E0412\nimpl Something {} // error: type name `Something` is not in scope\n\n// or:\n\ntrait Foo {\n    fn bar(N); // error: type name `N` is not in scope\n}\n\n// or:\n\nfn foo(x: T) {} // type name `T` is not in scope\n```\n\nTo fix this error, please verify you didn't misspell the type name, you did\ndeclare it or imported it into the scope. Examples:\n\n```\nstruct Something;\n\nimpl Something {} // ok!\n\n// or:\n\ntrait Foo {\n    type N;\n\n    fn bar(_: Self::N); // ok!\n}\n\n// or:\n\nfn foo<T>(x: T) {} // ok!\n```\n\nAnother case that causes this error is when a type is imported into a parent\nmodule. To fix this, you can follow the suggestion and use File directly or\n`use super::File;` which will import the types from the parent namespace. An\nexample that causes this error is below:\n\n```compile_fail,E0412\nuse std::fs::File;\n\nmod foo {\n    fn some_function(f: File) {}\n}\n```\n\n```\nuse std::fs::File;\n\nmod foo {\n    // either\n    use super::File;\n    // or\n    // use std::fs::File;\n    fn foo(f: File) {}\n}\n# fn main() {} // don't insert it for us; that'll break imports\n```\n"},"level":"error","spans":[{"file_name":"/Users/nicklopacki/.cargo/registry/src/index.crates.io-6f17d22bba15001f/tracing-0.1.40/src/span.rs","byte_start":40504,"byte_end":40509,"line_start":1107,"line_end":1107,"column_start":64,"column_end":69,"is_primary":true,"text":[{"text":"    pub fn field<Q: ?Sized>(&self, field: &Q) -> Option<field::Field>","highlight_start":64,"highlight_end":69}],"label":"not found in `field`","suggested_replacement":null,"suggestion_applicability":null,"expansion":null}],"children":[],"rendered":"\u001b[0m\u001b[1m\u001b[38;5;9merror[E0412]\u001b[0m\u001b[0m\u001b[1m: cannot find type `Field` in module `field`\u001b[0m\n\u001b[0m    \u001b[0m\u001b[0m\u001b[1m\u001b[38;5;12m--> \u001b[0m\u001b[0m/Users/nicklopacki/.cargo/registry/src/index.crates.io-6f17d22bba15001f/tracing-0.1.40/src/span.rs:1107:64\u001b[0m\n\u001b[0m     \u001b[0m\u001b[0m\u001b[1m\u001b[38;5;12m|\u001b[0m\n\u001b[0m\u001b[1m\u001b[38;5;12m1107\u001b[0m\u001b[0m \u001b[0m\u001b[0m\u001b[1m\u001b[38;5;12m|\u001b[0m\u001b[0m \u001b[0m\u001b[0m    pub fn field<Q: ?Sized>(&self, field: &Q) -> Option<field::Field>\u001b[0m\n\u001b[0m     \u001b[0m\u001b[0m\u001b[1m\u001b[38;5;12m| \u001b[0m\u001b[0m                                                               \u001b[0m\u001b[0m\u001b[1m\u001b[38;5;9m^^^^^\u001b[0m\u001b[0m \u001b[0m\u001b[0m\u001b[1m\u001b[38;5;9mnot found in `field`\u001b[0m\n\n"}
{"$message_type":"diagnostic","message":"cannot find trait `Value` in module `field`","code":{"code":"E0405","explanation":"The code refers to a trait that is not in scope.\n\nErroneous code example:\n\n```compile_fail,E0405\nstruct Foo;\n\nimpl SomeTrait for Foo {} // error: trait `SomeTrait` is not in scope\n```\n\nPlease verify that the name of the trait wasn't misspelled and ensure that it\nwas imported. Example:\n\n```\n# #[cfg(for_demonstration_only)]\n// solution 1:\nuse some_file::SomeTrait;\n\n// solution 2:\ntrait SomeTrait {\n    // some functions\n}\n\nstruct Foo;\n\nimpl SomeTrait for Foo { // ok!\n    // implements functions\n}\n```\n"},"level":"error","spans":[{"file_name":"/Users/nicklopacki/.cargo/registry/src/index.crates.io-6f17d22bba15001f/tracing-0.1.40/src/span.rs","byte_start":44085,"byte_end":44090,"line_start":1197,"line_end":1197,"column_start":19,"column_end":24,"is_primary":true,"text":[{"text":"        V: field::Value,","highlight_start":19,"highlight_end":24}],"label":"not found in `field`","suggested_replacement":null,"suggestion_applicability":null,"expansion":null}],"children":[],"rendered":"\u001b[0m\u001b[1m\u001b[38;5;9merror[E0405]\u001b[0m\u001b[0m\u001b[1m: cannot find trait `Value` in module `field`\u001b[0m\n\u001b[0m    \u001b[0m\u001b[0m\u001b[1m\u001b[38;5;12m--> \u001b[0m\u001b[0m/Users/nicklopacki/.cargo/registry/src/index.crates.io-6f17d22bba15001f/tracing-0.1.40/src/span.rs:1197:19\u001b[0m\n\u001b[0m     \u001b[0m\u001b[0m\u001b[1m\u001b[38;5;12m|\u001b[0m\n\u001b[0m\u001b[1m\u001b[38;5;12m1197\u001b[0m\u001b[0m \u001b[0m\u001b[0m\u001b[1m\u001b[38;5;12m|\u001b[0m\u001b[0m \u001b[0m\u001b[0m        V: field::Value,\u001b[0m\n\u001b[0m     \u001b[0m\u001b[0m\u001b[1m\u001b[38;5;12m| \u001b[0m\u001b[0m                  \u001b[0m\u001b[0m\u001b[1m\u001b[38;5;9m^^^^^\u001b[0m\u001b[0m \u001b[0m\u001b[0m\u001b[1m\u001b[38;5;9mnot found in `field`\u001b[0m\n\n"}
{"$message_type":"diagnostic","message":"cannot find trait `Value` in module `field`","code":{"code":"E0405","explanation":"The code refers to a trait that is not in scope.\n\nErroneous code example:\n\n```compile_fail,E0405\nstruct Foo;\n\nimpl SomeTrait for Foo {} // error: trait `SomeTrait` is not in scope\n```\n\nPlease verify that the name of the trait wasn't misspelled and ensure that it\nwas imported. Example:\n\n```\n# #[cfg(for_demonstration_only)]\n// solution 1:\nuse some_file::SomeTrait;\n\n// solution 2:\ntrait SomeTrait {\n    // some functions\n}\n\nstruct Foo;\n\nimpl SomeTrait for Foo { // ok!\n    // implements functions\n}\n```\n"},"level":"error","spans":[{"file_name":"/Users/nicklopacki/.cargo/registry/src/index.crates.io-6f17d22bba15001f/tracing-0.1.40/src/span.rs","byte_start":44360,"byte_end":44365,"line_start":1204,"line_end":1204,"column_start":74,"column_end":79,"is_primary":true,"text":[{"text":"                        .value_set(&[(&field, Some(&value as &dyn field::Value))]),","highlight_start":74,"highlight_end":79}],"label":"not found in `field`","suggested_replacement":null,"suggestion_applicability":null,"expansion":null}],"children":[],"rendered":"\u001b[0m\u001b[1m\u001b[38;5;9merror[E0405]\u001b[0m\u001b[0m\u001b[1m: cannot find trait `Value` in module `field`\u001b[0m\n\u001b[0m    \u001b[0m\u001b[0m\u001b[1m\u001b[38;5;12m--> \u001b[0m\u001b[0m/Users/nicklopacki/.cargo/registry/src/index.crates.io-6f17d22bba15001f/tracing-0.1.40/src/span.rs:1204:74\u001b[0m\n\u001b[0m     \u001b[0m\u001b[0m\u001b[1m\u001b[38;5;12m|\u001b[0m\n\u001b[0m\u001b[1m\u001b[38;5;12m1204\u001b[0m\u001b[0m \u001b[0m\u001b[0m\u001b[1m\u001b[38;5;12m|\u001b[0m\u001b[0m \u001b[0m\u001b[0m                        .value_set(&[(&field, Some(&value as &dyn field::Value))]),\u001b[0m\n\u001b[0m     \u001b[0m\u001b[0m\u001b[1m\u001b[38;5;12m| \u001b[0m\u001b[0m                                                                         \u001b[0m\u001b[0m\u001b[1m\u001b[38;5;9m^^^^^\u001b[0m\u001b[0m \u001b[0m\u001b[0m\u001b[1m\u001b[38;5;9mnot found in `field`\u001b[0m\n\n"}
{"$message_type":"diagnostic","message":"cannot find type `ValueSet` in module `field`","code":{"code":"E0412","explanation":"A used type name is not in scope.\n\nErroneous code examples:\n\n```compile_fail,E0412\nimpl Something {} // error: type name `Something` is not in scope\n\n// or:\n\ntrait Foo {\n    fn bar(N); // error: type name `N` is not in scope\n}\n\n// or:\n\nfn foo(x: T) {} // type name `T` is not in scope\n```\n\nTo fix this error, please verify you didn't misspell the type name, you did\ndeclare it or imported it into the scope. Examples:\n\n```\nstruct Something;\n\nimpl Something {} // ok!\n\n// or:\n\ntrait Foo {\n    type N;\n\n    fn bar(_: Self::N); // ok!\n}\n\n// or:\n\nfn foo<T>(x: T) {} // ok!\n```\n\nAnother case that causes this error is when a type is imported into a parent\nmodule. To fix this, you can follow the suggestion and use File directly or\n`use super::File;` which will import the types from the parent namespace. An\nexample that causes this error is below:\n\n```compile_fail,E0412\nuse std::fs::File;\n\nmod foo {\n    fn some_function(f: File) {}\n}\n```\n\n```\nuse std::fs::File;\n\nmod foo {\n    // either\n    use super::File;\n    // or\n    // use std::fs::File;\n    fn foo(f: File) {}\n}\n# fn main() {} // don't insert it for us; that'll break imports\n```\n"},"level":"error","spans":[{"file_name":"/Users/nicklopacki/.cargo/registry/src/index.crates.io-6f17d22bba15001f/tracing-0.1.40/src/span.rs","byte_start":44539,"byte_end":44547,"line_start":1213,"line_end":1213,"column_start":46,"column_end":54,"is_primary":true,"text":[{"text":"    pub fn record_all(&self, values: &field::ValueSet<'_>) -> &Self {","highlight_start":46,"highlight_end":54}],"label":"not found in `field`","suggested_replacement":null,"suggestion_applicability":null,"expansion":null}],"children":[],"rendered":"\u001b[0m\u001b[1m\u001b[38;5;9merror[E0412]\u001b[0m\u001b[0m\u001b[1m: cannot find type `ValueSet` in module `field`\u001b[0m\n\u001b[0m    \u001b[0m\u001b[0m\u001b[1m\u001b[38;5;12m--> \u001b[0m\u001b[0m/Users/nicklopacki/.cargo/registry/src/index.crates.io-6f17d22bba15001f/tracing-0.1.40/src/span.rs:1213:46\u001b[0m\n\u001b[0m     \u001b[0m\u001b[0m\u001b[1m\u001b[38;5;12m|\u001b[0m\n\u001b[0m\u001b[1m\u001b[38;5;12m1213\u001b[0m\u001b[0m \u001b[0m\u001b[0m\u001b[1m\u001b[38;5;12m|\u001b[0m\u001b[0m \u001b[0m\u001b[0m    pub fn record_all(&self, values: &field::ValueSet<'_>) -> &Self {\u001b[0m\n\u001b[0m     \u001b[0m\u001b[0m\u001b[1m\u001b[38;5;12m| \u001b[0m\u001b[0m                                             \u001b[0m\u001b[0m\u001b[1m\u001b[38;5;9m^^^^^^^^\u001b[0m\u001b[0m \u001b[0m\u001b[0m\u001b[1m\u001b[38;5;9mnot found in `field`\u001b[0m\n\n"}
{"$message_type":"diagnostic","message":"cannot find trait `Subscriber` in this scope","code":{"code":"E0405","explanation":"The code refers to a trait that is not in scope.\n\nErroneous code example:\n\n```compile_fail,E0405\nstruct Foo;\n\nimpl SomeTrait for Foo {} // error: trait `SomeTrait` is not in scope\n```\n\nPlease verify that the name of the trait wasn't misspelled and ensure that it\nwas imported. Example:\n\n```\n# #[cfg(for_demonstration_only)]\n// solution 1:\nuse some_file::SomeTrait;\n\n// solution 2:\ntrait SomeTrait {\n    // some functions\n}\n\nstruct Foo;\n\nimpl SomeTrait for Foo { // ok!\n    // implements functions\n}\n```\n"},"level":"error","spans":[{"file_name":"/Users/nicklopacki/.cargo/registry/src/index.crates.io-6f17d22bba15001f/tracing-0.1.40/src/subscriber.rs","byte_start":661,"byte_end":671,"line_start":22,"line_end":22,"column_start":8,"column_end":18,"is_primary":true,"text":[{"text":"    S: Subscriber + Send + Sync + 'static,","highlight_start":8,"highlight_end":18}],"label":"not found in this scope","suggested_replacement":null,"suggestion_applicability":null,"expansion":null}],"children":[],"rendered":"\u001b[0m\u001b[1m\u001b[38;5;9merror[E0405]\u001b[0m\u001b[0m\u001b[1m: cannot find trait `Subscriber` in this scope\u001b[0m\n\u001b[0m  \u001b[0m\u001b[0m\u001b[1m\u001b[38;5;12m--> \u001b[0m\u001b[0m/Users/nicklopacki/.cargo/registry/src/index.crates.io-6f17d22bba15001f/tracing-0.1.40/src/subscriber.rs:22:8\u001b[0m\n\u001b[0m   \u001b[0m\u001b[0m\u001b[1m\u001b[38;5;12m|\u001b[0m\n\u001b[0m\u001b[1m\u001b[38;5;12m22\u001b[0m\u001b[0m \u001b[0m\u001b[0m\u001b[1m\u001b[38;5;12m|\u001b[0m\u001b[0m \u001b[0m\u001b[0m    S: Subscriber + Send + Sync + 'static,\u001b[0m\n\u001b[0m   \u001b[0m\u001b[0m\u001b[1m\u001b[38;5;12m| \u001b[0m\u001b[0m       \u001b[0m\u001b[0m\u001b[1m\u001b[38;5;9m^^^^^^^^^^\u001b[0m\u001b[0m \u001b[0m\u001b[0m\u001b[1m\u001b[38;5;9mnot found in this scope\u001b[0m\n\n"}
{"$message_type":"diagnostic","message":"cannot find trait `Subscriber` in this scope","code":{"code":"E0405","explanation":"The code refers to a trait that is not in scope.\n\nErroneous code example:\n\n```compile_fail,E0405\nstruct Foo;\n\nimpl SomeTrait for Foo {} // error: trait `SomeTrait` is not in scope\n```\n\nPlease verify that the name of the trait wasn't misspelled and ensure that it\nwas imported. Example:\n\n```\n# #[cfg(for_demonstration_only)]\n// solution 1:\nuse some_file::SomeTrait;\n\n// solution 2:\ntrait SomeTrait {\n    // some functions\n}\n\nstruct Foo;\n\nimpl SomeTrait for Foo { // ok!\n    // implements functions\n}\n```\n"},"level":"error","spans":[{"file_name":"/Users/nicklopacki/.cargo/registry/src/index.crates.io-6f17d22bba15001f/tracing-0.1.40/src/subscriber.rs","byte_start":1458,"byte_end":1468,"line_start":41,"line_end":41,"column_start":8,"column_end":18,"is_primary":true,"text":[{"text":"    S: Subscriber + Send + Sync + 'static,","highlight_start":8,"highlight_end":18}],"label":"not found in this scope","suggested_replacement":null,"suggestion_applicability":null,"expansion":null}],"children":[],"rendered":"\u001b[0m\u001b[1m\u001b[38;5;9merror[E0405]\u001b[0m\u001b[0m\u001b[1m: cannot find trait `Subscriber` in this scope\u001b[0m\n\u001b[0m  \u001b[0m\u001b[0m\u001b[1m\u001b[38;5;12m--> \u001b[0m\u001b[0m/Users/nicklopacki/.cargo/registry/src/index.crates.io-6f17d22bba15001f/tracing-0.1.40/src/subscriber.rs:41:8\u001b[0m\n\u001b[0m   \u001b[0m\u001b[0m\u001b[1m\u001b[38;5;12m|\u001b[0m\n\u001b[0m\u001b[1m\u001b[38;5;12m41\u001b[0m\u001b[0m \u001b[0m\u001b[0m\u001b[1m\u001b[38;5;12m|\u001b[0m\u001b[0m \u001b[0m\u001b[0m    S: Subscriber + Send + Sync + 'static,\u001b[0m\n\u001b[0m   \u001b[0m\u001b[0m\u001b[1m\u001b[38;5;12m| \u001b[0m\u001b[0m       \u001b[0m\u001b[0m\u001b[1m\u001b[38;5;9m^^^^^^^^^^\u001b[0m\u001b[0m \u001b[0m\u001b[0m\u001b[1m\u001b[38;5;9mnot found in this scope\u001b[0m\n\n"}
{"$message_type":"diagnostic","message":"cannot find trait `Subscriber` in this scope","code":{"code":"E0405","explanation":"The code refers to a trait that is not in scope.\n\nErroneous code example:\n\n```compile_fail,E0405\nstruct Foo;\n\nimpl SomeTrait for Foo {} // error: trait `SomeTrait` is not in scope\n```\n\nPlease verify that the name of the trait wasn't misspelled and ensure that it\nwas imported. Example:\n\n```\n# #[cfg(for_demonstration_only)]\n// solution 1:\nuse some_file::SomeTrait;\n\n// solution 2:\ntrait SomeTrait {\n    // some functions\n}\n\nstruct Foo;\n\nimpl SomeTrait for Foo { // ok!\n    // implements functions\n}\n```\n"},"level":"error","spans":[{"file_name":"/Users/nicklopacki/.cargo/registry/src/index.crates.io-6f17d22bba15001f/tracing-0.1.40/src/subscriber.rs","byte_start":2169,"byte_end":2179,"line_start":60,"line_end":60,"column_start":8,"column_end":18,"is_primary":true,"text":[{"text":"    S: Subscriber + Send + Sync + 'static,","highlight_start":8,"highlight_end":18}],"label":"not found in this scope","suggested_replacement":null,"suggestion_applicability":null,"expansion":null}],"children":[],"rendered":"\u001b[0m\u001b[1m\u001b[38;5;9merror[E0405]\u001b[0m\u001b[0m\u001b[1m: cannot find trait `Subscriber` in this scope\u001b[0m\n\u001b[0m  \u001b[0m\u001b[0m\u001b[1m\u001b[38;5;12m--> \u001b[0m\u001b[0m/Users/nicklopacki/.cargo/registry/src/index.crates.io-6f17d22bba15001f/tracing-0.1.40/src/subscriber.rs:60:8\u001b[0m\n\u001b[0m   \u001b[0m\u001b[0m\u001b[1m\u001b[38;5;12m|\u001b[0m\n\u001b[0m\u001b[1m\u001b[38;5;12m60\u001b[0m\u001b[0m \u001b[0m\u001b[0m\u001b[1m\u001b[38;5;12m|\u001b[0m\u001b[0m \u001b[0m\u001b[0m    S: Subscriber + Send + Sync + 'static,\u001b[0m\n\u001b[0m   \u001b[0m\u001b[0m\u001b[1m\u001b[38;5;12m| \u001b[0m\u001b[0m       \u001b[0m\u001b[0m\u001b[1m\u001b[38;5;9m^^^^^^^^^^\u001b[0m\u001b[0m \u001b[0m\u001b[0m\u001b[1m\u001b[38;5;9mnot found in this scope\u001b[0m\n\n"}
{"$message_type":"diagnostic","message":"aborting due to 54 previous errors","code":null,"level":"error","spans":[],"children":[],"rendered":"\u001b[0m\u001b[1m\u001b[38;5;9merror\u001b[0m\u001b[0m\u001b[1m: aborting due to 54 previous errors\u001b[0m\n\n"}
{"$message_type":"diagnostic","message":"Some errors have detailed explanations: E0405, E0412, E0422, E0432, E0514.","code":null,"level":"failure-note","spans":[],"children":[],"rendered":"\u001b[0m\u001b[1mSome errors have detailed explanations: E0405, E0412, E0422, E0432, E0514.\u001b[0m\n"}
{"$message_type":"diagnostic","message":"For more information about an error, try `rustc --explain E0405`.","code":null,"level":"failure-note","spans":[],"children":[],"rendered":"\u001b[0m\u001b[1mFor more information about an error, try `rustc --explain E0405`.\u001b[0m\n"}
